{'name': 'OwnBaselineCNN_low_lr_32_batch_size_normalized', 'epochs': 50, 'learning_rate': 1e-05, 'lr_decay_milestones': [100], 'lr_decay_gamma': 1, 'loss_function': MSELoss(), 'optimizer': <class 'torch.optim.adam.Adam'>, 'use_rotation_data': True, 'output_size': 126, 'shuffle': True, 'batch_size': 32, 'normalize': True}

Start training of model: OwnBaselineCNN_low_lr_32_batch_size_normalized

Starting epoch 1/50
    Train loss after mini-batch   100: 4.466
    Train loss after mini-batch   200: 2.827
    Train loss after mini-batch   300: 2.243
    Train loss after mini-batch   400: 1.938
    Train loss after mini-batch   500: 1.748
    Train loss after mini-batch   600: 1.618
    Train loss after mini-batch   700: 1.518
    Train loss after mini-batch   800: 1.440
    Train loss after mini-batch   900: 1.382
    Train loss after mini-batch  1000: 1.331
    Train loss after mini-batch  1100: 1.285
    Train loss after mini-batch  1200: 1.250
    Train loss after mini-batch  1300: 1.219
    Train loss after mini-batch  1400: 1.190
    Train loss after mini-batch  1500: 1.164
    Train loss after mini-batch  1600: 1.141
    Train loss after mini-batch  1700: 1.122
    Train loss after mini-batch  1800: 1.104
    Train loss after mini-batch  1900: 1.088
    Train loss after mini-batch  2000: 1.072
    Train loss after mini-batch  2100: 1.059
    Train loss after mini-batch  2200: 1.045
    Train loss after mini-batch  2300: 1.033
    Train loss after mini-batch  2400: 1.021
    Train loss after mini-batch  2500: 1.010
    Train loss after mini-batch  2600: 1.000
    Train loss after mini-batch  2700: 0.990
    Train loss after mini-batch  2800: 0.981
    Train loss after mini-batch  2900: 0.972
    Train loss after mini-batch  3000: 0.964
    Train loss after mini-batch  3100: 0.956
    Train loss after mini-batch  3200: 0.948
    Train loss after mini-batch  3300: 0.941
    Train loss after mini-batch  3400: 0.934
    Train loss after mini-batch  3500: 0.928
    Train loss after mini-batch  3600: 0.921
    Train loss after mini-batch  3700: 0.915
    Train loss after mini-batch  3800: 0.910
    Train loss after mini-batch  3900: 0.904
    Train loss after mini-batch  4000: 0.897
    Train loss after mini-batch  4100: 0.892
Epoch: 1/50, Train Loss: 0.89164786, Val Loss: 0.80416562

Starting epoch 2/50
    Train loss after mini-batch   100: 0.662
    Train loss after mini-batch   200: 0.660
    Train loss after mini-batch   300: 0.657
    Train loss after mini-batch   400: 0.655
    Train loss after mini-batch   500: 0.651
    Train loss after mini-batch   600: 0.655
    Train loss after mini-batch   700: 0.649
    Train loss after mini-batch   800: 0.644
    Train loss after mini-batch   900: 0.641
    Train loss after mini-batch  1000: 0.640
    Train loss after mini-batch  1100: 0.640
    Train loss after mini-batch  1200: 0.636
    Train loss after mini-batch  1300: 0.634
    Train loss after mini-batch  1400: 0.632
    Train loss after mini-batch  1500: 0.630
    Train loss after mini-batch  1600: 0.628
    Train loss after mini-batch  1700: 0.627
    Train loss after mini-batch  1800: 0.624
    Train loss after mini-batch  1900: 0.622
    Train loss after mini-batch  2000: 0.620
    Train loss after mini-batch  2100: 0.619
    Train loss after mini-batch  2200: 0.617
    Train loss after mini-batch  2300: 0.616
    Train loss after mini-batch  2400: 0.614
    Train loss after mini-batch  2500: 0.612
    Train loss after mini-batch  2600: 0.610
    Train loss after mini-batch  2700: 0.609
    Train loss after mini-batch  2800: 0.608
    Train loss after mini-batch  2900: 0.606
    Train loss after mini-batch  3000: 0.604
    Train loss after mini-batch  3100: 0.603
    Train loss after mini-batch  3200: 0.601
    Train loss after mini-batch  3300: 0.599
    Train loss after mini-batch  3400: 0.598
    Train loss after mini-batch  3500: 0.596
    Train loss after mini-batch  3600: 0.595
    Train loss after mini-batch  3700: 0.593
    Train loss after mini-batch  3800: 0.591
    Train loss after mini-batch  3900: 0.590
    Train loss after mini-batch  4000: 0.588
    Train loss after mini-batch  4100: 0.587
Epoch: 2/50, Train Loss: 0.58717491, Val Loss: 0.69779639

Starting epoch 3/50
    Train loss after mini-batch   100: 0.522
    Train loss after mini-batch   200: 0.517
    Train loss after mini-batch   300: 0.512
    Train loss after mini-batch   400: 0.514
    Train loss after mini-batch   500: 0.515
    Train loss after mini-batch   600: 0.514
    Train loss after mini-batch   700: 0.513
    Train loss after mini-batch   800: 0.512
    Train loss after mini-batch   900: 0.510
    Train loss after mini-batch  1000: 0.510
    Train loss after mini-batch  1100: 0.509
    Train loss after mini-batch  1200: 0.508
    Train loss after mini-batch  1300: 0.508
    Train loss after mini-batch  1400: 0.506
    Train loss after mini-batch  1500: 0.505
    Train loss after mini-batch  1600: 0.504
    Train loss after mini-batch  1700: 0.504
    Train loss after mini-batch  1800: 0.503
    Train loss after mini-batch  1900: 0.502
    Train loss after mini-batch  2000: 0.500
    Train loss after mini-batch  2100: 0.499
    Train loss after mini-batch  2200: 0.498
    Train loss after mini-batch  2300: 0.497
    Train loss after mini-batch  2400: 0.496
    Train loss after mini-batch  2500: 0.496
    Train loss after mini-batch  2600: 0.495
    Train loss after mini-batch  2700: 0.493
    Train loss after mini-batch  2800: 0.493
    Train loss after mini-batch  2900: 0.492
    Train loss after mini-batch  3000: 0.490
    Train loss after mini-batch  3100: 0.489
    Train loss after mini-batch  3200: 0.488
    Train loss after mini-batch  3300: 0.487
    Train loss after mini-batch  3400: 0.487
    Train loss after mini-batch  3500: 0.486
    Train loss after mini-batch  3600: 0.484
    Train loss after mini-batch  3700: 0.484
    Train loss after mini-batch  3800: 0.483
    Train loss after mini-batch  3900: 0.482
    Train loss after mini-batch  4000: 0.481
    Train loss after mini-batch  4100: 0.480
Epoch: 3/50, Train Loss: 0.47980517, Val Loss: 0.66291669

Starting epoch 4/50
    Train loss after mini-batch   100: 0.431
    Train loss after mini-batch   200: 0.429
    Train loss after mini-batch   300: 0.431
    Train loss after mini-batch   400: 0.428
    Train loss after mini-batch   500: 0.425
    Train loss after mini-batch   600: 0.424
    Train loss after mini-batch   700: 0.421
    Train loss after mini-batch   800: 0.420
    Train loss after mini-batch   900: 0.420
    Train loss after mini-batch  1000: 0.420
    Train loss after mini-batch  1100: 0.420
    Train loss after mini-batch  1200: 0.419
    Train loss after mini-batch  1300: 0.419
    Train loss after mini-batch  1400: 0.418
    Train loss after mini-batch  1500: 0.417
    Train loss after mini-batch  1600: 0.416
    Train loss after mini-batch  1700: 0.416
    Train loss after mini-batch  1800: 0.416
    Train loss after mini-batch  1900: 0.415
    Train loss after mini-batch  2000: 0.415
    Train loss after mini-batch  2100: 0.415
    Train loss after mini-batch  2200: 0.414
    Train loss after mini-batch  2300: 0.413
    Train loss after mini-batch  2400: 0.413
    Train loss after mini-batch  2500: 0.412
    Train loss after mini-batch  2600: 0.412
    Train loss after mini-batch  2700: 0.413
    Train loss after mini-batch  2800: 0.412
    Train loss after mini-batch  2900: 0.412
    Train loss after mini-batch  3000: 0.411
    Train loss after mini-batch  3100: 0.410
    Train loss after mini-batch  3200: 0.410
    Train loss after mini-batch  3300: 0.410
    Train loss after mini-batch  3400: 0.409
    Train loss after mini-batch  3500: 0.409
    Train loss after mini-batch  3600: 0.408
    Train loss after mini-batch  3700: 0.408
    Train loss after mini-batch  3800: 0.408
    Train loss after mini-batch  3900: 0.407
    Train loss after mini-batch  4000: 0.407
    Train loss after mini-batch  4100: 0.407
Epoch: 4/50, Train Loss: 0.40657547, Val Loss: 0.64384434

Starting epoch 5/50
    Train loss after mini-batch   100: 0.363
    Train loss after mini-batch   200: 0.361
    Train loss after mini-batch   300: 0.359
    Train loss after mini-batch   400: 0.359
    Train loss after mini-batch   500: 0.358
    Train loss after mini-batch   600: 0.359
    Train loss after mini-batch   700: 0.359
    Train loss after mini-batch   800: 0.358
    Train loss after mini-batch   900: 0.357
    Train loss after mini-batch  1000: 0.357
    Train loss after mini-batch  1100: 0.357
    Train loss after mini-batch  1200: 0.356
    Train loss after mini-batch  1300: 0.357
    Train loss after mini-batch  1400: 0.357
    Train loss after mini-batch  1500: 0.357
    Train loss after mini-batch  1600: 0.356
    Train loss after mini-batch  1700: 0.355
    Train loss after mini-batch  1800: 0.356
    Train loss after mini-batch  1900: 0.355
    Train loss after mini-batch  2000: 0.355
    Train loss after mini-batch  2100: 0.355
    Train loss after mini-batch  2200: 0.355
    Train loss after mini-batch  2300: 0.354
    Train loss after mini-batch  2400: 0.354
    Train loss after mini-batch  2500: 0.354
    Train loss after mini-batch  2600: 0.355
    Train loss after mini-batch  2700: 0.354
    Train loss after mini-batch  2800: 0.354
    Train loss after mini-batch  2900: 0.354
    Train loss after mini-batch  3000: 0.353
    Train loss after mini-batch  3100: 0.354
    Train loss after mini-batch  3200: 0.354
    Train loss after mini-batch  3300: 0.353
    Train loss after mini-batch  3400: 0.353
    Train loss after mini-batch  3500: 0.353
    Train loss after mini-batch  3600: 0.353
    Train loss after mini-batch  3700: 0.353
    Train loss after mini-batch  3800: 0.352
    Train loss after mini-batch  3900: 0.352
    Train loss after mini-batch  4000: 0.352
    Train loss after mini-batch  4100: 0.352
Epoch: 5/50, Train Loss: 0.35155710, Val Loss: 0.64591670
Model models/OwnBaselineCNN/OwnBaselineCNN_low_lr_32_batch_size_normalized/2022-10-20_21-49-56/model_epoch_5.pth saved!

Starting epoch 6/50
    Train loss after mini-batch   100: 0.317
    Train loss after mini-batch   200: 0.310
    Train loss after mini-batch   300: 0.311
    Train loss after mini-batch   400: 0.312
    Train loss after mini-batch   500: 0.313
    Train loss after mini-batch   600: 0.313
    Train loss after mini-batch   700: 0.313
    Train loss after mini-batch   800: 0.312
    Train loss after mini-batch   900: 0.313
    Train loss after mini-batch  1000: 0.312
    Train loss after mini-batch  1100: 0.312
    Train loss after mini-batch  1200: 0.312
    Train loss after mini-batch  1300: 0.311
    Train loss after mini-batch  1400: 0.311
    Train loss after mini-batch  1500: 0.311
    Train loss after mini-batch  1600: 0.311
    Train loss after mini-batch  1700: 0.311
    Train loss after mini-batch  1800: 0.311
    Train loss after mini-batch  1900: 0.310
    Train loss after mini-batch  2000: 0.310
    Train loss after mini-batch  2100: 0.310
    Train loss after mini-batch  2200: 0.311
    Train loss after mini-batch  2300: 0.310
    Train loss after mini-batch  2400: 0.310
    Train loss after mini-batch  2500: 0.310
    Train loss after mini-batch  2600: 0.310
    Train loss after mini-batch  2700: 0.310
    Train loss after mini-batch  2800: 0.309
    Train loss after mini-batch  2900: 0.309
    Train loss after mini-batch  3000: 0.309
    Train loss after mini-batch  3100: 0.309
    Train loss after mini-batch  3200: 0.309
    Train loss after mini-batch  3300: 0.309
    Train loss after mini-batch  3400: 0.309
    Train loss after mini-batch  3500: 0.309
    Train loss after mini-batch  3600: 0.308
    Train loss after mini-batch  3700: 0.308
    Train loss after mini-batch  3800: 0.308
    Train loss after mini-batch  3900: 0.307
    Train loss after mini-batch  4000: 0.307
    Train loss after mini-batch  4100: 0.307
Epoch: 6/50, Train Loss: 0.30709390, Val Loss: 0.65102961

Starting epoch 7/50
    Train loss after mini-batch   100: 0.275
    Train loss after mini-batch   200: 0.272
    Train loss after mini-batch   300: 0.270
    Train loss after mini-batch   400: 0.271
    Train loss after mini-batch   500: 0.270
    Train loss after mini-batch   600: 0.272
    Train loss after mini-batch   700: 0.271
    Train loss after mini-batch   800: 0.270
    Train loss after mini-batch   900: 0.270
    Train loss after mini-batch  1000: 0.270
    Train loss after mini-batch  1100: 0.270
    Train loss after mini-batch  1200: 0.270
    Train loss after mini-batch  1300: 0.270
    Train loss after mini-batch  1400: 0.271
    Train loss after mini-batch  1500: 0.271
    Train loss after mini-batch  1600: 0.272
    Train loss after mini-batch  1700: 0.271
    Train loss after mini-batch  1800: 0.271
    Train loss after mini-batch  1900: 0.271
    Train loss after mini-batch  2000: 0.271
    Train loss after mini-batch  2100: 0.271
    Train loss after mini-batch  2200: 0.271
    Train loss after mini-batch  2300: 0.270
    Train loss after mini-batch  2400: 0.271
    Train loss after mini-batch  2500: 0.270
    Train loss after mini-batch  2600: 0.270
    Train loss after mini-batch  2700: 0.270
    Train loss after mini-batch  2800: 0.270
    Train loss after mini-batch  2900: 0.270
    Train loss after mini-batch  3000: 0.270
    Train loss after mini-batch  3100: 0.270
    Train loss after mini-batch  3200: 0.269
    Train loss after mini-batch  3300: 0.270
    Train loss after mini-batch  3400: 0.270
    Train loss after mini-batch  3500: 0.270
    Train loss after mini-batch  3600: 0.269
    Train loss after mini-batch  3700: 0.269
    Train loss after mini-batch  3800: 0.269
    Train loss after mini-batch  3900: 0.269
    Train loss after mini-batch  4000: 0.269
    Train loss after mini-batch  4100: 0.269
Epoch: 7/50, Train Loss: 0.26921541, Val Loss: 0.65380559

Starting epoch 8/50
    Train loss after mini-batch   100: 0.243
    Train loss after mini-batch   200: 0.239
    Train loss after mini-batch   300: 0.239
    Train loss after mini-batch   400: 0.236
    Train loss after mini-batch   500: 0.235
    Train loss after mini-batch   600: 0.235
    Train loss after mini-batch   700: 0.236
    Train loss after mini-batch   800: 0.236
    Train loss after mini-batch   900: 0.236
    Train loss after mini-batch  1000: 0.235
    Train loss after mini-batch  1100: 0.235
    Train loss after mini-batch  1200: 0.236
    Train loss after mini-batch  1300: 0.236
    Train loss after mini-batch  1400: 0.236
    Train loss after mini-batch  1500: 0.236
    Train loss after mini-batch  1600: 0.238
    Train loss after mini-batch  1700: 0.238
    Train loss after mini-batch  1800: 0.237
    Train loss after mini-batch  1900: 0.238
    Train loss after mini-batch  2000: 0.238
    Train loss after mini-batch  2100: 0.238
    Train loss after mini-batch  2200: 0.238
    Train loss after mini-batch  2300: 0.238
    Train loss after mini-batch  2400: 0.238
    Train loss after mini-batch  2500: 0.238
    Train loss after mini-batch  2600: 0.238
    Train loss after mini-batch  2700: 0.238
    Train loss after mini-batch  2800: 0.238
    Train loss after mini-batch  2900: 0.238
    Train loss after mini-batch  3000: 0.238
    Train loss after mini-batch  3100: 0.238
    Train loss after mini-batch  3200: 0.238
    Train loss after mini-batch  3300: 0.238
    Train loss after mini-batch  3400: 0.238
    Train loss after mini-batch  3500: 0.238
    Train loss after mini-batch  3600: 0.237
    Train loss after mini-batch  3700: 0.237
    Train loss after mini-batch  3800: 0.237
    Train loss after mini-batch  3900: 0.237
    Train loss after mini-batch  4000: 0.237
    Train loss after mini-batch  4100: 0.237
Epoch: 8/50, Train Loss: 0.23694949, Val Loss: 0.65384454

Starting epoch 9/50
    Train loss after mini-batch   100: 0.211
    Train loss after mini-batch   200: 0.209
    Train loss after mini-batch   300: 0.209
    Train loss after mini-batch   400: 0.207
    Train loss after mini-batch   500: 0.207
    Train loss after mini-batch   600: 0.207
    Train loss after mini-batch   700: 0.206
    Train loss after mini-batch   800: 0.207
    Train loss after mini-batch   900: 0.208
    Train loss after mini-batch  1000: 0.208
    Train loss after mini-batch  1100: 0.208
    Train loss after mini-batch  1200: 0.208
    Train loss after mini-batch  1300: 0.207
    Train loss after mini-batch  1400: 0.207
    Train loss after mini-batch  1500: 0.208
    Train loss after mini-batch  1600: 0.208
    Train loss after mini-batch  1700: 0.208
    Train loss after mini-batch  1800: 0.208
    Train loss after mini-batch  1900: 0.208
    Train loss after mini-batch  2000: 0.208
    Train loss after mini-batch  2100: 0.208
    Train loss after mini-batch  2200: 0.208
    Train loss after mini-batch  2300: 0.208
    Train loss after mini-batch  2400: 0.208
    Train loss after mini-batch  2500: 0.208
    Train loss after mini-batch  2600: 0.208
    Train loss after mini-batch  2700: 0.208
    Train loss after mini-batch  2800: 0.208
    Train loss after mini-batch  2900: 0.209
    Train loss after mini-batch  3000: 0.209
    Train loss after mini-batch  3100: 0.209
    Train loss after mini-batch  3200: 0.209
    Train loss after mini-batch  3300: 0.209
    Train loss after mini-batch  3400: 0.209
    Train loss after mini-batch  3500: 0.210
    Train loss after mini-batch  3600: 0.210
    Train loss after mini-batch  3700: 0.209
    Train loss after mini-batch  3800: 0.209
    Train loss after mini-batch  3900: 0.210
    Train loss after mini-batch  4000: 0.209
    Train loss after mini-batch  4100: 0.209
Epoch: 9/50, Train Loss: 0.20950951, Val Loss: 0.66008614

Starting epoch 10/50
    Train loss after mini-batch   100: 0.182
    Train loss after mini-batch   200: 0.181
    Train loss after mini-batch   300: 0.184
    Train loss after mini-batch   400: 0.183
    Train loss after mini-batch   500: 0.182
    Train loss after mini-batch   600: 0.183
    Train loss after mini-batch   700: 0.184
    Train loss after mini-batch   800: 0.184
    Train loss after mini-batch   900: 0.183
    Train loss after mini-batch  1000: 0.183
    Train loss after mini-batch  1100: 0.183
    Train loss after mini-batch  1200: 0.183
    Train loss after mini-batch  1300: 0.184
    Train loss after mini-batch  1400: 0.184
    Train loss after mini-batch  1500: 0.184
    Train loss after mini-batch  1600: 0.183
    Train loss after mini-batch  1700: 0.183
    Train loss after mini-batch  1800: 0.183
    Train loss after mini-batch  1900: 0.183
    Train loss after mini-batch  2000: 0.183
    Train loss after mini-batch  2100: 0.184
    Train loss after mini-batch  2200: 0.184
    Train loss after mini-batch  2300: 0.184
    Train loss after mini-batch  2400: 0.184
    Train loss after mini-batch  2500: 0.184
    Train loss after mini-batch  2600: 0.185
    Train loss after mini-batch  2700: 0.185
    Train loss after mini-batch  2800: 0.185
    Train loss after mini-batch  2900: 0.186
    Train loss after mini-batch  3000: 0.186
    Train loss after mini-batch  3100: 0.186
    Train loss after mini-batch  3200: 0.186
    Train loss after mini-batch  3300: 0.186
    Train loss after mini-batch  3400: 0.186
    Train loss after mini-batch  3500: 0.186
    Train loss after mini-batch  3600: 0.186
    Train loss after mini-batch  3700: 0.186
    Train loss after mini-batch  3800: 0.186
    Train loss after mini-batch  3900: 0.186
    Train loss after mini-batch  4000: 0.186
    Train loss after mini-batch  4100: 0.186
Epoch: 10/50, Train Loss: 0.18588775, Val Loss: 0.67489184
Model models/OwnBaselineCNN/OwnBaselineCNN_low_lr_32_batch_size_normalized/2022-10-20_21-49-56/model_epoch_10.pth saved!

Starting epoch 11/50
    Train loss after mini-batch   100: 0.164
    Train loss after mini-batch   200: 0.162
    Train loss after mini-batch   300: 0.163
    Train loss after mini-batch   400: 0.165
    Train loss after mini-batch   500: 0.164
    Train loss after mini-batch   600: 0.164
    Train loss after mini-batch   700: 0.165
    Train loss after mini-batch   800: 0.165
    Train loss after mini-batch   900: 0.164
    Train loss after mini-batch  1000: 0.164
    Train loss after mini-batch  1100: 0.163
    Train loss after mini-batch  1200: 0.163
    Train loss after mini-batch  1300: 0.163
    Train loss after mini-batch  1400: 0.163
    Train loss after mini-batch  1500: 0.164
    Train loss after mini-batch  1600: 0.164
    Train loss after mini-batch  1700: 0.163
    Train loss after mini-batch  1800: 0.164
    Train loss after mini-batch  1900: 0.164
    Train loss after mini-batch  2000: 0.164
    Train loss after mini-batch  2100: 0.164
    Train loss after mini-batch  2200: 0.164
    Train loss after mini-batch  2300: 0.164
    Train loss after mini-batch  2400: 0.164
    Train loss after mini-batch  2500: 0.164
    Train loss after mini-batch  2600: 0.164
    Train loss after mini-batch  2700: 0.165
    Train loss after mini-batch  2800: 0.165
    Train loss after mini-batch  2900: 0.165
    Train loss after mini-batch  3000: 0.165
    Train loss after mini-batch  3100: 0.165
    Train loss after mini-batch  3200: 0.165
    Train loss after mini-batch  3300: 0.165
    Train loss after mini-batch  3400: 0.165
    Train loss after mini-batch  3500: 0.165
    Train loss after mini-batch  3600: 0.165
    Train loss after mini-batch  3700: 0.165
    Train loss after mini-batch  3800: 0.165
    Train loss after mini-batch  3900: 0.165
    Train loss after mini-batch  4000: 0.165
    Train loss after mini-batch  4100: 0.165
Epoch: 11/50, Train Loss: 0.16532587, Val Loss: 0.66628240

Starting epoch 12/50
    Train loss after mini-batch   100: 0.145
    Train loss after mini-batch   200: 0.143
    Train loss after mini-batch   300: 0.143
    Train loss after mini-batch   400: 0.143
    Train loss after mini-batch   500: 0.143
    Train loss after mini-batch   600: 0.144
    Train loss after mini-batch   700: 0.143
    Train loss after mini-batch   800: 0.145
    Train loss after mini-batch   900: 0.145
    Train loss after mini-batch  1000: 0.145
    Train loss after mini-batch  1100: 0.145
    Train loss after mini-batch  1200: 0.146
    Train loss after mini-batch  1300: 0.146
    Train loss after mini-batch  1400: 0.146
    Train loss after mini-batch  1500: 0.146
    Train loss after mini-batch  1600: 0.146
    Train loss after mini-batch  1700: 0.146
    Train loss after mini-batch  1800: 0.146
    Train loss after mini-batch  1900: 0.146
    Train loss after mini-batch  2000: 0.146
    Train loss after mini-batch  2100: 0.146
    Train loss after mini-batch  2200: 0.146
    Train loss after mini-batch  2300: 0.146
    Train loss after mini-batch  2400: 0.146
    Train loss after mini-batch  2500: 0.146
    Train loss after mini-batch  2600: 0.147
    Train loss after mini-batch  2700: 0.147
    Train loss after mini-batch  2800: 0.147
    Train loss after mini-batch  2900: 0.147
    Train loss after mini-batch  3000: 0.147
    Train loss after mini-batch  3100: 0.147
    Train loss after mini-batch  3200: 0.147
    Train loss after mini-batch  3300: 0.147
    Train loss after mini-batch  3400: 0.148
    Train loss after mini-batch  3500: 0.148
    Train loss after mini-batch  3600: 0.148
    Train loss after mini-batch  3700: 0.148
    Train loss after mini-batch  3800: 0.148
    Train loss after mini-batch  3900: 0.148
    Train loss after mini-batch  4000: 0.148
    Train loss after mini-batch  4100: 0.148
Epoch: 12/50, Train Loss: 0.14789189, Val Loss: 0.66985739

Starting epoch 13/50
    Train loss after mini-batch   100: 0.130
    Train loss after mini-batch   200: 0.130
    Train loss after mini-batch   300: 0.131
    Train loss after mini-batch   400: 0.131
    Train loss after mini-batch   500: 0.132
    Train loss after mini-batch   600: 0.131
    Train loss after mini-batch   700: 0.130
    Train loss after mini-batch   800: 0.131
    Train loss after mini-batch   900: 0.131
    Train loss after mini-batch  1000: 0.131
    Train loss after mini-batch  1100: 0.131
    Train loss after mini-batch  1200: 0.131
    Train loss after mini-batch  1300: 0.131
    Train loss after mini-batch  1400: 0.131
    Train loss after mini-batch  1500: 0.131
    Train loss after mini-batch  1600: 0.131
    Train loss after mini-batch  1700: 0.131
    Train loss after mini-batch  1800: 0.131
    Train loss after mini-batch  1900: 0.131
    Train loss after mini-batch  2000: 0.131
    Train loss after mini-batch  2100: 0.131
    Train loss after mini-batch  2200: 0.131
    Train loss after mini-batch  2300: 0.131
    Train loss after mini-batch  2400: 0.131
    Train loss after mini-batch  2500: 0.131
    Train loss after mini-batch  2600: 0.131
    Train loss after mini-batch  2700: 0.131
    Train loss after mini-batch  2800: 0.131
    Train loss after mini-batch  2900: 0.131
    Train loss after mini-batch  3000: 0.131
    Train loss after mini-batch  3100: 0.132
    Train loss after mini-batch  3200: 0.132
    Train loss after mini-batch  3300: 0.132
    Train loss after mini-batch  3400: 0.132
    Train loss after mini-batch  3500: 0.132
    Train loss after mini-batch  3600: 0.132
    Train loss after mini-batch  3700: 0.132
    Train loss after mini-batch  3800: 0.132
    Train loss after mini-batch  3900: 0.132
    Train loss after mini-batch  4000: 0.132
    Train loss after mini-batch  4100: 0.132
Epoch: 13/50, Train Loss: 0.13250459, Val Loss: 0.66524397

Starting epoch 14/50
    Train loss after mini-batch   100: 0.120
    Train loss after mini-batch   200: 0.120
    Train loss after mini-batch   300: 0.120
    Train loss after mini-batch   400: 0.118
    Train loss after mini-batch   500: 0.118
    Train loss after mini-batch   600: 0.118
    Train loss after mini-batch   700: 0.117
    Train loss after mini-batch   800: 0.117
    Train loss after mini-batch   900: 0.117
    Train loss after mini-batch  1000: 0.117
    Train loss after mini-batch  1100: 0.117
    Train loss after mini-batch  1200: 0.117
    Train loss after mini-batch  1300: 0.118
    Train loss after mini-batch  1400: 0.118
    Train loss after mini-batch  1500: 0.118
    Train loss after mini-batch  1600: 0.118
    Train loss after mini-batch  1700: 0.117
    Train loss after mini-batch  1800: 0.117
    Train loss after mini-batch  1900: 0.118
    Train loss after mini-batch  2000: 0.118
    Train loss after mini-batch  2100: 0.118
    Train loss after mini-batch  2200: 0.118
    Train loss after mini-batch  2300: 0.118
    Train loss after mini-batch  2400: 0.118
    Train loss after mini-batch  2500: 0.118
    Train loss after mini-batch  2600: 0.118
    Train loss after mini-batch  2700: 0.119
    Train loss after mini-batch  2800: 0.118
    Train loss after mini-batch  2900: 0.119
    Train loss after mini-batch  3000: 0.119
    Train loss after mini-batch  3100: 0.119
    Train loss after mini-batch  3200: 0.119
    Train loss after mini-batch  3300: 0.119
    Train loss after mini-batch  3400: 0.119
    Train loss after mini-batch  3500: 0.119
    Train loss after mini-batch  3600: 0.119
    Train loss after mini-batch  3700: 0.119
    Train loss after mini-batch  3800: 0.119
    Train loss after mini-batch  3900: 0.119
    Train loss after mini-batch  4000: 0.119
    Train loss after mini-batch  4100: 0.119
Epoch: 14/50, Train Loss: 0.11902201, Val Loss: 0.68111052

Starting epoch 15/50
    Train loss after mini-batch   100: 0.104
    Train loss after mini-batch   200: 0.105
    Train loss after mini-batch   300: 0.104
    Train loss after mini-batch   400: 0.104
    Train loss after mini-batch   500: 0.105
    Train loss after mini-batch   600: 0.106
    Train loss after mini-batch   700: 0.106
    Train loss after mini-batch   800: 0.106
    Train loss after mini-batch   900: 0.106
    Train loss after mini-batch  1000: 0.106
    Train loss after mini-batch  1100: 0.106
    Train loss after mini-batch  1200: 0.106
    Train loss after mini-batch  1300: 0.106
    Train loss after mini-batch  1400: 0.106
    Train loss after mini-batch  1500: 0.106
    Train loss after mini-batch  1600: 0.106
    Train loss after mini-batch  1700: 0.106
    Train loss after mini-batch  1800: 0.106
    Train loss after mini-batch  1900: 0.106
    Train loss after mini-batch  2000: 0.106
    Train loss after mini-batch  2100: 0.106
    Train loss after mini-batch  2200: 0.107
    Train loss after mini-batch  2300: 0.107
    Train loss after mini-batch  2400: 0.107
    Train loss after mini-batch  2500: 0.107
    Train loss after mini-batch  2600: 0.107
    Train loss after mini-batch  2700: 0.107
    Train loss after mini-batch  2800: 0.107
    Train loss after mini-batch  2900: 0.107
    Train loss after mini-batch  3000: 0.107
    Train loss after mini-batch  3100: 0.107
    Train loss after mini-batch  3200: 0.107
    Train loss after mini-batch  3300: 0.107
    Train loss after mini-batch  3400: 0.107
    Train loss after mini-batch  3500: 0.107
    Train loss after mini-batch  3600: 0.107
    Train loss after mini-batch  3700: 0.107
    Train loss after mini-batch  3800: 0.107
    Train loss after mini-batch  3900: 0.107
    Train loss after mini-batch  4000: 0.107
    Train loss after mini-batch  4100: 0.107
Epoch: 15/50, Train Loss: 0.10743979, Val Loss: 0.67420379
Model models/OwnBaselineCNN/OwnBaselineCNN_low_lr_32_batch_size_normalized/2022-10-20_21-49-56/model_epoch_15.pth saved!

Starting epoch 16/50
    Train loss after mini-batch   100: 0.096
    Train loss after mini-batch   200: 0.097
    Train loss after mini-batch   300: 0.096
    Train loss after mini-batch   400: 0.096
    Train loss after mini-batch   500: 0.095
    Train loss after mini-batch   600: 0.095
    Train loss after mini-batch   700: 0.095
    Train loss after mini-batch   800: 0.095
    Train loss after mini-batch   900: 0.095
    Train loss after mini-batch  1000: 0.095
    Train loss after mini-batch  1100: 0.095
    Train loss after mini-batch  1200: 0.095
    Train loss after mini-batch  1300: 0.095
    Train loss after mini-batch  1400: 0.095
    Train loss after mini-batch  1500: 0.096
    Train loss after mini-batch  1600: 0.096
    Train loss after mini-batch  1700: 0.096
    Train loss after mini-batch  1800: 0.096
    Train loss after mini-batch  1900: 0.096
    Train loss after mini-batch  2000: 0.096
    Train loss after mini-batch  2100: 0.096
    Train loss after mini-batch  2200: 0.096
    Train loss after mini-batch  2300: 0.096
    Train loss after mini-batch  2400: 0.096
    Train loss after mini-batch  2500: 0.097
    Train loss after mini-batch  2600: 0.097
    Train loss after mini-batch  2700: 0.096
    Train loss after mini-batch  2800: 0.097
    Train loss after mini-batch  2900: 0.097
    Train loss after mini-batch  3000: 0.097
    Train loss after mini-batch  3100: 0.097
    Train loss after mini-batch  3200: 0.097
    Train loss after mini-batch  3300: 0.097
    Train loss after mini-batch  3400: 0.097
    Train loss after mini-batch  3500: 0.097
    Train loss after mini-batch  3600: 0.097
    Train loss after mini-batch  3700: 0.097
    Train loss after mini-batch  3800: 0.097
    Train loss after mini-batch  3900: 0.097
    Train loss after mini-batch  4000: 0.097
    Train loss after mini-batch  4100: 0.097
Epoch: 16/50, Train Loss: 0.09713814, Val Loss: 0.67019305

Starting epoch 17/50
    Train loss after mini-batch   100: 0.085
    Train loss after mini-batch   200: 0.087
    Train loss after mini-batch   300: 0.086
    Train loss after mini-batch   400: 0.086
    Train loss after mini-batch   500: 0.086
    Train loss after mini-batch   600: 0.086
    Train loss after mini-batch   700: 0.086
    Train loss after mini-batch   800: 0.086
    Train loss after mini-batch   900: 0.086
    Train loss after mini-batch  1000: 0.086
    Train loss after mini-batch  1100: 0.086
    Train loss after mini-batch  1200: 0.086
    Train loss after mini-batch  1300: 0.087
    Train loss after mini-batch  1400: 0.087
    Train loss after mini-batch  1500: 0.087
    Train loss after mini-batch  1600: 0.087
    Train loss after mini-batch  1700: 0.087
    Train loss after mini-batch  1800: 0.087
    Train loss after mini-batch  1900: 0.087
    Train loss after mini-batch  2000: 0.087
    Train loss after mini-batch  2100: 0.087
    Train loss after mini-batch  2200: 0.087
    Train loss after mini-batch  2300: 0.087
    Train loss after mini-batch  2400: 0.087
    Train loss after mini-batch  2500: 0.087
    Train loss after mini-batch  2600: 0.087
    Train loss after mini-batch  2700: 0.087
    Train loss after mini-batch  2800: 0.088
    Train loss after mini-batch  2900: 0.087
    Train loss after mini-batch  3000: 0.087
    Train loss after mini-batch  3100: 0.088
    Train loss after mini-batch  3200: 0.088
    Train loss after mini-batch  3300: 0.088
    Train loss after mini-batch  3400: 0.088
    Train loss after mini-batch  3500: 0.088
    Train loss after mini-batch  3600: 0.088
    Train loss after mini-batch  3700: 0.088
    Train loss after mini-batch  3800: 0.088
    Train loss after mini-batch  3900: 0.088
    Train loss after mini-batch  4000: 0.088
    Train loss after mini-batch  4100: 0.088
Epoch: 17/50, Train Loss: 0.08799167, Val Loss: 0.67068785

Starting epoch 18/50
    Train loss after mini-batch   100: 0.079
    Train loss after mini-batch   200: 0.077
    Train loss after mini-batch   300: 0.077
    Train loss after mini-batch   400: 0.077
    Train loss after mini-batch   500: 0.078
    Train loss after mini-batch   600: 0.078
    Train loss after mini-batch   700: 0.078
    Train loss after mini-batch   800: 0.079
    Train loss after mini-batch   900: 0.079
    Train loss after mini-batch  1000: 0.079
    Train loss after mini-batch  1100: 0.079
    Train loss after mini-batch  1200: 0.079
    Train loss after mini-batch  1300: 0.079
    Train loss after mini-batch  1400: 0.079
    Train loss after mini-batch  1500: 0.079
    Train loss after mini-batch  1600: 0.079
    Train loss after mini-batch  1700: 0.079
    Train loss after mini-batch  1800: 0.079
    Train loss after mini-batch  1900: 0.079
    Train loss after mini-batch  2000: 0.079
    Train loss after mini-batch  2100: 0.079
    Train loss after mini-batch  2200: 0.079
    Train loss after mini-batch  2300: 0.079
    Train loss after mini-batch  2400: 0.079
    Train loss after mini-batch  2500: 0.080
    Train loss after mini-batch  2600: 0.080
    Train loss after mini-batch  2700: 0.080
    Train loss after mini-batch  2800: 0.080
    Train loss after mini-batch  2900: 0.080
    Train loss after mini-batch  3000: 0.080
    Train loss after mini-batch  3100: 0.080
    Train loss after mini-batch  3200: 0.080
    Train loss after mini-batch  3300: 0.080
    Train loss after mini-batch  3400: 0.080
    Train loss after mini-batch  3500: 0.080
    Train loss after mini-batch  3600: 0.080
    Train loss after mini-batch  3700: 0.080
    Train loss after mini-batch  3800: 0.080
    Train loss after mini-batch  3900: 0.080
    Train loss after mini-batch  4000: 0.080
    Train loss after mini-batch  4100: 0.080
Epoch: 18/50, Train Loss: 0.07996091, Val Loss: 0.67390677

Starting epoch 19/50
    Train loss after mini-batch   100: 0.072
    Train loss after mini-batch   200: 0.072
    Train loss after mini-batch   300: 0.072
    Train loss after mini-batch   400: 0.072
    Train loss after mini-batch   500: 0.072
    Train loss after mini-batch   600: 0.072
    Train loss after mini-batch   700: 0.071
    Train loss after mini-batch   800: 0.071
    Train loss after mini-batch   900: 0.071
    Train loss after mini-batch  1000: 0.071
    Train loss after mini-batch  1100: 0.071
    Train loss after mini-batch  1200: 0.072
    Train loss after mini-batch  1300: 0.072
    Train loss after mini-batch  1400: 0.072
    Train loss after mini-batch  1500: 0.072
    Train loss after mini-batch  1600: 0.072
    Train loss after mini-batch  1700: 0.072
    Train loss after mini-batch  1800: 0.072
    Train loss after mini-batch  1900: 0.072
    Train loss after mini-batch  2000: 0.072
    Train loss after mini-batch  2100: 0.072
    Train loss after mini-batch  2200: 0.072
    Train loss after mini-batch  2300: 0.072
    Train loss after mini-batch  2400: 0.072
    Train loss after mini-batch  2500: 0.072
    Train loss after mini-batch  2600: 0.072
    Train loss after mini-batch  2700: 0.072
    Train loss after mini-batch  2800: 0.072
    Train loss after mini-batch  2900: 0.072
    Train loss after mini-batch  3000: 0.072
    Train loss after mini-batch  3100: 0.073
    Train loss after mini-batch  3200: 0.073
    Train loss after mini-batch  3300: 0.073
    Train loss after mini-batch  3400: 0.073
    Train loss after mini-batch  3500: 0.073
    Train loss after mini-batch  3600: 0.073
    Train loss after mini-batch  3700: 0.073
    Train loss after mini-batch  3800: 0.073
    Train loss after mini-batch  3900: 0.073
    Train loss after mini-batch  4000: 0.073
    Train loss after mini-batch  4100: 0.073
Epoch: 19/50, Train Loss: 0.07287070, Val Loss: 0.67482833

Starting epoch 20/50
    Train loss after mini-batch   100: 0.065
    Train loss after mini-batch   200: 0.065
    Train loss after mini-batch   300: 0.065
    Train loss after mini-batch   400: 0.065
    Train loss after mini-batch   500: 0.065
    Train loss after mini-batch   600: 0.065
    Train loss after mini-batch   700: 0.065
    Train loss after mini-batch   800: 0.065
    Train loss after mini-batch   900: 0.065
    Train loss after mini-batch  1000: 0.065
    Train loss after mini-batch  1100: 0.065
    Train loss after mini-batch  1200: 0.065
    Train loss after mini-batch  1300: 0.065
    Train loss after mini-batch  1400: 0.065
    Train loss after mini-batch  1500: 0.065
    Train loss after mini-batch  1600: 0.065
    Train loss after mini-batch  1700: 0.066
    Train loss after mini-batch  1800: 0.066
    Train loss after mini-batch  1900: 0.066
    Train loss after mini-batch  2000: 0.066
    Train loss after mini-batch  2100: 0.066
    Train loss after mini-batch  2200: 0.066
    Train loss after mini-batch  2300: 0.066
    Train loss after mini-batch  2400: 0.066
    Train loss after mini-batch  2500: 0.066
    Train loss after mini-batch  2600: 0.066
    Train loss after mini-batch  2700: 0.066
    Train loss after mini-batch  2800: 0.066
    Train loss after mini-batch  2900: 0.066
    Train loss after mini-batch  3000: 0.066
    Train loss after mini-batch  3100: 0.066
    Train loss after mini-batch  3200: 0.066
    Train loss after mini-batch  3300: 0.066
    Train loss after mini-batch  3400: 0.066
    Train loss after mini-batch  3500: 0.066
    Train loss after mini-batch  3600: 0.066
    Train loss after mini-batch  3700: 0.066
    Train loss after mini-batch  3800: 0.066
    Train loss after mini-batch  3900: 0.067
    Train loss after mini-batch  4000: 0.067
    Train loss after mini-batch  4100: 0.067
Epoch: 20/50, Train Loss: 0.06653046, Val Loss: 0.67944125
Model models/OwnBaselineCNN/OwnBaselineCNN_low_lr_32_batch_size_normalized/2022-10-20_21-49-56/model_epoch_20.pth saved!

Starting epoch 21/50
    Train loss after mini-batch   100: 0.059
    Train loss after mini-batch   200: 0.059
    Train loss after mini-batch   300: 0.059
    Train loss after mini-batch   400: 0.060
    Train loss after mini-batch   500: 0.059
    Train loss after mini-batch   600: 0.059
    Train loss after mini-batch   700: 0.059
    Train loss after mini-batch   800: 0.060
    Train loss after mini-batch   900: 0.060
    Train loss after mini-batch  1000: 0.060
    Train loss after mini-batch  1100: 0.060
    Train loss after mini-batch  1200: 0.060
    Train loss after mini-batch  1300: 0.060
    Train loss after mini-batch  1400: 0.060
    Train loss after mini-batch  1500: 0.060
    Train loss after mini-batch  1600: 0.060
    Train loss after mini-batch  1700: 0.060
    Train loss after mini-batch  1800: 0.060
    Train loss after mini-batch  1900: 0.060
    Train loss after mini-batch  2000: 0.060
    Train loss after mini-batch  2100: 0.060
    Train loss after mini-batch  2200: 0.060
    Train loss after mini-batch  2300: 0.060
    Train loss after mini-batch  2400: 0.060
    Train loss after mini-batch  2500: 0.060
    Train loss after mini-batch  2600: 0.060
    Train loss after mini-batch  2700: 0.060
    Train loss after mini-batch  2800: 0.060
    Train loss after mini-batch  2900: 0.061
    Train loss after mini-batch  3000: 0.061
    Train loss after mini-batch  3100: 0.061
    Train loss after mini-batch  3200: 0.061
    Train loss after mini-batch  3300: 0.061
    Train loss after mini-batch  3400: 0.061
    Train loss after mini-batch  3500: 0.061
    Train loss after mini-batch  3600: 0.061
    Train loss after mini-batch  3700: 0.061
    Train loss after mini-batch  3800: 0.061
    Train loss after mini-batch  3900: 0.061
    Train loss after mini-batch  4000: 0.061
    Train loss after mini-batch  4100: 0.061
Epoch: 21/50, Train Loss: 0.06097103, Val Loss: 0.68526930

Starting epoch 22/50
    Train loss after mini-batch   100: 0.054
    Train loss after mini-batch   200: 0.054
    Train loss after mini-batch   300: 0.054
    Train loss after mini-batch   400: 0.055
    Train loss after mini-batch   500: 0.055
    Train loss after mini-batch   600: 0.055
    Train loss after mini-batch   700: 0.055
    Train loss after mini-batch   800: 0.055
    Train loss after mini-batch   900: 0.055
    Train loss after mini-batch  1000: 0.055
    Train loss after mini-batch  1100: 0.055
    Train loss after mini-batch  1200: 0.055
    Train loss after mini-batch  1300: 0.055
    Train loss after mini-batch  1400: 0.055
    Train loss after mini-batch  1500: 0.055
    Train loss after mini-batch  1600: 0.055
    Train loss after mini-batch  1700: 0.055
    Train loss after mini-batch  1800: 0.055
    Train loss after mini-batch  1900: 0.055
    Train loss after mini-batch  2000: 0.055
    Train loss after mini-batch  2100: 0.055
    Train loss after mini-batch  2200: 0.055
    Train loss after mini-batch  2300: 0.055
    Train loss after mini-batch  2400: 0.055
    Train loss after mini-batch  2500: 0.055
    Train loss after mini-batch  2600: 0.055
    Train loss after mini-batch  2700: 0.055
    Train loss after mini-batch  2800: 0.055
    Train loss after mini-batch  2900: 0.055
    Train loss after mini-batch  3000: 0.056
    Train loss after mini-batch  3100: 0.056
    Train loss after mini-batch  3200: 0.056
    Train loss after mini-batch  3300: 0.056
    Train loss after mini-batch  3400: 0.056
    Train loss after mini-batch  3500: 0.056
    Train loss after mini-batch  3600: 0.056
    Train loss after mini-batch  3700: 0.056
    Train loss after mini-batch  3800: 0.056
    Train loss after mini-batch  3900: 0.056
    Train loss after mini-batch  4000: 0.056
    Train loss after mini-batch  4100: 0.056
Epoch: 22/50, Train Loss: 0.05589913, Val Loss: 0.68045089

Starting epoch 23/50
    Train loss after mini-batch   100: 0.050
    Train loss after mini-batch   200: 0.050
    Train loss after mini-batch   300: 0.050
    Train loss after mini-batch   400: 0.050
    Train loss after mini-batch   500: 0.050
    Train loss after mini-batch   600: 0.050
    Train loss after mini-batch   700: 0.050
    Train loss after mini-batch   800: 0.050
    Train loss after mini-batch   900: 0.050
    Train loss after mini-batch  1000: 0.050
    Train loss after mini-batch  1100: 0.050
    Train loss after mini-batch  1200: 0.050
    Train loss after mini-batch  1300: 0.051
    Train loss after mini-batch  1400: 0.051
    Train loss after mini-batch  1500: 0.051
    Train loss after mini-batch  1600: 0.051
    Train loss after mini-batch  1700: 0.051
    Train loss after mini-batch  1800: 0.051
    Train loss after mini-batch  1900: 0.051
    Train loss after mini-batch  2000: 0.051
    Train loss after mini-batch  2100: 0.051
    Train loss after mini-batch  2200: 0.051
    Train loss after mini-batch  2300: 0.051
    Train loss after mini-batch  2400: 0.051
    Train loss after mini-batch  2500: 0.051
    Train loss after mini-batch  2600: 0.051
    Train loss after mini-batch  2700: 0.051
    Train loss after mini-batch  2800: 0.051
    Train loss after mini-batch  2900: 0.051
    Train loss after mini-batch  3000: 0.051
    Train loss after mini-batch  3100: 0.051
    Train loss after mini-batch  3200: 0.051
    Train loss after mini-batch  3300: 0.051
    Train loss after mini-batch  3400: 0.051
    Train loss after mini-batch  3500: 0.051
    Train loss after mini-batch  3600: 0.051
    Train loss after mini-batch  3700: 0.051
    Train loss after mini-batch  3800: 0.052
    Train loss after mini-batch  3900: 0.052
    Train loss after mini-batch  4000: 0.052
    Train loss after mini-batch  4100: 0.051
Epoch: 23/50, Train Loss: 0.05149705, Val Loss: 0.67755949

Starting epoch 24/50
    Train loss after mini-batch   100: 0.045
    Train loss after mini-batch   200: 0.046
    Train loss after mini-batch   300: 0.046
    Train loss after mini-batch   400: 0.046
    Train loss after mini-batch   500: 0.046
    Train loss after mini-batch   600: 0.046
    Train loss after mini-batch   700: 0.047
    Train loss after mini-batch   800: 0.046
    Train loss after mini-batch   900: 0.046
    Train loss after mini-batch  1000: 0.047
    Train loss after mini-batch  1100: 0.047
    Train loss after mini-batch  1200: 0.047
    Train loss after mini-batch  1300: 0.047
    Train loss after mini-batch  1400: 0.047
    Train loss after mini-batch  1500: 0.047
    Train loss after mini-batch  1600: 0.047
    Train loss after mini-batch  1700: 0.047
    Train loss after mini-batch  1800: 0.047
    Train loss after mini-batch  1900: 0.047
    Train loss after mini-batch  2000: 0.047
    Train loss after mini-batch  2100: 0.047
    Train loss after mini-batch  2200: 0.047
    Train loss after mini-batch  2300: 0.047
    Train loss after mini-batch  2400: 0.047
    Train loss after mini-batch  2500: 0.047
    Train loss after mini-batch  2600: 0.047
    Train loss after mini-batch  2700: 0.047
    Train loss after mini-batch  2800: 0.047
    Train loss after mini-batch  2900: 0.047
    Train loss after mini-batch  3000: 0.047
    Train loss after mini-batch  3100: 0.047
    Train loss after mini-batch  3200: 0.047
    Train loss after mini-batch  3300: 0.047
    Train loss after mini-batch  3400: 0.047
    Train loss after mini-batch  3500: 0.047
    Train loss after mini-batch  3600: 0.047
    Train loss after mini-batch  3700: 0.048
    Train loss after mini-batch  3800: 0.048
    Train loss after mini-batch  3900: 0.048
    Train loss after mini-batch  4000: 0.048
    Train loss after mini-batch  4100: 0.048
Epoch: 24/50, Train Loss: 0.04764599, Val Loss: 0.67849231

Starting epoch 25/50
    Train loss after mini-batch   100: 0.043
    Train loss after mini-batch   200: 0.043
    Train loss after mini-batch   300: 0.043
    Train loss after mini-batch   400: 0.043
    Train loss after mini-batch   500: 0.043
    Train loss after mini-batch   600: 0.043
    Train loss after mini-batch   700: 0.043
    Train loss after mini-batch   800: 0.043
    Train loss after mini-batch   900: 0.043
    Train loss after mini-batch  1000: 0.043
    Train loss after mini-batch  1100: 0.043
    Train loss after mini-batch  1200: 0.043
    Train loss after mini-batch  1300: 0.043
    Train loss after mini-batch  1400: 0.044
    Train loss after mini-batch  1500: 0.044
    Train loss after mini-batch  1600: 0.044
    Train loss after mini-batch  1700: 0.044
    Train loss after mini-batch  1800: 0.044
    Train loss after mini-batch  1900: 0.044
    Train loss after mini-batch  2000: 0.044
    Train loss after mini-batch  2100: 0.044
    Train loss after mini-batch  2200: 0.044
    Train loss after mini-batch  2300: 0.044
    Train loss after mini-batch  2400: 0.044
    Train loss after mini-batch  2500: 0.044
    Train loss after mini-batch  2600: 0.044
    Train loss after mini-batch  2700: 0.044
    Train loss after mini-batch  2800: 0.044
    Train loss after mini-batch  2900: 0.044
    Train loss after mini-batch  3000: 0.044
    Train loss after mini-batch  3100: 0.044
    Train loss after mini-batch  3200: 0.044
    Train loss after mini-batch  3300: 0.044
    Train loss after mini-batch  3400: 0.044
    Train loss after mini-batch  3500: 0.044
    Train loss after mini-batch  3600: 0.044
    Train loss after mini-batch  3700: 0.044
    Train loss after mini-batch  3800: 0.044
    Train loss after mini-batch  3900: 0.044
    Train loss after mini-batch  4000: 0.044
    Train loss after mini-batch  4100: 0.044
Epoch: 25/50, Train Loss: 0.04415909, Val Loss: 0.67199424
Model models/OwnBaselineCNN/OwnBaselineCNN_low_lr_32_batch_size_normalized/2022-10-20_21-49-56/model_epoch_25.pth saved!

Starting epoch 26/50
    Train loss after mini-batch   100: 0.040
    Train loss after mini-batch   200: 0.040
    Train loss after mini-batch   300: 0.040
    Train loss after mini-batch   400: 0.040
    Train loss after mini-batch   500: 0.040
    Train loss after mini-batch   600: 0.040
    Train loss after mini-batch   700: 0.040
    Train loss after mini-batch   800: 0.040
    Train loss after mini-batch   900: 0.040
    Train loss after mini-batch  1000: 0.040
    Train loss after mini-batch  1100: 0.040
    Train loss after mini-batch  1200: 0.040
    Train loss after mini-batch  1300: 0.040
    Train loss after mini-batch  1400: 0.040
    Train loss after mini-batch  1500: 0.040
    Train loss after mini-batch  1600: 0.040
    Train loss after mini-batch  1700: 0.040
    Train loss after mini-batch  1800: 0.040
    Train loss after mini-batch  1900: 0.040
    Train loss after mini-batch  2000: 0.041
    Train loss after mini-batch  2100: 0.041
    Train loss after mini-batch  2200: 0.041
    Train loss after mini-batch  2300: 0.041
    Train loss after mini-batch  2400: 0.041
    Train loss after mini-batch  2500: 0.041
    Train loss after mini-batch  2600: 0.041
    Train loss after mini-batch  2700: 0.041
    Train loss after mini-batch  2800: 0.041
    Train loss after mini-batch  2900: 0.041
    Train loss after mini-batch  3000: 0.041
    Train loss after mini-batch  3100: 0.041
    Train loss after mini-batch  3200: 0.041
    Train loss after mini-batch  3300: 0.041
    Train loss after mini-batch  3400: 0.041
    Train loss after mini-batch  3500: 0.041
    Train loss after mini-batch  3600: 0.041
    Train loss after mini-batch  3700: 0.041
    Train loss after mini-batch  3800: 0.041
    Train loss after mini-batch  3900: 0.041
    Train loss after mini-batch  4000: 0.041
    Train loss after mini-batch  4100: 0.041
Epoch: 26/50, Train Loss: 0.04107723, Val Loss: 0.67976658

Starting epoch 27/50
    Train loss after mini-batch   100: 0.038
    Train loss after mini-batch   200: 0.037
    Train loss after mini-batch   300: 0.037
    Train loss after mini-batch   400: 0.037
    Train loss after mini-batch   500: 0.037
    Train loss after mini-batch   600: 0.037
    Train loss after mini-batch   700: 0.037
    Train loss after mini-batch   800: 0.037
    Train loss after mini-batch   900: 0.037
    Train loss after mini-batch  1000: 0.037
    Train loss after mini-batch  1100: 0.038
    Train loss after mini-batch  1200: 0.038
    Train loss after mini-batch  1300: 0.038
    Train loss after mini-batch  1400: 0.038
    Train loss after mini-batch  1500: 0.038
    Train loss after mini-batch  1600: 0.038
    Train loss after mini-batch  1700: 0.038
    Train loss after mini-batch  1800: 0.038
    Train loss after mini-batch  1900: 0.038
    Train loss after mini-batch  2000: 0.038
    Train loss after mini-batch  2100: 0.038
    Train loss after mini-batch  2200: 0.038
    Train loss after mini-batch  2300: 0.038
    Train loss after mini-batch  2400: 0.038
    Train loss after mini-batch  2500: 0.038
    Train loss after mini-batch  2600: 0.038
    Train loss after mini-batch  2700: 0.038
    Train loss after mini-batch  2800: 0.038
    Train loss after mini-batch  2900: 0.038
    Train loss after mini-batch  3000: 0.038
    Train loss after mini-batch  3100: 0.038
    Train loss after mini-batch  3200: 0.038
    Train loss after mini-batch  3300: 0.038
    Train loss after mini-batch  3400: 0.038
    Train loss after mini-batch  3500: 0.038
    Train loss after mini-batch  3600: 0.038
    Train loss after mini-batch  3700: 0.038
    Train loss after mini-batch  3800: 0.038
    Train loss after mini-batch  3900: 0.038
    Train loss after mini-batch  4000: 0.038
    Train loss after mini-batch  4100: 0.038
Epoch: 27/50, Train Loss: 0.03822989, Val Loss: 0.67792817

Starting epoch 28/50
    Train loss after mini-batch   100: 0.035
    Train loss after mini-batch   200: 0.035
    Train loss after mini-batch   300: 0.035
    Train loss after mini-batch   400: 0.035
    Train loss after mini-batch   500: 0.035
    Train loss after mini-batch   600: 0.035
    Train loss after mini-batch   700: 0.035
    Train loss after mini-batch   800: 0.035
    Train loss after mini-batch   900: 0.035
    Train loss after mini-batch  1000: 0.035
    Train loss after mini-batch  1100: 0.035
    Train loss after mini-batch  1200: 0.035
    Train loss after mini-batch  1300: 0.035
    Train loss after mini-batch  1400: 0.035
    Train loss after mini-batch  1500: 0.035
    Train loss after mini-batch  1600: 0.035
    Train loss after mini-batch  1700: 0.035
    Train loss after mini-batch  1800: 0.035
    Train loss after mini-batch  1900: 0.035
    Train loss after mini-batch  2000: 0.035
    Train loss after mini-batch  2100: 0.035
    Train loss after mini-batch  2200: 0.035
    Train loss after mini-batch  2300: 0.035
    Train loss after mini-batch  2400: 0.035
    Train loss after mini-batch  2500: 0.036
    Train loss after mini-batch  2600: 0.036
    Train loss after mini-batch  2700: 0.036
    Train loss after mini-batch  2800: 0.036
    Train loss after mini-batch  2900: 0.036
    Train loss after mini-batch  3000: 0.036
    Train loss after mini-batch  3100: 0.036
    Train loss after mini-batch  3200: 0.036
    Train loss after mini-batch  3300: 0.036
    Train loss after mini-batch  3400: 0.036
    Train loss after mini-batch  3500: 0.036
    Train loss after mini-batch  3600: 0.036
    Train loss after mini-batch  3700: 0.036
    Train loss after mini-batch  3800: 0.036
    Train loss after mini-batch  3900: 0.036
    Train loss after mini-batch  4000: 0.036
    Train loss after mini-batch  4100: 0.036
Epoch: 28/50, Train Loss: 0.03578333, Val Loss: 0.68439036

Starting epoch 29/50
    Train loss after mini-batch   100: 0.033
    Train loss after mini-batch   200: 0.033
    Train loss after mini-batch   300: 0.033
    Train loss after mini-batch   400: 0.033
    Train loss after mini-batch   500: 0.033
    Train loss after mini-batch   600: 0.033
    Train loss after mini-batch   700: 0.033
    Train loss after mini-batch   800: 0.033
    Train loss after mini-batch   900: 0.033
    Train loss after mini-batch  1000: 0.033
    Train loss after mini-batch  1100: 0.033
    Train loss after mini-batch  1200: 0.033
    Train loss after mini-batch  1300: 0.033
    Train loss after mini-batch  1400: 0.033
    Train loss after mini-batch  1500: 0.033
    Train loss after mini-batch  1600: 0.033
    Train loss after mini-batch  1700: 0.033
    Train loss after mini-batch  1800: 0.033
    Train loss after mini-batch  1900: 0.033
    Train loss after mini-batch  2000: 0.033
    Train loss after mini-batch  2100: 0.033
    Train loss after mini-batch  2200: 0.033
    Train loss after mini-batch  2300: 0.033
    Train loss after mini-batch  2400: 0.033
    Train loss after mini-batch  2500: 0.033
    Train loss after mini-batch  2600: 0.033
    Train loss after mini-batch  2700: 0.033
    Train loss after mini-batch  2800: 0.033
    Train loss after mini-batch  2900: 0.033
    Train loss after mini-batch  3000: 0.033
    Train loss after mini-batch  3100: 0.033
    Train loss after mini-batch  3200: 0.033
    Train loss after mini-batch  3300: 0.033
    Train loss after mini-batch  3400: 0.034
    Train loss after mini-batch  3500: 0.033
    Train loss after mini-batch  3600: 0.034
    Train loss after mini-batch  3700: 0.034
    Train loss after mini-batch  3800: 0.034
    Train loss after mini-batch  3900: 0.034
    Train loss after mini-batch  4000: 0.034
    Train loss after mini-batch  4100: 0.034
Epoch: 29/50, Train Loss: 0.03358334, Val Loss: 0.68041907

Starting epoch 30/50
    Train loss after mini-batch   100: 0.031
    Train loss after mini-batch   200: 0.031
    Train loss after mini-batch   300: 0.031
    Train loss after mini-batch   400: 0.031
    Train loss after mini-batch   500: 0.031
    Train loss after mini-batch   600: 0.031
    Train loss after mini-batch   700: 0.031
    Train loss after mini-batch   800: 0.031
    Train loss after mini-batch   900: 0.031
    Train loss after mini-batch  1000: 0.031
    Train loss after mini-batch  1100: 0.031
    Train loss after mini-batch  1200: 0.031
    Train loss after mini-batch  1300: 0.031
    Train loss after mini-batch  1400: 0.031
    Train loss after mini-batch  1500: 0.031
    Train loss after mini-batch  1600: 0.031
    Train loss after mini-batch  1700: 0.031
    Train loss after mini-batch  1800: 0.031
    Train loss after mini-batch  1900: 0.031
    Train loss after mini-batch  2000: 0.031
    Train loss after mini-batch  2100: 0.031
    Train loss after mini-batch  2200: 0.031
    Train loss after mini-batch  2300: 0.031
    Train loss after mini-batch  2400: 0.031
    Train loss after mini-batch  2500: 0.031
    Train loss after mini-batch  2600: 0.031
    Train loss after mini-batch  2700: 0.031
    Train loss after mini-batch  2800: 0.031
    Train loss after mini-batch  2900: 0.031
    Train loss after mini-batch  3000: 0.032
    Train loss after mini-batch  3100: 0.032
    Train loss after mini-batch  3200: 0.032
    Train loss after mini-batch  3300: 0.032
    Train loss after mini-batch  3400: 0.032
    Train loss after mini-batch  3500: 0.032
    Train loss after mini-batch  3600: 0.032
    Train loss after mini-batch  3700: 0.032
    Train loss after mini-batch  3800: 0.032
    Train loss after mini-batch  3900: 0.032
    Train loss after mini-batch  4000: 0.032
    Train loss after mini-batch  4100: 0.032
Epoch: 30/50, Train Loss: 0.03160638, Val Loss: 0.68064085
Model models/OwnBaselineCNN/OwnBaselineCNN_low_lr_32_batch_size_normalized/2022-10-20_21-49-56/model_epoch_30.pth saved!

Starting epoch 31/50
    Train loss after mini-batch   100: 0.030
    Train loss after mini-batch   200: 0.030
    Train loss after mini-batch   300: 0.030
    Train loss after mini-batch   400: 0.029
    Train loss after mini-batch   500: 0.029
    Train loss after mini-batch   600: 0.029
    Train loss after mini-batch   700: 0.029
    Train loss after mini-batch   800: 0.029
    Train loss after mini-batch   900: 0.029
    Train loss after mini-batch  1000: 0.029
    Train loss after mini-batch  1100: 0.029
    Train loss after mini-batch  1200: 0.029
    Train loss after mini-batch  1300: 0.029
    Train loss after mini-batch  1400: 0.029
    Train loss after mini-batch  1500: 0.029
    Train loss after mini-batch  1600: 0.029
    Train loss after mini-batch  1700: 0.029
    Train loss after mini-batch  1800: 0.029
    Train loss after mini-batch  1900: 0.029
    Train loss after mini-batch  2000: 0.029
    Train loss after mini-batch  2100: 0.029
    Train loss after mini-batch  2200: 0.029
    Train loss after mini-batch  2300: 0.029
    Train loss after mini-batch  2400: 0.030
    Train loss after mini-batch  2500: 0.030
    Train loss after mini-batch  2600: 0.030
    Train loss after mini-batch  2700: 0.030
    Train loss after mini-batch  2800: 0.030
    Train loss after mini-batch  2900: 0.030
    Train loss after mini-batch  3000: 0.030
    Train loss after mini-batch  3100: 0.030
    Train loss after mini-batch  3200: 0.030
    Train loss after mini-batch  3300: 0.030
    Train loss after mini-batch  3400: 0.030
    Train loss after mini-batch  3500: 0.030
    Train loss after mini-batch  3600: 0.030
    Train loss after mini-batch  3700: 0.030
    Train loss after mini-batch  3800: 0.030
    Train loss after mini-batch  3900: 0.030
    Train loss after mini-batch  4000: 0.030
    Train loss after mini-batch  4100: 0.030
Epoch: 31/50, Train Loss: 0.02979965, Val Loss: 0.68076806

Starting epoch 32/50
    Train loss after mini-batch   100: 0.028
    Train loss after mini-batch   200: 0.028
    Train loss after mini-batch   300: 0.028
    Train loss after mini-batch   400: 0.028
    Train loss after mini-batch   500: 0.028
    Train loss after mini-batch   600: 0.028
    Train loss after mini-batch   700: 0.028
    Train loss after mini-batch   800: 0.028
    Train loss after mini-batch   900: 0.028
    Train loss after mini-batch  1000: 0.028
    Train loss after mini-batch  1100: 0.028
    Train loss after mini-batch  1200: 0.028
    Train loss after mini-batch  1300: 0.028
    Train loss after mini-batch  1400: 0.028
    Train loss after mini-batch  1500: 0.028
    Train loss after mini-batch  1600: 0.028
    Train loss after mini-batch  1700: 0.028
    Train loss after mini-batch  1800: 0.028
    Train loss after mini-batch  1900: 0.028
    Train loss after mini-batch  2000: 0.028
    Train loss after mini-batch  2100: 0.028
    Train loss after mini-batch  2200: 0.028
    Train loss after mini-batch  2300: 0.028
    Train loss after mini-batch  2400: 0.028
    Train loss after mini-batch  2500: 0.028
    Train loss after mini-batch  2600: 0.028
    Train loss after mini-batch  2700: 0.028
    Train loss after mini-batch  2800: 0.028
    Train loss after mini-batch  2900: 0.028
    Train loss after mini-batch  3000: 0.028
    Train loss after mini-batch  3100: 0.028
    Train loss after mini-batch  3200: 0.028
    Train loss after mini-batch  3300: 0.028
    Train loss after mini-batch  3400: 0.028
    Train loss after mini-batch  3500: 0.028
    Train loss after mini-batch  3600: 0.028
    Train loss after mini-batch  3700: 0.028
    Train loss after mini-batch  3800: 0.028
    Train loss after mini-batch  3900: 0.028
    Train loss after mini-batch  4000: 0.028
    Train loss after mini-batch  4100: 0.028
Epoch: 32/50, Train Loss: 0.02820445, Val Loss: 0.67903344

Starting epoch 33/50
    Train loss after mini-batch   100: 0.026
    Train loss after mini-batch   200: 0.026
    Train loss after mini-batch   300: 0.026
    Train loss after mini-batch   400: 0.026
    Train loss after mini-batch   500: 0.026
    Train loss after mini-batch   600: 0.026
    Train loss after mini-batch   700: 0.026
    Train loss after mini-batch   800: 0.026
    Train loss after mini-batch   900: 0.026
    Train loss after mini-batch  1000: 0.026
    Train loss after mini-batch  1100: 0.026
    Train loss after mini-batch  1200: 0.026
    Train loss after mini-batch  1300: 0.026
    Train loss after mini-batch  1400: 0.026
    Train loss after mini-batch  1500: 0.026
    Train loss after mini-batch  1600: 0.026
    Train loss after mini-batch  1700: 0.026
    Train loss after mini-batch  1800: 0.026
    Train loss after mini-batch  1900: 0.027
    Train loss after mini-batch  2000: 0.027
    Train loss after mini-batch  2100: 0.027
    Train loss after mini-batch  2200: 0.027
    Train loss after mini-batch  2300: 0.027
    Train loss after mini-batch  2400: 0.027
    Train loss after mini-batch  2500: 0.027
    Train loss after mini-batch  2600: 0.027
    Train loss after mini-batch  2700: 0.027
    Train loss after mini-batch  2800: 0.027
    Train loss after mini-batch  2900: 0.027
    Train loss after mini-batch  3000: 0.027
    Train loss after mini-batch  3100: 0.027
    Train loss after mini-batch  3200: 0.027
    Train loss after mini-batch  3300: 0.027
    Train loss after mini-batch  3400: 0.027
    Train loss after mini-batch  3500: 0.027
    Train loss after mini-batch  3600: 0.027
    Train loss after mini-batch  3700: 0.027
    Train loss after mini-batch  3800: 0.027
    Train loss after mini-batch  3900: 0.027
    Train loss after mini-batch  4000: 0.027
    Train loss after mini-batch  4100: 0.027
Epoch: 33/50, Train Loss: 0.02672655, Val Loss: 0.68067823

Starting epoch 34/50
    Train loss after mini-batch   100: 0.026
    Train loss after mini-batch   200: 0.025
    Train loss after mini-batch   300: 0.025
    Train loss after mini-batch   400: 0.025
    Train loss after mini-batch   500: 0.025
    Train loss after mini-batch   600: 0.025
    Train loss after mini-batch   700: 0.025
    Train loss after mini-batch   800: 0.025
    Train loss after mini-batch   900: 0.025
    Train loss after mini-batch  1000: 0.025
    Train loss after mini-batch  1100: 0.025
    Train loss after mini-batch  1200: 0.025
    Train loss after mini-batch  1300: 0.025
    Train loss after mini-batch  1400: 0.025
    Train loss after mini-batch  1500: 0.025
    Train loss after mini-batch  1600: 0.025
    Train loss after mini-batch  1700: 0.025
    Train loss after mini-batch  1800: 0.025
    Train loss after mini-batch  1900: 0.025
    Train loss after mini-batch  2000: 0.025
    Train loss after mini-batch  2100: 0.025
    Train loss after mini-batch  2200: 0.025
    Train loss after mini-batch  2300: 0.025
    Train loss after mini-batch  2400: 0.025
    Train loss after mini-batch  2500: 0.025
    Train loss after mini-batch  2600: 0.025
    Train loss after mini-batch  2700: 0.025
    Train loss after mini-batch  2800: 0.025
    Train loss after mini-batch  2900: 0.025
    Train loss after mini-batch  3000: 0.025
    Train loss after mini-batch  3100: 0.025
    Train loss after mini-batch  3200: 0.025
    Train loss after mini-batch  3300: 0.025
    Train loss after mini-batch  3400: 0.025
    Train loss after mini-batch  3500: 0.025
    Train loss after mini-batch  3600: 0.025
    Train loss after mini-batch  3700: 0.025
    Train loss after mini-batch  3800: 0.025
    Train loss after mini-batch  3900: 0.025
    Train loss after mini-batch  4000: 0.025
    Train loss after mini-batch  4100: 0.025
Epoch: 34/50, Train Loss: 0.02538974, Val Loss: 0.67816215

Starting epoch 35/50
    Train loss after mini-batch   100: 0.024
    Train loss after mini-batch   200: 0.024
    Train loss after mini-batch   300: 0.024
    Train loss after mini-batch   400: 0.024
    Train loss after mini-batch   500: 0.024
    Train loss after mini-batch   600: 0.024
    Train loss after mini-batch   700: 0.024
    Train loss after mini-batch   800: 0.024
    Train loss after mini-batch   900: 0.024
    Train loss after mini-batch  1000: 0.024
    Train loss after mini-batch  1100: 0.024
    Train loss after mini-batch  1200: 0.024
    Train loss after mini-batch  1300: 0.024
    Train loss after mini-batch  1400: 0.024
    Train loss after mini-batch  1500: 0.024
    Train loss after mini-batch  1600: 0.024
    Train loss after mini-batch  1700: 0.024
    Train loss after mini-batch  1800: 0.024
    Train loss after mini-batch  1900: 0.024
    Train loss after mini-batch  2000: 0.024
    Train loss after mini-batch  2100: 0.024
    Train loss after mini-batch  2200: 0.024
    Train loss after mini-batch  2300: 0.024
    Train loss after mini-batch  2400: 0.024
    Train loss after mini-batch  2500: 0.024
    Train loss after mini-batch  2600: 0.024
    Train loss after mini-batch  2700: 0.024
    Train loss after mini-batch  2800: 0.024
    Train loss after mini-batch  2900: 0.024
    Train loss after mini-batch  3000: 0.024
    Train loss after mini-batch  3100: 0.024
    Train loss after mini-batch  3200: 0.024
    Train loss after mini-batch  3300: 0.024
    Train loss after mini-batch  3400: 0.024
    Train loss after mini-batch  3500: 0.024
    Train loss after mini-batch  3600: 0.024
    Train loss after mini-batch  3700: 0.024
    Train loss after mini-batch  3800: 0.024
    Train loss after mini-batch  3900: 0.024
    Train loss after mini-batch  4000: 0.024
    Train loss after mini-batch  4100: 0.024
Epoch: 35/50, Train Loss: 0.02419413, Val Loss: 0.67901299
Model models/OwnBaselineCNN/OwnBaselineCNN_low_lr_32_batch_size_normalized/2022-10-20_21-49-56/model_epoch_35.pth saved!

Starting epoch 36/50
    Train loss after mini-batch   100: 0.023
    Train loss after mini-batch   200: 0.023
    Train loss after mini-batch   300: 0.023
    Train loss after mini-batch   400: 0.023
    Train loss after mini-batch   500: 0.023
    Train loss after mini-batch   600: 0.023
    Train loss after mini-batch   700: 0.023
    Train loss after mini-batch   800: 0.023
    Train loss after mini-batch   900: 0.023
    Train loss after mini-batch  1000: 0.023
    Train loss after mini-batch  1100: 0.023
    Train loss after mini-batch  1200: 0.023
    Train loss after mini-batch  1300: 0.023
    Train loss after mini-batch  1400: 0.023
    Train loss after mini-batch  1500: 0.023
    Train loss after mini-batch  1600: 0.023
    Train loss after mini-batch  1700: 0.023
    Train loss after mini-batch  1800: 0.023
    Train loss after mini-batch  1900: 0.023
    Train loss after mini-batch  2000: 0.023
    Train loss after mini-batch  2100: 0.023
    Train loss after mini-batch  2200: 0.023
    Train loss after mini-batch  2300: 0.023
    Train loss after mini-batch  2400: 0.023
    Train loss after mini-batch  2500: 0.023
    Train loss after mini-batch  2600: 0.023
    Train loss after mini-batch  2700: 0.023
    Train loss after mini-batch  2800: 0.023
    Train loss after mini-batch  2900: 0.023
    Train loss after mini-batch  3000: 0.023
    Train loss after mini-batch  3100: 0.023
    Train loss after mini-batch  3200: 0.023
    Train loss after mini-batch  3300: 0.023
    Train loss after mini-batch  3400: 0.023
    Train loss after mini-batch  3500: 0.023
    Train loss after mini-batch  3600: 0.023
    Train loss after mini-batch  3700: 0.023
    Train loss after mini-batch  3800: 0.023
    Train loss after mini-batch  3900: 0.023
    Train loss after mini-batch  4000: 0.023
    Train loss after mini-batch  4100: 0.023
Epoch: 36/50, Train Loss: 0.02305602, Val Loss: 0.68003901

Starting epoch 37/50
    Train loss after mini-batch   100: 0.022
    Train loss after mini-batch   200: 0.022
    Train loss after mini-batch   300: 0.022
    Train loss after mini-batch   400: 0.022
    Train loss after mini-batch   500: 0.022
    Train loss after mini-batch   600: 0.022
    Train loss after mini-batch   700: 0.022
    Train loss after mini-batch   800: 0.022
    Train loss after mini-batch   900: 0.022
    Train loss after mini-batch  1000: 0.022
    Train loss after mini-batch  1100: 0.022
    Train loss after mini-batch  1200: 0.022
    Train loss after mini-batch  1300: 0.022
    Train loss after mini-batch  1400: 0.022
    Train loss after mini-batch  1500: 0.022
    Train loss after mini-batch  1600: 0.022
    Train loss after mini-batch  1700: 0.022
    Train loss after mini-batch  1800: 0.022
    Train loss after mini-batch  1900: 0.022
    Train loss after mini-batch  2000: 0.022
    Train loss after mini-batch  2100: 0.022
    Train loss after mini-batch  2200: 0.022
    Train loss after mini-batch  2300: 0.022
    Train loss after mini-batch  2400: 0.022
    Train loss after mini-batch  2500: 0.022
    Train loss after mini-batch  2600: 0.022
    Train loss after mini-batch  2700: 0.022
    Train loss after mini-batch  2800: 0.022
    Train loss after mini-batch  2900: 0.022
    Train loss after mini-batch  3000: 0.022
    Train loss after mini-batch  3100: 0.022
    Train loss after mini-batch  3200: 0.022
    Train loss after mini-batch  3300: 0.022
    Train loss after mini-batch  3400: 0.022
    Train loss after mini-batch  3500: 0.022
    Train loss after mini-batch  3600: 0.022
    Train loss after mini-batch  3700: 0.022
    Train loss after mini-batch  3800: 0.022
    Train loss after mini-batch  3900: 0.022
    Train loss after mini-batch  4000: 0.022
    Train loss after mini-batch  4100: 0.022
Epoch: 37/50, Train Loss: 0.02203555, Val Loss: 0.67897407

Starting epoch 38/50
    Train loss after mini-batch   100: 0.021
    Train loss after mini-batch   200: 0.021
    Train loss after mini-batch   300: 0.021
    Train loss after mini-batch   400: 0.021
    Train loss after mini-batch   500: 0.021
    Train loss after mini-batch   600: 0.021
    Train loss after mini-batch   700: 0.021
    Train loss after mini-batch   800: 0.021
    Train loss after mini-batch   900: 0.021
    Train loss after mini-batch  1000: 0.021
    Train loss after mini-batch  1100: 0.021
    Train loss after mini-batch  1200: 0.021
    Train loss after mini-batch  1300: 0.021
    Train loss after mini-batch  1400: 0.021
    Train loss after mini-batch  1500: 0.021
    Train loss after mini-batch  1600: 0.021
    Train loss after mini-batch  1700: 0.021
    Train loss after mini-batch  1800: 0.021
    Train loss after mini-batch  1900: 0.021
    Train loss after mini-batch  2000: 0.021
    Train loss after mini-batch  2100: 0.021
    Train loss after mini-batch  2200: 0.021
    Train loss after mini-batch  2300: 0.021
    Train loss after mini-batch  2400: 0.021
    Train loss after mini-batch  2500: 0.021
    Train loss after mini-batch  2600: 0.021
    Train loss after mini-batch  2700: 0.021
    Train loss after mini-batch  2800: 0.021
    Train loss after mini-batch  2900: 0.021
    Train loss after mini-batch  3000: 0.021
    Train loss after mini-batch  3100: 0.021
    Train loss after mini-batch  3200: 0.021
    Train loss after mini-batch  3300: 0.021
    Train loss after mini-batch  3400: 0.021
    Train loss after mini-batch  3500: 0.021
    Train loss after mini-batch  3600: 0.021
    Train loss after mini-batch  3700: 0.021
    Train loss after mini-batch  3800: 0.021
    Train loss after mini-batch  3900: 0.021
    Train loss after mini-batch  4000: 0.021
    Train loss after mini-batch  4100: 0.021
Epoch: 38/50, Train Loss: 0.02113925, Val Loss: 0.67741489

Starting epoch 39/50
    Train loss after mini-batch   100: 0.021
    Train loss after mini-batch   200: 0.020
    Train loss after mini-batch   300: 0.020
    Train loss after mini-batch   400: 0.020
    Train loss after mini-batch   500: 0.020
    Train loss after mini-batch   600: 0.020
    Train loss after mini-batch   700: 0.020
    Train loss after mini-batch   800: 0.020
    Train loss after mini-batch   900: 0.020
    Train loss after mini-batch  1000: 0.020
    Train loss after mini-batch  1100: 0.020
    Train loss after mini-batch  1200: 0.020
    Train loss after mini-batch  1300: 0.020
    Train loss after mini-batch  1400: 0.020
    Train loss after mini-batch  1500: 0.020
    Train loss after mini-batch  1600: 0.020
    Train loss after mini-batch  1700: 0.020
    Train loss after mini-batch  1800: 0.020
    Train loss after mini-batch  1900: 0.020
    Train loss after mini-batch  2000: 0.020
    Train loss after mini-batch  2100: 0.020
    Train loss after mini-batch  2200: 0.020
    Train loss after mini-batch  2300: 0.020
    Train loss after mini-batch  2400: 0.020
    Train loss after mini-batch  2500: 0.020
    Train loss after mini-batch  2600: 0.020
    Train loss after mini-batch  2700: 0.020
    Train loss after mini-batch  2800: 0.020
    Train loss after mini-batch  2900: 0.020
    Train loss after mini-batch  3000: 0.020
    Train loss after mini-batch  3100: 0.020
    Train loss after mini-batch  3200: 0.020
    Train loss after mini-batch  3300: 0.020
    Train loss after mini-batch  3400: 0.020
    Train loss after mini-batch  3500: 0.020
    Train loss after mini-batch  3600: 0.020
    Train loss after mini-batch  3700: 0.020
    Train loss after mini-batch  3800: 0.020
    Train loss after mini-batch  3900: 0.020
    Train loss after mini-batch  4000: 0.020
    Train loss after mini-batch  4100: 0.020
Epoch: 39/50, Train Loss: 0.02029938, Val Loss: 0.67496511

Starting epoch 40/50
    Train loss after mini-batch   100: 0.020
    Train loss after mini-batch   200: 0.019
    Train loss after mini-batch   300: 0.019
    Train loss after mini-batch   400: 0.019
    Train loss after mini-batch   500: 0.019
    Train loss after mini-batch   600: 0.020
    Train loss after mini-batch   700: 0.019
    Train loss after mini-batch   800: 0.019
    Train loss after mini-batch   900: 0.019
    Train loss after mini-batch  1000: 0.019
    Train loss after mini-batch  1100: 0.019
    Train loss after mini-batch  1200: 0.019
    Train loss after mini-batch  1300: 0.019
    Train loss after mini-batch  1400: 0.019
    Train loss after mini-batch  1500: 0.019
    Train loss after mini-batch  1600: 0.019
    Train loss after mini-batch  1700: 0.019
    Train loss after mini-batch  1800: 0.019
    Train loss after mini-batch  1900: 0.019
    Train loss after mini-batch  2000: 0.019
    Train loss after mini-batch  2100: 0.019
    Train loss after mini-batch  2200: 0.019
    Train loss after mini-batch  2300: 0.019
    Train loss after mini-batch  2400: 0.019
    Train loss after mini-batch  2500: 0.019
    Train loss after mini-batch  2600: 0.019
    Train loss after mini-batch  2700: 0.019
    Train loss after mini-batch  2800: 0.019
    Train loss after mini-batch  2900: 0.019
    Train loss after mini-batch  3000: 0.019
    Train loss after mini-batch  3100: 0.019
    Train loss after mini-batch  3200: 0.019
    Train loss after mini-batch  3300: 0.019
    Train loss after mini-batch  3400: 0.019
    Train loss after mini-batch  3500: 0.019
    Train loss after mini-batch  3600: 0.019
    Train loss after mini-batch  3700: 0.019
    Train loss after mini-batch  3800: 0.019
    Train loss after mini-batch  3900: 0.019
    Train loss after mini-batch  4000: 0.019
    Train loss after mini-batch  4100: 0.019
Epoch: 40/50, Train Loss: 0.01948927, Val Loss: 0.68066004
Model models/OwnBaselineCNN/OwnBaselineCNN_low_lr_32_batch_size_normalized/2022-10-20_21-49-56/model_epoch_40.pth saved!

Starting epoch 41/50
    Train loss after mini-batch   100: 0.019
    Train loss after mini-batch   200: 0.019
    Train loss after mini-batch   300: 0.019
    Train loss after mini-batch   400: 0.019
    Train loss after mini-batch   500: 0.019
    Train loss after mini-batch   600: 0.019
    Train loss after mini-batch   700: 0.019
    Train loss after mini-batch   800: 0.019
    Train loss after mini-batch   900: 0.019
    Train loss after mini-batch  1000: 0.019
    Train loss after mini-batch  1100: 0.019
    Train loss after mini-batch  1200: 0.019
    Train loss after mini-batch  1300: 0.019
    Train loss after mini-batch  1400: 0.019
    Train loss after mini-batch  1500: 0.019
    Train loss after mini-batch  1600: 0.019
    Train loss after mini-batch  1700: 0.019
    Train loss after mini-batch  1800: 0.019
    Train loss after mini-batch  1900: 0.019
    Train loss after mini-batch  2000: 0.019
    Train loss after mini-batch  2100: 0.019
    Train loss after mini-batch  2200: 0.019
    Train loss after mini-batch  2300: 0.019
    Train loss after mini-batch  2400: 0.019
    Train loss after mini-batch  2500: 0.019
    Train loss after mini-batch  2600: 0.019
    Train loss after mini-batch  2700: 0.019
    Train loss after mini-batch  2800: 0.019
    Train loss after mini-batch  2900: 0.019
    Train loss after mini-batch  3000: 0.019
    Train loss after mini-batch  3100: 0.019
    Train loss after mini-batch  3200: 0.019
    Train loss after mini-batch  3300: 0.019
    Train loss after mini-batch  3400: 0.019
    Train loss after mini-batch  3500: 0.019
    Train loss after mini-batch  3600: 0.019
    Train loss after mini-batch  3700: 0.019
    Train loss after mini-batch  3800: 0.019
    Train loss after mini-batch  3900: 0.019
    Train loss after mini-batch  4000: 0.019
    Train loss after mini-batch  4100: 0.019
Epoch: 41/50, Train Loss: 0.01877026, Val Loss: 0.67324595

Starting epoch 42/50
    Train loss after mini-batch   100: 0.018
    Train loss after mini-batch   200: 0.018
    Train loss after mini-batch   300: 0.018
    Train loss after mini-batch   400: 0.018
    Train loss after mini-batch   500: 0.018
    Train loss after mini-batch   600: 0.018
    Train loss after mini-batch   700: 0.018
    Train loss after mini-batch   800: 0.018
    Train loss after mini-batch   900: 0.018
    Train loss after mini-batch  1000: 0.018
    Train loss after mini-batch  1100: 0.018
    Train loss after mini-batch  1200: 0.018
    Train loss after mini-batch  1300: 0.018
    Train loss after mini-batch  1400: 0.018
    Train loss after mini-batch  1500: 0.018
    Train loss after mini-batch  1600: 0.018
    Train loss after mini-batch  1700: 0.018
    Train loss after mini-batch  1800: 0.018
    Train loss after mini-batch  1900: 0.018
    Train loss after mini-batch  2000: 0.018
    Train loss after mini-batch  2100: 0.018
    Train loss after mini-batch  2200: 0.018
    Train loss after mini-batch  2300: 0.018
    Train loss after mini-batch  2400: 0.018
    Train loss after mini-batch  2500: 0.018
    Train loss after mini-batch  2600: 0.018
    Train loss after mini-batch  2700: 0.018
    Train loss after mini-batch  2800: 0.018
    Train loss after mini-batch  2900: 0.018
    Train loss after mini-batch  3000: 0.018
    Train loss after mini-batch  3100: 0.018
    Train loss after mini-batch  3200: 0.018
    Train loss after mini-batch  3300: 0.018
    Train loss after mini-batch  3400: 0.018
    Train loss after mini-batch  3500: 0.018
    Train loss after mini-batch  3600: 0.018
    Train loss after mini-batch  3700: 0.018
    Train loss after mini-batch  3800: 0.018
    Train loss after mini-batch  3900: 0.018
    Train loss after mini-batch  4000: 0.018
    Train loss after mini-batch  4100: 0.018
Epoch: 42/50, Train Loss: 0.01808475, Val Loss: 0.67632967

Starting epoch 43/50
    Train loss after mini-batch   100: 0.018
    Train loss after mini-batch   200: 0.018
    Train loss after mini-batch   300: 0.018
    Train loss after mini-batch   400: 0.018
    Train loss after mini-batch   500: 0.018
    Train loss after mini-batch   600: 0.018
    Train loss after mini-batch   700: 0.018
    Train loss after mini-batch   800: 0.018
    Train loss after mini-batch   900: 0.018
    Train loss after mini-batch  1000: 0.017
    Train loss after mini-batch  1100: 0.017
    Train loss after mini-batch  1200: 0.017
    Train loss after mini-batch  1300: 0.017
    Train loss after mini-batch  1400: 0.017
    Train loss after mini-batch  1500: 0.017
    Train loss after mini-batch  1600: 0.018
    Train loss after mini-batch  1700: 0.017
    Train loss after mini-batch  1800: 0.017
    Train loss after mini-batch  1900: 0.017
    Train loss after mini-batch  2000: 0.017
    Train loss after mini-batch  2100: 0.017
    Train loss after mini-batch  2200: 0.017
    Train loss after mini-batch  2300: 0.017
    Train loss after mini-batch  2400: 0.017
    Train loss after mini-batch  2500: 0.017
    Train loss after mini-batch  2600: 0.017
    Train loss after mini-batch  2700: 0.017
    Train loss after mini-batch  2800: 0.017
    Train loss after mini-batch  2900: 0.017
    Train loss after mini-batch  3000: 0.017
    Train loss after mini-batch  3100: 0.017
    Train loss after mini-batch  3200: 0.017
    Train loss after mini-batch  3300: 0.017
    Train loss after mini-batch  3400: 0.017
    Train loss after mini-batch  3500: 0.017
    Train loss after mini-batch  3600: 0.017
    Train loss after mini-batch  3700: 0.017
    Train loss after mini-batch  3800: 0.017
    Train loss after mini-batch  3900: 0.017
    Train loss after mini-batch  4000: 0.017
    Train loss after mini-batch  4100: 0.017
Epoch: 43/50, Train Loss: 0.01744067, Val Loss: 0.67436147

Starting epoch 44/50
    Train loss after mini-batch   100: 0.017
    Train loss after mini-batch   200: 0.017
    Train loss after mini-batch   300: 0.017
    Train loss after mini-batch   400: 0.017
    Train loss after mini-batch   500: 0.017
    Train loss after mini-batch   600: 0.017
    Train loss after mini-batch   700: 0.017
    Train loss after mini-batch   800: 0.017
    Train loss after mini-batch   900: 0.017
    Train loss after mini-batch  1000: 0.017
    Train loss after mini-batch  1100: 0.017
    Train loss after mini-batch  1200: 0.017
    Train loss after mini-batch  1300: 0.017
    Train loss after mini-batch  1400: 0.017
    Train loss after mini-batch  1500: 0.017
    Train loss after mini-batch  1600: 0.017
    Train loss after mini-batch  1700: 0.017
    Train loss after mini-batch  1800: 0.017
    Train loss after mini-batch  1900: 0.017
    Train loss after mini-batch  2000: 0.017
    Train loss after mini-batch  2100: 0.017
    Train loss after mini-batch  2200: 0.017
    Train loss after mini-batch  2300: 0.017
    Train loss after mini-batch  2400: 0.017
    Train loss after mini-batch  2500: 0.017
    Train loss after mini-batch  2600: 0.017
    Train loss after mini-batch  2700: 0.017
    Train loss after mini-batch  2800: 0.017
    Train loss after mini-batch  2900: 0.017
    Train loss after mini-batch  3000: 0.017
    Train loss after mini-batch  3100: 0.017
    Train loss after mini-batch  3200: 0.017
    Train loss after mini-batch  3300: 0.017
    Train loss after mini-batch  3400: 0.017
    Train loss after mini-batch  3500: 0.017
    Train loss after mini-batch  3600: 0.017
    Train loss after mini-batch  3700: 0.017
    Train loss after mini-batch  3800: 0.017
    Train loss after mini-batch  3900: 0.017
    Train loss after mini-batch  4000: 0.017
    Train loss after mini-batch  4100: 0.017
Epoch: 44/50, Train Loss: 0.01684859, Val Loss: 0.67350717

Starting epoch 45/50
    Train loss after mini-batch   100: 0.016
    Train loss after mini-batch   200: 0.016
    Train loss after mini-batch   300: 0.016
    Train loss after mini-batch   400: 0.016
    Train loss after mini-batch   500: 0.016
    Train loss after mini-batch   600: 0.016
    Train loss after mini-batch   700: 0.016
    Train loss after mini-batch   800: 0.016
    Train loss after mini-batch   900: 0.016
    Train loss after mini-batch  1000: 0.016
    Train loss after mini-batch  1100: 0.016
    Train loss after mini-batch  1200: 0.016
    Train loss after mini-batch  1300: 0.016
    Train loss after mini-batch  1400: 0.016
    Train loss after mini-batch  1500: 0.016
    Train loss after mini-batch  1600: 0.016
    Train loss after mini-batch  1700: 0.016
    Train loss after mini-batch  1800: 0.016
    Train loss after mini-batch  1900: 0.016
    Train loss after mini-batch  2000: 0.016
    Train loss after mini-batch  2100: 0.016
    Train loss after mini-batch  2200: 0.016
    Train loss after mini-batch  2300: 0.016
    Train loss after mini-batch  2400: 0.016
    Train loss after mini-batch  2500: 0.016
    Train loss after mini-batch  2600: 0.016
    Train loss after mini-batch  2700: 0.016
    Train loss after mini-batch  2800: 0.016
    Train loss after mini-batch  2900: 0.016
    Train loss after mini-batch  3000: 0.016
    Train loss after mini-batch  3100: 0.016
    Train loss after mini-batch  3200: 0.016
    Train loss after mini-batch  3300: 0.016
    Train loss after mini-batch  3400: 0.016
    Train loss after mini-batch  3500: 0.016
    Train loss after mini-batch  3600: 0.016
    Train loss after mini-batch  3700: 0.016
    Train loss after mini-batch  3800: 0.016
    Train loss after mini-batch  3900: 0.016
    Train loss after mini-batch  4000: 0.016
    Train loss after mini-batch  4100: 0.016
Epoch: 45/50, Train Loss: 0.01632160, Val Loss: 0.67679212
Model models/OwnBaselineCNN/OwnBaselineCNN_low_lr_32_batch_size_normalized/2022-10-20_21-49-56/model_epoch_45.pth saved!

Starting epoch 46/50
    Train loss after mini-batch   100: 0.016
    Train loss after mini-batch   200: 0.016
    Train loss after mini-batch   300: 0.016
    Train loss after mini-batch   400: 0.016
    Train loss after mini-batch   500: 0.016
    Train loss after mini-batch   600: 0.016
    Train loss after mini-batch   700: 0.016
    Train loss after mini-batch   800: 0.016
    Train loss after mini-batch   900: 0.016
    Train loss after mini-batch  1000: 0.016
    Train loss after mini-batch  1100: 0.016
    Train loss after mini-batch  1200: 0.016
    Train loss after mini-batch  1300: 0.016
    Train loss after mini-batch  1400: 0.016
    Train loss after mini-batch  1500: 0.016
    Train loss after mini-batch  1600: 0.016
    Train loss after mini-batch  1700: 0.016
    Train loss after mini-batch  1800: 0.016
    Train loss after mini-batch  1900: 0.016
    Train loss after mini-batch  2000: 0.016
    Train loss after mini-batch  2100: 0.016
    Train loss after mini-batch  2200: 0.016
    Train loss after mini-batch  2300: 0.016
    Train loss after mini-batch  2400: 0.016
    Train loss after mini-batch  2500: 0.016
    Train loss after mini-batch  2600: 0.016
    Train loss after mini-batch  2700: 0.016
    Train loss after mini-batch  2800: 0.016
    Train loss after mini-batch  2900: 0.016
    Train loss after mini-batch  3000: 0.016
    Train loss after mini-batch  3100: 0.016
    Train loss after mini-batch  3200: 0.016
    Train loss after mini-batch  3300: 0.016
    Train loss after mini-batch  3400: 0.016
    Train loss after mini-batch  3500: 0.016
    Train loss after mini-batch  3600: 0.016
    Train loss after mini-batch  3700: 0.016
    Train loss after mini-batch  3800: 0.016
    Train loss after mini-batch  3900: 0.016
    Train loss after mini-batch  4000: 0.016
    Train loss after mini-batch  4100: 0.016
Epoch: 46/50, Train Loss: 0.01576643, Val Loss: 0.67686333

Starting epoch 47/50
    Train loss after mini-batch   100: 0.015
    Train loss after mini-batch   200: 0.015
    Train loss after mini-batch   300: 0.015
    Train loss after mini-batch   400: 0.015
    Train loss after mini-batch   500: 0.015
    Train loss after mini-batch   600: 0.015
    Train loss after mini-batch   700: 0.015
    Train loss after mini-batch   800: 0.015
    Train loss after mini-batch   900: 0.015
    Train loss after mini-batch  1000: 0.015
    Train loss after mini-batch  1100: 0.015
    Train loss after mini-batch  1200: 0.015
    Train loss after mini-batch  1300: 0.015
    Train loss after mini-batch  1400: 0.015
    Train loss after mini-batch  1500: 0.015
    Train loss after mini-batch  1600: 0.015
    Train loss after mini-batch  1700: 0.015
    Train loss after mini-batch  1800: 0.015
    Train loss after mini-batch  1900: 0.015
    Train loss after mini-batch  2000: 0.015
    Train loss after mini-batch  2100: 0.015
    Train loss after mini-batch  2200: 0.015
    Train loss after mini-batch  2300: 0.015
    Train loss after mini-batch  2400: 0.015
    Train loss after mini-batch  2500: 0.015
    Train loss after mini-batch  2600: 0.015
    Train loss after mini-batch  2700: 0.015
    Train loss after mini-batch  2800: 0.015
    Train loss after mini-batch  2900: 0.015
    Train loss after mini-batch  3000: 0.015
    Train loss after mini-batch  3100: 0.015
    Train loss after mini-batch  3200: 0.015
    Train loss after mini-batch  3300: 0.015
    Train loss after mini-batch  3400: 0.015
    Train loss after mini-batch  3500: 0.015
    Train loss after mini-batch  3600: 0.015
    Train loss after mini-batch  3700: 0.015
    Train loss after mini-batch  3800: 0.015
    Train loss after mini-batch  3900: 0.015
    Train loss after mini-batch  4000: 0.015
    Train loss after mini-batch  4100: 0.015
Epoch: 47/50, Train Loss: 0.01530397, Val Loss: 0.67682694

Starting epoch 48/50
    Train loss after mini-batch   100: 0.015
    Train loss after mini-batch   200: 0.015
    Train loss after mini-batch   300: 0.015
    Train loss after mini-batch   400: 0.015
    Train loss after mini-batch   500: 0.015
    Train loss after mini-batch   600: 0.015
    Train loss after mini-batch   700: 0.015
    Train loss after mini-batch   800: 0.015
    Train loss after mini-batch   900: 0.015
    Train loss after mini-batch  1000: 0.015
    Train loss after mini-batch  1100: 0.015
    Train loss after mini-batch  1200: 0.015
    Train loss after mini-batch  1300: 0.015
    Train loss after mini-batch  1400: 0.015
    Train loss after mini-batch  1500: 0.015
    Train loss after mini-batch  1600: 0.015
    Train loss after mini-batch  1700: 0.015
    Train loss after mini-batch  1800: 0.015
    Train loss after mini-batch  1900: 0.015
    Train loss after mini-batch  2000: 0.015
    Train loss after mini-batch  2100: 0.015
    Train loss after mini-batch  2200: 0.015
    Train loss after mini-batch  2300: 0.015
    Train loss after mini-batch  2400: 0.015
    Train loss after mini-batch  2500: 0.015
    Train loss after mini-batch  2600: 0.015
    Train loss after mini-batch  2700: 0.015
    Train loss after mini-batch  2800: 0.015
    Train loss after mini-batch  2900: 0.015
    Train loss after mini-batch  3000: 0.015
    Train loss after mini-batch  3100: 0.015
    Train loss after mini-batch  3200: 0.015
    Train loss after mini-batch  3300: 0.015
    Train loss after mini-batch  3400: 0.015
    Train loss after mini-batch  3500: 0.015
    Train loss after mini-batch  3600: 0.015
    Train loss after mini-batch  3700: 0.015
    Train loss after mini-batch  3800: 0.015
    Train loss after mini-batch  3900: 0.015
    Train loss after mini-batch  4000: 0.015
    Train loss after mini-batch  4100: 0.015
Epoch: 48/50, Train Loss: 0.01484489, Val Loss: 0.67343700

Starting epoch 49/50
    Train loss after mini-batch   100: 0.015
    Train loss after mini-batch   200: 0.014
    Train loss after mini-batch   300: 0.014
    Train loss after mini-batch   400: 0.015
    Train loss after mini-batch   500: 0.014
    Train loss after mini-batch   600: 0.014
    Train loss after mini-batch   700: 0.014
    Train loss after mini-batch   800: 0.014
    Train loss after mini-batch   900: 0.014
    Train loss after mini-batch  1000: 0.014
    Train loss after mini-batch  1100: 0.014
    Train loss after mini-batch  1200: 0.014
    Train loss after mini-batch  1300: 0.014
    Train loss after mini-batch  1400: 0.014
    Train loss after mini-batch  1500: 0.014
    Train loss after mini-batch  1600: 0.014
    Train loss after mini-batch  1700: 0.014
    Train loss after mini-batch  1800: 0.014
    Train loss after mini-batch  1900: 0.014
    Train loss after mini-batch  2000: 0.014
    Train loss after mini-batch  2100: 0.014
    Train loss after mini-batch  2200: 0.014
    Train loss after mini-batch  2300: 0.014
    Train loss after mini-batch  2400: 0.014
    Train loss after mini-batch  2500: 0.014
    Train loss after mini-batch  2600: 0.014
    Train loss after mini-batch  2700: 0.014
    Train loss after mini-batch  2800: 0.014
    Train loss after mini-batch  2900: 0.014
    Train loss after mini-batch  3000: 0.014
    Train loss after mini-batch  3100: 0.014
    Train loss after mini-batch  3200: 0.014
    Train loss after mini-batch  3300: 0.014
    Train loss after mini-batch  3400: 0.014
    Train loss after mini-batch  3500: 0.014
    Train loss after mini-batch  3600: 0.014
    Train loss after mini-batch  3700: 0.014
    Train loss after mini-batch  3800: 0.014
    Train loss after mini-batch  3900: 0.014
    Train loss after mini-batch  4000: 0.014
    Train loss after mini-batch  4100: 0.014
Epoch: 49/50, Train Loss: 0.01442915, Val Loss: 0.67558285

Starting epoch 50/50
    Train loss after mini-batch   100: 0.014
    Train loss after mini-batch   200: 0.014
    Train loss after mini-batch   300: 0.014
    Train loss after mini-batch   400: 0.014
    Train loss after mini-batch   500: 0.014
    Train loss after mini-batch   600: 0.014
    Train loss after mini-batch   700: 0.014
    Train loss after mini-batch   800: 0.014
    Train loss after mini-batch   900: 0.014
    Train loss after mini-batch  1000: 0.014
    Train loss after mini-batch  1100: 0.014
    Train loss after mini-batch  1200: 0.014
    Train loss after mini-batch  1300: 0.014
    Train loss after mini-batch  1400: 0.014
    Train loss after mini-batch  1500: 0.014
    Train loss after mini-batch  1600: 0.014
    Train loss after mini-batch  1700: 0.014
    Train loss after mini-batch  1800: 0.014
    Train loss after mini-batch  1900: 0.014
    Train loss after mini-batch  2000: 0.014
    Train loss after mini-batch  2100: 0.014
    Train loss after mini-batch  2200: 0.014
    Train loss after mini-batch  2300: 0.014
    Train loss after mini-batch  2400: 0.014
    Train loss after mini-batch  2500: 0.014
    Train loss after mini-batch  2600: 0.014
    Train loss after mini-batch  2700: 0.014
    Train loss after mini-batch  2800: 0.014
    Train loss after mini-batch  2900: 0.014
    Train loss after mini-batch  3000: 0.014
    Train loss after mini-batch  3100: 0.014
    Train loss after mini-batch  3200: 0.014
    Train loss after mini-batch  3300: 0.014
    Train loss after mini-batch  3400: 0.014
    Train loss after mini-batch  3500: 0.014
    Train loss after mini-batch  3600: 0.014
    Train loss after mini-batch  3700: 0.014
    Train loss after mini-batch  3800: 0.014
    Train loss after mini-batch  3900: 0.014
    Train loss after mini-batch  4000: 0.014
    Train loss after mini-batch  4100: 0.014
Epoch: 50/50, Train Loss: 0.01402079, Val Loss: 0.67496216
Model models/OwnBaselineCNN/OwnBaselineCNN_low_lr_32_batch_size_normalized/2022-10-20_21-49-56/model_epoch_50.pth saved!
Training process has finished.
Saving model... 
Saved: models/OwnBaselineCNN/OwnBaselineCNN_low_lr_32_batch_size_normalized/2022-10-20_21-49-56/model.pth
