{'name': 'ResNet50_SunShangetAl_compositional_loss', 'epochs': 25, 'learning_rate': 0.03, 'lr_decay_milestones': [10, 20], 'lr_decay_gamma': 0.1, 'weight_decay': 0.0002, 'loss_function': <module 'loss.CompositionalLoss' from '/share/temp/students/jonah/ma-jonah/pipeline/loss/CompositionalLoss.py'>, 'momentum': 0.9, 'optimizer': <class 'torch.optim.sgd.SGD'>, 'use_rotation_data': False, 'shuffle': True, 'batch_size': 8, 'normalize': False, 'description': '\nResNet50 wie beschrieben im Paper: Compositional Human Pose Regression.\nAls Loss kommt der im Paper beschriebene Compositional Loss zum Einsatz.\n'}

Start training of model: ResNet50_SunShangetAl_compositional_loss

Starting epoch 1/25
    Train loss after mini-batch   100: 57387.795
    Train loss after mini-batch   200: 32691.461
    Train loss after mini-batch   300: 24410.812
    Train loss after mini-batch   400: 20269.436
    Train loss after mini-batch   500: 17827.540
    Train loss after mini-batch   600: 16177.160
    Train loss after mini-batch   700: 14996.339
    Train loss after mini-batch   800: 14103.174
    Train loss after mini-batch   900: 13403.613
    Train loss after mini-batch  1000: 12846.474
    Train loss after mini-batch  1100: 12394.493
    Train loss after mini-batch  1200: 12022.458
    Train loss after mini-batch  1300: 11702.234
    Train loss after mini-batch  1400: 11433.848
    Train loss after mini-batch  1500: 11190.331
    Train loss after mini-batch  1600: 10984.008
    Train loss after mini-batch  1700: 10805.486
    Train loss after mini-batch  1800: 10647.756
    Train loss after mini-batch  1900: 10498.303
    Train loss after mini-batch  2000: 10369.822
    Train loss after mini-batch  2100: 10248.895
    Train loss after mini-batch  2200: 10146.968
    Train loss after mini-batch  2300: 10051.243
    Train loss after mini-batch  2400: 9961.519
    Train loss after mini-batch  2500: 9883.303
    Train loss after mini-batch  2600: 9805.639
    Train loss after mini-batch  2700: 9735.581
    Train loss after mini-batch  2800: 9668.287
    Train loss after mini-batch  2900: 9606.678
    Train loss after mini-batch  3000: 9549.672
    Train loss after mini-batch  3100: 9494.321
    Train loss after mini-batch  3200: 9442.665
    Train loss after mini-batch  3300: 9398.647
    Train loss after mini-batch  3400: 9353.870
    Train loss after mini-batch  3500: 9310.094
    Train loss after mini-batch  3600: 9269.064
    Train loss after mini-batch  3700: 9230.685
    Train loss after mini-batch  3800: 9194.545
    Train loss after mini-batch  3900: 9160.193
    Train loss after mini-batch  4000: 9127.362
    Train loss after mini-batch  4100: 9096.772
    Train loss after mini-batch  4200: 9067.725
    Train loss after mini-batch  4300: 9040.109
    Train loss after mini-batch  4400: 9012.486
    Train loss after mini-batch  4500: 8986.008
    Train loss after mini-batch  4600: 8961.533
    Train loss after mini-batch  4700: 8939.700
    Train loss after mini-batch  4800: 8916.376
    Train loss after mini-batch  4900: 8895.613
    Train loss after mini-batch  5000: 8877.846
    Train loss after mini-batch  5100: 8858.373
    Train loss after mini-batch  5200: 8840.198
    Train loss after mini-batch  5300: 8825.217
    Train loss after mini-batch  5400: 8807.305
    Train loss after mini-batch  5500: 8790.968
    Train loss after mini-batch  5600: 8775.382
    Train loss after mini-batch  5700: 8760.308
    Train loss after mini-batch  5800: 8743.625
    Train loss after mini-batch  5900: 8728.663
    Train loss after mini-batch  6000: 8714.561
    Train loss after mini-batch  6100: 8700.994
    Train loss after mini-batch  6200: 8687.554
    Train loss after mini-batch  6300: 8674.044
    Train loss after mini-batch  6400: 8662.439
    Train loss after mini-batch  6500: 8651.621
    Train loss after mini-batch  6600: 8639.566
    Train loss after mini-batch  6700: 8629.653
    Train loss after mini-batch  6800: 8619.031
    Train loss after mini-batch  6900: 8609.476
    Train loss after mini-batch  7000: 8599.737
    Train loss after mini-batch  7100: 8588.570
    Train loss after mini-batch  7200: 8577.381
    Train loss after mini-batch  7300: 8568.420
    Train loss after mini-batch  7400: 8558.767
    Train loss after mini-batch  7500: 8549.120
    Train loss after mini-batch  7600: 8538.481
    Train loss after mini-batch  7700: 8528.919
    Train loss after mini-batch  7800: 8520.317
    Train loss after mini-batch  7900: 8511.810
    Train loss after mini-batch  8000: 8503.551
    Train loss after mini-batch  8100: 8494.898
    Train loss after mini-batch  8200: 8488.770
    Train loss after mini-batch  8300: 8481.087
    Train loss after mini-batch  8400: 8473.064
    Train loss after mini-batch  8500: 8466.048
    Train loss after mini-batch  8600: 8459.578
    Train loss after mini-batch  8700: 8452.137
    Train loss after mini-batch  8800: 8445.770
    Train loss after mini-batch  8900: 8440.354
    Train loss after mini-batch  9000: 8433.734
    Train loss after mini-batch  9100: 8426.785
    Train loss after mini-batch  9200: 8419.660
    Train loss after mini-batch  9300: 8414.952
    Train loss after mini-batch  9400: 8408.925
    Train loss after mini-batch  9500: 8403.440
    Train loss after mini-batch  9600: 8398.168
    Train loss after mini-batch  9700: 8393.319
    Train loss after mini-batch  9800: 8389.243
    Train loss after mini-batch  9900: 8383.417
    Train loss after mini-batch 10000: 8378.794
    Train loss after mini-batch 10100: 8373.306
    Train loss after mini-batch 10200: 8368.793
    Train loss after mini-batch 10300: 8363.938
    Train loss after mini-batch 10400: 8360.326
    Train loss after mini-batch 10500: 8355.810
    Train loss after mini-batch 10600: 8351.387
    Train loss after mini-batch 10700: 8346.232
    Train loss after mini-batch 10800: 8341.824
    Train loss after mini-batch 10900: 8338.019
    Train loss after mini-batch 11000: 8333.967
    Train loss after mini-batch 11100: 8330.098
    Train loss after mini-batch 11200: 8325.353
    Train loss after mini-batch 11300: 8321.066
    Train loss after mini-batch 11400: 8317.116
    Train loss after mini-batch 11500: 8314.193
    Train loss after mini-batch 11600: 8310.852
    Train loss after mini-batch 11700: 8307.603
    Train loss after mini-batch 11800: 8304.369
    Train loss after mini-batch 11900: 8300.584
    Train loss after mini-batch 12000: 8297.247
    Train loss after mini-batch 12100: 8293.765
    Train loss after mini-batch 12200: 8289.449
    Train loss after mini-batch 12300: 8285.144
    Train loss after mini-batch 12400: 8281.399
    Train loss after mini-batch 12500: 8278.961
    Train loss after mini-batch 12600: 8275.288
    Train loss after mini-batch 12700: 8271.678
    Train loss after mini-batch 12800: 8268.453
    Train loss after mini-batch 12900: 8264.981
    Train loss after mini-batch 13000: 8262.699
    Train loss after mini-batch 13100: 8260.128
    Train loss after mini-batch 13200: 8257.297
    Train loss after mini-batch 13300: 8255.124
    Train loss after mini-batch 13400: 8252.647
    Train loss after mini-batch 13500: 8250.468
    Train loss after mini-batch 13600: 8247.326
    Train loss after mini-batch 13700: 8244.866
    Train loss after mini-batch 13800: 8242.338
    Train loss after mini-batch 13900: 8239.695
    Train loss after mini-batch 14000: 8237.143
    Train loss after mini-batch 14100: 8234.009
    Train loss after mini-batch 14200: 8231.448
    Train loss after mini-batch 14300: 8228.441
    Train loss after mini-batch 14400: 8225.429
    Train loss after mini-batch 14500: 8222.970
    Train loss after mini-batch 14600: 8220.827
    Train loss after mini-batch 14700: 8218.505
    Train loss after mini-batch 14800: 8216.909
    Train loss after mini-batch 14900: 8216.163
    Train loss after mini-batch 15000: 8214.474
    Train loss after mini-batch 15100: 8212.374
    Train loss after mini-batch 15200: 8209.948
    Train loss after mini-batch 15300: 8207.093
    Train loss after mini-batch 15400: 8205.113
    Train loss after mini-batch 15500: 8202.793
    Train loss after mini-batch 15600: 8200.728
    Train loss after mini-batch 15700: 8197.563
    Train loss after mini-batch 15800: 8195.878
    Train loss after mini-batch 15900: 8193.669
    Train loss after mini-batch 16000: 8191.765
    Train loss after mini-batch 16100: 8190.079
    Train loss after mini-batch 16200: 8187.742
    Train loss after mini-batch 16300: 8185.606
    Train loss after mini-batch 16400: 8183.952
Epoch: 1/25, Train Loss: 8182.95351992, Val Loss: 8604.77084372

Starting epoch 2/25
    Train loss after mini-batch   100: 7793.884
    Train loss after mini-batch   200: 7858.558
    Train loss after mini-batch   300: 7871.511
    Train loss after mini-batch   400: 7892.309
    Train loss after mini-batch   500: 7887.454
    Train loss after mini-batch   600: 7881.917
    Train loss after mini-batch   700: 7881.165
    Train loss after mini-batch   800: 7885.547
    Train loss after mini-batch   900: 7887.937
    Train loss after mini-batch  1000: 7878.402
    Train loss after mini-batch  1100: 7890.827
    Train loss after mini-batch  1200: 7890.098
    Train loss after mini-batch  1300: 7890.570
    Train loss after mini-batch  1400: 7888.774
    Train loss after mini-batch  1500: 7885.993
    Train loss after mini-batch  1600: 7888.247
    Train loss after mini-batch  1700: 7891.611
    Train loss after mini-batch  1800: 7894.109
    Train loss after mini-batch  1900: 7893.013
    Train loss after mini-batch  2000: 7897.825
    Train loss after mini-batch  2100: 7893.512
    Train loss after mini-batch  2200: 7890.975
    Train loss after mini-batch  2300: 7888.525
    Train loss after mini-batch  2400: 7889.471
    Train loss after mini-batch  2500: 7890.572
    Train loss after mini-batch  2600: 7892.936
    Train loss after mini-batch  2700: 7890.785
    Train loss after mini-batch  2800: 7886.481
    Train loss after mini-batch  2900: 7887.144
    Train loss after mini-batch  3000: 7885.221
    Train loss after mini-batch  3100: 7881.890
    Train loss after mini-batch  3200: 7883.117
    Train loss after mini-batch  3300: 7882.913
    Train loss after mini-batch  3400: 7883.791
    Train loss after mini-batch  3500: 7886.082
    Train loss after mini-batch  3600: 7885.592
    Train loss after mini-batch  3700: 7886.473
    Train loss after mini-batch  3800: 7886.495
    Train loss after mini-batch  3900: 7885.364
    Train loss after mini-batch  4000: 7885.416
    Train loss after mini-batch  4100: 7886.436
    Train loss after mini-batch  4200: 7889.446
    Train loss after mini-batch  4300: 7890.340
    Train loss after mini-batch  4400: 7889.602
    Train loss after mini-batch  4500: 7889.634
    Train loss after mini-batch  4600: 7889.088
    Train loss after mini-batch  4700: 7888.493
    Train loss after mini-batch  4800: 7889.455
    Train loss after mini-batch  4900: 7890.257
Saving model... 
Saved: models/ResNet50_SunShangetAl/ResNet50_SunShangetAl_compositional_loss/2022-07-15_12-12-54/model.pth
