{'name': 'ResNet50_SunShangetAl_compositional_loss', 'epochs': 25, 'learning_rate': 0.03, 'lr_decay_milestones': [10, 20], 'lr_decay_gamma': 0.1, 'loss_function': <module 'loss.CompositionalLoss' from '/share/temp/students/jonah/ma-jonah/pipeline/loss/CompositionalLoss.py'>, 'optimizer': <class 'torch.optim.sgd.SGD'>, 'output_size': 63, 'momentum': 0.9, 'weight_decay': 0.0002, 'use_rotation_data': False, 'shuffle': True, 'batch_size': 8, 'normalize': True, 'description': '\nResNet50 wie beschrieben im Paper: Compositional Human Pose Regression.\nAls Loss kommt der im Paper beschriebene Compositional Loss zum Einsatz.\n'}

Start training of model: ResNet50_SunShangetAl_compositional_loss

Starting epoch 1/25
    Train loss after mini-batch   100: 127112.612
    Train loss after mini-batch   200: 64295.723
    Train loss after mini-batch   300: 43411.203
    Train loss after mini-batch   400: 32900.772
    Train loss after mini-batch   500: 26572.047
    Train loss after mini-batch   600: 22359.557
    Train loss after mini-batch   700: 19425.000
    Train loss after mini-batch   800: 17162.137
    Train loss after mini-batch   900: 15401.602
    Train loss after mini-batch  1000: 14016.882
    Train loss after mini-batch  1100: 12870.398
    Train loss after mini-batch  1200: 11908.380
    Train loss after mini-batch  1300: 11090.509
    Train loss after mini-batch  1400: 10393.822
    Train loss after mini-batch  1500: 9786.334
    Train loss after mini-batch  1600: 9260.103
    Train loss after mini-batch  1700: 8797.899
    Train loss after mini-batch  1800: 8388.151
    Train loss after mini-batch  1900: 8017.879
    Train loss after mini-batch  2000: 7683.216
    Train loss after mini-batch  2100: 7380.063
    Train loss after mini-batch  2200: 7104.869
    Train loss after mini-batch  2300: 6857.735
    Train loss after mini-batch  2400: 6625.604
    Train loss after mini-batch  2500: 6415.896
    Train loss after mini-batch  2600: 6222.453
    Train loss after mini-batch  2700: 6043.309
    Train loss after mini-batch  2800: 5875.419
    Train loss after mini-batch  2900: 5721.867
    Train loss after mini-batch  3000: 5578.327
    Train loss after mini-batch  3100: 5447.137
    Train loss after mini-batch  3200: 5316.558
    Train loss after mini-batch  3300: 5194.992
    Train loss after mini-batch  3400: 5080.947
    Train loss after mini-batch  3500: 4971.394
    Train loss after mini-batch  3600: 4866.386
    Train loss after mini-batch  3700: 4770.580
    Train loss after mini-batch  3800: 4682.040
    Train loss after mini-batch  3900: 4597.604
    Train loss after mini-batch  4000: 4516.400
    Train loss after mini-batch  4100: 4438.296
    Train loss after mini-batch  4200: 4365.171
    Train loss after mini-batch  4300: 4297.461
    Train loss after mini-batch  4400: 4231.320
    Train loss after mini-batch  4500: 4168.487
    Train loss after mini-batch  4600: 4108.425
    Train loss after mini-batch  4700: 4049.576
    Train loss after mini-batch  4800: 3994.516
    Train loss after mini-batch  4900: 3941.085
    Train loss after mini-batch  5000: 3890.500
    Train loss after mini-batch  5100: 3840.125
    Train loss after mini-batch  5200: 3793.311
    Train loss after mini-batch  5300: 3748.459
    Train loss after mini-batch  5400: 3704.266
    Train loss after mini-batch  5500: 3662.140
    Train loss after mini-batch  5600: 3621.253
    Train loss after mini-batch  5700: 3582.634
    Train loss after mini-batch  5800: 3544.106
    Train loss after mini-batch  5900: 3507.234
    Train loss after mini-batch  6000: 3471.419
    Train loss after mini-batch  6100: 3436.497
    Train loss after mini-batch  6200: 3403.262
    Train loss after mini-batch  6300: 3370.894
    Train loss after mini-batch  6400: 3338.760
    Train loss after mini-batch  6500: 3307.726
    Train loss after mini-batch  6600: 3279.132
    Train loss after mini-batch  6700: 3251.462
    Train loss after mini-batch  6800: 3224.503
    Train loss after mini-batch  6900: 3197.806
    Train loss after mini-batch  7000: 3171.037
    Train loss after mini-batch  7100: 3146.120
    Train loss after mini-batch  7200: 3122.307
    Train loss after mini-batch  7300: 3099.791
    Train loss after mini-batch  7400: 3075.581
    Train loss after mini-batch  7500: 3052.580
    Train loss after mini-batch  7600: 3030.526
    Train loss after mini-batch  7700: 3009.242
    Train loss after mini-batch  7800: 2987.886
    Train loss after mini-batch  7900: 2967.788
    Train loss after mini-batch  8000: 2947.957
    Train loss after mini-batch  8100: 2928.986
    Train loss after mini-batch  8200: 2910.157
    Train loss after mini-batch  8300: 2892.012
    Train loss after mini-batch  8400: 2875.038
    Train loss after mini-batch  8500: 2857.607
    Train loss after mini-batch  8600: 2839.613
    Train loss after mini-batch  8700: 2822.266
    Train loss after mini-batch  8800: 2805.383
    Train loss after mini-batch  8900: 2788.870
    Train loss after mini-batch  9000: 2773.404
    Train loss after mini-batch  9100: 2758.523
    Train loss after mini-batch  9200: 2743.033
    Train loss after mini-batch  9300: 2727.726
    Train loss after mini-batch  9400: 2713.726
    Train loss after mini-batch  9500: 2699.180
    Train loss after mini-batch  9600: 2685.554
    Train loss after mini-batch  9700: 2671.958
    Train loss after mini-batch  9800: 2658.065
    Train loss after mini-batch  9900: 2645.108
    Train loss after mini-batch 10000: 2632.750
    Train loss after mini-batch 10100: 2620.275
    Train loss after mini-batch 10200: 2608.514
    Train loss after mini-batch 10300: 2596.678
    Train loss after mini-batch 10400: 2585.100
    Train loss after mini-batch 10500: 2573.973
    Train loss after mini-batch 10600: 2562.871
    Train loss after mini-batch 10700: 2551.833
    Train loss after mini-batch 10800: 2541.167
    Train loss after mini-batch 10900: 2530.377
    Train loss after mini-batch 11000: 2520.168
    Train loss after mini-batch 11100: 2510.058
    Train loss after mini-batch 11200: 2500.091
    Train loss after mini-batch 11300: 2490.274
    Train loss after mini-batch 11400: 2480.758
    Train loss after mini-batch 11500: 2471.380
    Train loss after mini-batch 11600: 2462.305
    Train loss after mini-batch 11700: 2453.424
    Train loss after mini-batch 11800: 2444.623
    Train loss after mini-batch 11900: 2435.916
    Train loss after mini-batch 12000: 2427.359
    Train loss after mini-batch 12100: 2418.819
    Train loss after mini-batch 12200: 2410.095
    Train loss after mini-batch 12300: 2401.644
    Train loss after mini-batch 12400: 2393.586
    Train loss after mini-batch 12500: 2385.702
    Train loss after mini-batch 12600: 2378.013
    Train loss after mini-batch 12700: 2370.271
    Train loss after mini-batch 12800: 2362.644
    Train loss after mini-batch 12900: 2355.306
    Train loss after mini-batch 13000: 2347.639
    Train loss after mini-batch 13100: 2339.958
    Train loss after mini-batch 13200: 2332.751
    Train loss after mini-batch 13300: 2325.193
    Train loss after mini-batch 13400: 2318.217
    Train loss after mini-batch 13500: 2311.379
    Train loss after mini-batch 13600: 2304.607
    Train loss after mini-batch 13700: 2298.037
    Train loss after mini-batch 13800: 2291.264
    Train loss after mini-batch 13900: 2284.944
    Train loss after mini-batch 14000: 2278.739
    Train loss after mini-batch 14100: 2272.603
    Train loss after mini-batch 14200: 2266.291
    Train loss after mini-batch 14300: 2260.379
    Train loss after mini-batch 14400: 2254.012
    Train loss after mini-batch 14500: 2247.673
    Train loss after mini-batch 14600: 2241.461
    Train loss after mini-batch 14700: 2235.423
    Train loss after mini-batch 14800: 2229.379
    Train loss after mini-batch 14900: 2223.679
    Train loss after mini-batch 15000: 2218.280
    Train loss after mini-batch 15100: 2212.898
    Train loss after mini-batch 15200: 2207.695
    Train loss after mini-batch 15300: 2202.474
    Train loss after mini-batch 15400: 2197.286
    Train loss after mini-batch 15500: 2192.161
    Train loss after mini-batch 15600: 2186.686
    Train loss after mini-batch 15700: 2181.212
    Train loss after mini-batch 15800: 2175.743
    Train loss after mini-batch 15900: 2170.457
    Train loss after mini-batch 16000: 2165.087
    Train loss after mini-batch 16100: 2160.303
    Train loss after mini-batch 16200: 2155.730
    Train loss after mini-batch 16300: 2150.781
    Train loss after mini-batch 16400: 2146.307
Epoch: 1/25, Train Loss: 2144.55962263, Val Loss: 4253.25674250

Starting epoch 2/25
    Train loss after mini-batch   100: 1389.750
    Train loss after mini-batch   200: 1384.855
    Train loss after mini-batch   300: 1395.258
    Train loss after mini-batch   400: 1409.332
    Train loss after mini-batch   500: 1412.125
    Train loss after mini-batch   600: 1394.953
    Train loss after mini-batch   700: 1392.918
    Train loss after mini-batch   800: 1395.756
    Train loss after mini-batch   900: 1403.436
    Train loss after mini-batch  1000: 1400.594
    Train loss after mini-batch  1100: 1397.753
    Train loss after mini-batch  1200: 1393.666
    Train loss after mini-batch  1300: 1391.910
    Train loss after mini-batch  1400: 1392.018
    Train loss after mini-batch  1500: 1393.660
    Train loss after mini-batch  1600: 1393.757
    Train loss after mini-batch  1700: 1389.635
    Train loss after mini-batch  1800: 1388.756
    Train loss after mini-batch  1900: 1385.649
    Train loss after mini-batch  2000: 1386.394
    Train loss after mini-batch  2100: 1387.425
    Train loss after mini-batch  2200: 1385.366
    Train loss after mini-batch  2300: 1382.576
    Train loss after mini-batch  2400: 1384.141
    Train loss after mini-batch  2500: 1379.565
    Train loss after mini-batch  2600: 1375.673
    Train loss after mini-batch  2700: 1377.022
    Train loss after mini-batch  2800: 1379.302
    Train loss after mini-batch  2900: 1381.742
    Train loss after mini-batch  3000: 1387.048
    Train loss after mini-batch  3100: 1392.890
    Train loss after mini-batch  3200: 1400.391
    Train loss after mini-batch  3300: 1406.250
    Train loss after mini-batch  3400: 1412.932
    Train loss after mini-batch  3500: 1419.091
    Train loss after mini-batch  3600: 1425.484
    Train loss after mini-batch  3700: 1430.058
    Train loss after mini-batch  3800: 1433.975
    Train loss after mini-batch  3900: 1438.409
    Train loss after mini-batch  4000: 1442.871
    Train loss after mini-batch  4100: 1446.510
    Train loss after mini-batch  4200: 1449.545
    Train loss after mini-batch  4300: 1452.866
    Train loss after mini-batch  4400: 1452.154
    Train loss after mini-batch  4500: 1449.544
    Train loss after mini-batch  4600: 1446.913
    Train loss after mini-batch  4700: 1444.220
    Train loss after mini-batch  4800: 1442.292
    Train loss after mini-batch  4900: 1441.930
    Train loss after mini-batch  5000: 1441.198
    Train loss after mini-batch  5100: 1440.558
    Train loss after mini-batch  5200: 1440.227
    Train loss after mini-batch  5300: 1439.849
    Train loss after mini-batch  5400: 1439.498
    Train loss after mini-batch  5500: 1438.763
    Train loss after mini-batch  5600: 1437.076
    Train loss after mini-batch  5700: 1436.282
    Train loss after mini-batch  5800: 1435.520
    Train loss after mini-batch  5900: 1433.660
    Train loss after mini-batch  6000: 1432.636
    Train loss after mini-batch  6100: 1430.897
    Train loss after mini-batch  6200: 1429.675
    Train loss after mini-batch  6300: 1429.092
    Train loss after mini-batch  6400: 1428.466
    Train loss after mini-batch  6500: 1428.026
    Train loss after mini-batch  6600: 1427.310
    Train loss after mini-batch  6700: 1427.288
    Train loss after mini-batch  6800: 1427.011
    Train loss after mini-batch  6900: 1426.509
    Train loss after mini-batch  7000: 1427.910
    Train loss after mini-batch  7100: 1430.221
    Train loss after mini-batch  7200: 1432.124
    Train loss after mini-batch  7300: 1430.515
    Train loss after mini-batch  7400: 1429.756
    Train loss after mini-batch  7500: 1428.922
    Train loss after mini-batch  7600: 1428.550
    Train loss after mini-batch  7700: 1428.455
    Train loss after mini-batch  7800: 1428.337
    Train loss after mini-batch  7900: 1428.125
    Train loss after mini-batch  8000: 1427.672
    Train loss after mini-batch  8100: 1426.918
    Train loss after mini-batch  8200: 1425.767
    Train loss after mini-batch  8300: 1424.258
    Train loss after mini-batch  8400: 1423.970
    Train loss after mini-batch  8500: 1423.413
    Train loss after mini-batch  8600: 1423.159
    Train loss after mini-batch  8700: 1422.308
    Train loss after mini-batch  8800: 1421.872
    Train loss after mini-batch  8900: 1420.953
    Train loss after mini-batch  9000: 1420.399
    Train loss after mini-batch  9100: 1420.164
    Train loss after mini-batch  9200: 1419.943
    Train loss after mini-batch  9300: 1419.335
    Train loss after mini-batch  9400: 1418.189
    Train loss after mini-batch  9500: 1418.067
    Train loss after mini-batch  9600: 1418.028
    Train loss after mini-batch  9700: 1417.981
    Train loss after mini-batch  9800: 1417.966
    Train loss after mini-batch  9900: 1418.021
    Train loss after mini-batch 10000: 1417.140
    Train loss after mini-batch 10100: 1416.197
    Train loss after mini-batch 10200: 1416.026
    Train loss after mini-batch 10300: 1415.994
    Train loss after mini-batch 10400: 1415.846
    Train loss after mini-batch 10500: 1415.715
    Train loss after mini-batch 10600: 1415.295
    Train loss after mini-batch 10700: 1414.775
    Train loss after mini-batch 10800: 1414.852
    Train loss after mini-batch 10900: 1414.837
    Train loss after mini-batch 11000: 1414.841
    Train loss after mini-batch 11100: 1414.958
    Train loss after mini-batch 11200: 1414.798
    Train loss after mini-batch 11300: 1414.238
    Train loss after mini-batch 11400: 1414.215
    Train loss after mini-batch 11500: 1414.258
    Train loss after mini-batch 11600: 1413.767
    Train loss after mini-batch 11700: 1413.595
    Train loss after mini-batch 11800: 1413.657
    Train loss after mini-batch 11900: 1413.532
    Train loss after mini-batch 12000: 1413.455
    Train loss after mini-batch 12100: 1413.540
    Train loss after mini-batch 12200: 1413.439
    Train loss after mini-batch 12300: 1413.177
    Train loss after mini-batch 12400: 1413.118
    Train loss after mini-batch 12500: 1413.045
    Train loss after mini-batch 12600: 1414.064
    Train loss after mini-batch 12700: 1414.113
    Train loss after mini-batch 12800: 1413.840
    Train loss after mini-batch 12900: 1413.898
    Train loss after mini-batch 13000: 1413.601
    Train loss after mini-batch 13100: 1413.495
    Train loss after mini-batch 13200: 1413.324
    Train loss after mini-batch 13300: 1413.056
    Train loss after mini-batch 13400: 1412.720
    Train loss after mini-batch 13500: 1412.363
    Train loss after mini-batch 13600: 1412.351
    Train loss after mini-batch 13700: 1412.429
    Train loss after mini-batch 13800: 1412.344
    Train loss after mini-batch 13900: 1412.202
    Train loss after mini-batch 14000: 1411.570
    Train loss after mini-batch 14100: 1411.354
    Train loss after mini-batch 14200: 1410.730
    Train loss after mini-batch 14300: 1410.695
    Train loss after mini-batch 14400: 1410.714
    Train loss after mini-batch 14500: 1410.976
    Train loss after mini-batch 14600: 1411.816
    Train loss after mini-batch 14700: 1411.853
    Train loss after mini-batch 14800: 1411.903
    Train loss after mini-batch 14900: 1411.840
    Train loss after mini-batch 15000: 1411.338
    Train loss after mini-batch 15100: 1411.136
    Train loss after mini-batch 15200: 1410.923
    Train loss after mini-batch 15300: 1411.653
    Train loss after mini-batch 15400: 1412.134
    Train loss after mini-batch 15500: 1411.872
    Train loss after mini-batch 15600: 1411.464
    Train loss after mini-batch 15700: 1411.503
    Train loss after mini-batch 15800: 1411.361
    Train loss after mini-batch 15900: 1411.432
    Train loss after mini-batch 16000: 1410.905
    Train loss after mini-batch 16100: 1410.965
    Train loss after mini-batch 16200: 1410.366
    Train loss after mini-batch 16300: 1410.128
    Train loss after mini-batch 16400: 1410.174
Epoch: 2/25, Train Loss: 1410.15215165, Val Loss: 2271.00270098

Starting epoch 3/25
    Train loss after mini-batch   100: 1374.697
    Train loss after mini-batch   200: 1364.936
    Train loss after mini-batch   300: 1382.486
    Train loss after mini-batch   400: 1391.951
    Train loss after mini-batch   500: 1396.952
    Train loss after mini-batch   600: 1387.796
    Train loss after mini-batch   700: 1381.538
    Train loss after mini-batch   800: 1385.924
    Train loss after mini-batch   900: 1389.826
    Train loss after mini-batch  1000: 1391.339
    Train loss after mini-batch  1100: 1394.181
    Train loss after mini-batch  1200: 1396.030
    Train loss after mini-batch  1300: 1396.233
    Train loss after mini-batch  1400: 1398.189
    Train loss after mini-batch  1500: 1396.030
    Train loss after mini-batch  1600: 1396.221
    Train loss after mini-batch  1700: 1394.067
    Train loss after mini-batch  1800: 1390.848
    Train loss after mini-batch  1900: 1387.052
    Train loss after mini-batch  2000: 1388.098
    Train loss after mini-batch  2100: 1388.763
    Train loss after mini-batch  2200: 1389.981
    Train loss after mini-batch  2300: 1390.240
    Train loss after mini-batch  2400: 1389.906
    Train loss after mini-batch  2500: 1388.299
    Train loss after mini-batch  2600: 1389.445
    Train loss after mini-batch  2700: 1390.399
    Train loss after mini-batch  2800: 1389.857
    Train loss after mini-batch  2900: 1389.768
    Train loss after mini-batch  3000: 1389.859
    Train loss after mini-batch  3100: 1390.158
    Train loss after mini-batch  3200: 1390.909
    Train loss after mini-batch  3300: 1391.797
    Train loss after mini-batch  3400: 1390.483
    Train loss after mini-batch  3500: 1389.077
    Train loss after mini-batch  3600: 1387.381
    Train loss after mini-batch  3700: 1386.357
    Train loss after mini-batch  3800: 1385.512
    Train loss after mini-batch  3900: 1386.141
    Train loss after mini-batch  4000: 1386.481
    Train loss after mini-batch  4100: 1387.251
    Train loss after mini-batch  4200: 1387.986
    Train loss after mini-batch  4300: 1388.763
    Train loss after mini-batch  4400: 1389.440
    Train loss after mini-batch  4500: 1390.216
    Train loss after mini-batch  4600: 1389.288
    Train loss after mini-batch  4700: 1388.016
    Train loss after mini-batch  4800: 1387.280
    Train loss after mini-batch  4900: 1387.955
    Train loss after mini-batch  5000: 1387.924
    Train loss after mini-batch  5100: 1388.618
    Train loss after mini-batch  5200: 1389.151
    Train loss after mini-batch  5300: 1388.573
    Train loss after mini-batch  5400: 1388.702
    Train loss after mini-batch  5500: 1389.290
    Train loss after mini-batch  5600: 1389.794
    Train loss after mini-batch  5700: 1389.748
    Train loss after mini-batch  5800: 1389.965
    Train loss after mini-batch  5900: 1390.376
    Train loss after mini-batch  6000: 1390.601
    Train loss after mini-batch  6100: 1390.758
    Train loss after mini-batch  6200: 1390.414
    Train loss after mini-batch  6300: 1389.421
    Train loss after mini-batch  6400: 1388.573
    Train loss after mini-batch  6500: 1387.838
    Train loss after mini-batch  6600: 1387.085
    Train loss after mini-batch  6700: 1386.275
    Train loss after mini-batch  6800: 1385.629
    Train loss after mini-batch  6900: 1385.500
    Train loss after mini-batch  7000: 1385.998
    Train loss after mini-batch  7100: 1386.252
    Train loss after mini-batch  7200: 1385.386
    Train loss after mini-batch  7300: 1384.439
    Train loss after mini-batch  7400: 1384.811
    Train loss after mini-batch  7500: 1384.851
    Train loss after mini-batch  7600: 1385.311
    Train loss after mini-batch  7700: 1385.736
    Train loss after mini-batch  7800: 1385.801
    Train loss after mini-batch  7900: 1386.104
    Train loss after mini-batch  8000: 1386.392
    Train loss after mini-batch  8100: 1385.854
    Train loss after mini-batch  8200: 1385.505
    Train loss after mini-batch  8300: 1385.720
    Train loss after mini-batch  8400: 1386.145
    Train loss after mini-batch  8500: 1386.511
    Train loss after mini-batch  8600: 1386.840
    Train loss after mini-batch  8700: 1386.648
    Train loss after mini-batch  8800: 1386.788
    Train loss after mini-batch  8900: 1387.110
    Train loss after mini-batch  9000: 1387.368
    Train loss after mini-batch  9100: 1387.647
    Train loss after mini-batch  9200: 1387.969
    Train loss after mini-batch  9300: 1387.844
    Train loss after mini-batch  9400: 1387.919
    Train loss after mini-batch  9500: 1388.291
    Train loss after mini-batch  9600: 1388.542
    Train loss after mini-batch  9700: 1388.514
    Train loss after mini-batch  9800: 1388.178
    Train loss after mini-batch  9900: 1388.078
    Train loss after mini-batch 10000: 1387.616
    Train loss after mini-batch 10100: 1387.164
    Train loss after mini-batch 10200: 1386.898
    Train loss after mini-batch 10300: 1387.087
    Train loss after mini-batch 10400: 1386.880
    Train loss after mini-batch 10500: 1386.700
    Train loss after mini-batch 10600: 1386.781
    Train loss after mini-batch 10700: 1386.185
    Train loss after mini-batch 10800: 1386.152
    Train loss after mini-batch 10900: 1386.447
    Train loss after mini-batch 11000: 1386.543
    Train loss after mini-batch 11100: 1386.829
    Train loss after mini-batch 11200: 1387.033
    Train loss after mini-batch 11300: 1387.361
    Train loss after mini-batch 11400: 1387.296
    Train loss after mini-batch 11500: 1387.356
    Train loss after mini-batch 11600: 1387.697
    Train loss after mini-batch 11700: 1387.582
    Train loss after mini-batch 11800: 1387.236
    Train loss after mini-batch 11900: 1387.279
    Train loss after mini-batch 12000: 1387.191
    Train loss after mini-batch 12100: 1387.187
    Train loss after mini-batch 12200: 1386.758
    Train loss after mini-batch 12300: 1386.728
    Train loss after mini-batch 12400: 1386.973
    Train loss after mini-batch 12500: 1387.219
    Train loss after mini-batch 12600: 1386.901
    Train loss after mini-batch 12700: 1386.986
    Train loss after mini-batch 12800: 1387.268
    Train loss after mini-batch 12900: 1387.538
    Train loss after mini-batch 13000: 1387.790
    Train loss after mini-batch 13100: 1387.816
    Train loss after mini-batch 13200: 1387.962
    Train loss after mini-batch 13300: 1388.221
    Train loss after mini-batch 13400: 1388.450
    Train loss after mini-batch 13500: 1388.558
    Train loss after mini-batch 13600: 1388.401
    Train loss after mini-batch 13700: 1388.592
    Train loss after mini-batch 13800: 1388.869
    Train loss after mini-batch 13900: 1388.855
    Train loss after mini-batch 14000: 1388.753
    Train loss after mini-batch 14100: 1388.663
    Train loss after mini-batch 14200: 1388.669
    Train loss after mini-batch 14300: 1388.911
    Train loss after mini-batch 14400: 1389.052
    Train loss after mini-batch 14500: 1388.908
    Train loss after mini-batch 14600: 1388.617
    Train loss after mini-batch 14700: 1388.825
    Train loss after mini-batch 14800: 1388.955
    Train loss after mini-batch 14900: 1389.021
    Train loss after mini-batch 15000: 1389.189
    Train loss after mini-batch 15100: 1389.412
    Train loss after mini-batch 15200: 1389.641
    Train loss after mini-batch 15300: 1389.741
    Train loss after mini-batch 15400: 1389.877
    Train loss after mini-batch 15500: 1389.880
    Train loss after mini-batch 15600: 1389.871
    Train loss after mini-batch 15700: 1389.841
    Train loss after mini-batch 15800: 1389.640
    Train loss after mini-batch 15900: 1389.868
    Train loss after mini-batch 16000: 1390.044
    Train loss after mini-batch 16100: 1390.184
    Train loss after mini-batch 16200: 1390.170
    Train loss after mini-batch 16300: 1390.330
    Train loss after mini-batch 16400: 1390.180
Epoch: 3/25, Train Loss: 1390.23255708, Val Loss: 1851.94315470

Starting epoch 4/25
    Train loss after mini-batch   100: 1379.352
    Train loss after mini-batch   200: 1392.812
    Train loss after mini-batch   300: 1377.950
    Train loss after mini-batch   400: 1387.394
    Train loss after mini-batch   500: 1391.743
    Train loss after mini-batch   600: 1394.298
    Train loss after mini-batch   700: 1382.486
    Train loss after mini-batch   800: 1378.882
    Train loss after mini-batch   900: 1381.635
    Train loss after mini-batch  1000: 1376.944
    Train loss after mini-batch  1100: 1371.539
    Train loss after mini-batch  1200: 1370.433
    Train loss after mini-batch  1300: 1376.364
    Train loss after mini-batch  1400: 1373.693
    Train loss after mini-batch  1500: 1369.066
    Train loss after mini-batch  1600: 1372.058
    Train loss after mini-batch  1700: 1368.776
    Train loss after mini-batch  1800: 1369.823
    Train loss after mini-batch  1900: 1372.477
    Train loss after mini-batch  2000: 1371.830
    Train loss after mini-batch  2100: 1370.916
    Train loss after mini-batch  2200: 1372.916
    Train loss after mini-batch  2300: 1373.137
    Train loss after mini-batch  2400: 1371.714
    Train loss after mini-batch  2500: 1370.457
    Train loss after mini-batch  2600: 1372.414
    Train loss after mini-batch  2700: 1372.911
    Train loss after mini-batch  2800: 1374.218
    Train loss after mini-batch  2900: 1375.951
    Train loss after mini-batch  3000: 1377.207
    Train loss after mini-batch  3100: 1378.543
    Train loss after mini-batch  3200: 1377.470
    Train loss after mini-batch  3300: 1377.756
    Train loss after mini-batch  3400: 1379.010
    Train loss after mini-batch  3500: 1379.789
    Train loss after mini-batch  3600: 1379.223
    Train loss after mini-batch  3700: 1378.111
    Train loss after mini-batch  3800: 1379.069
    Train loss after mini-batch  3900: 1380.019
    Train loss after mini-batch  4000: 1381.032
    Train loss after mini-batch  4100: 1381.908
    Train loss after mini-batch  4200: 1381.660
    Train loss after mini-batch  4300: 1382.178
    Train loss after mini-batch  4400: 1380.916
    Train loss after mini-batch  4500: 1380.130
    Train loss after mini-batch  4600: 1379.453
    Train loss after mini-batch  4700: 1379.807
    Train loss after mini-batch  4800: 1380.858
    Train loss after mini-batch  4900: 1381.708
    Train loss after mini-batch  5000: 1381.921
    Train loss after mini-batch  5100: 1380.135
    Train loss after mini-batch  5200: 1380.552
    Train loss after mini-batch  5300: 1378.913
    Train loss after mini-batch  5400: 1376.451
    Train loss after mini-batch  5500: 1376.837
    Train loss after mini-batch  5600: 1380.977
    Train loss after mini-batch  5700: 1384.941
    Train loss after mini-batch  5800: 1388.755
    Train loss after mini-batch  5900: 1392.387
    Train loss after mini-batch  6000: 1392.234
    Train loss after mini-batch  6100: 1392.617
    Train loss after mini-batch  6200: 1392.983
    Train loss after mini-batch  6300: 1393.381
    Train loss after mini-batch  6400: 1393.857
    Train loss after mini-batch  6500: 1394.230
    Train loss after mini-batch  6600: 1393.820
    Train loss after mini-batch  6700: 1393.155
    Train loss after mini-batch  6800: 1392.707
    Train loss after mini-batch  6900: 1392.719
    Train loss after mini-batch  7000: 1392.884
    Train loss after mini-batch  7100: 1392.988
    Train loss after mini-batch  7200: 1392.861
    Train loss after mini-batch  7300: 1391.886
    Train loss after mini-batch  7400: 1390.836
    Train loss after mini-batch  7500: 1389.212
    Train loss after mini-batch  7600: 1388.597
    Train loss after mini-batch  7700: 1388.497
    Train loss after mini-batch  7800: 1388.847
    Train loss after mini-batch  7900: 1388.466
    Train loss after mini-batch  8000: 1388.293
    Train loss after mini-batch  8100: 1387.897
    Train loss after mini-batch  8200: 1387.940
    Train loss after mini-batch  8300: 1387.994
    Train loss after mini-batch  8400: 1387.188
    Train loss after mini-batch  8500: 1387.322
    Train loss after mini-batch  8600: 1388.640
    Train loss after mini-batch  8700: 1388.824
    Train loss after mini-batch  8800: 1389.105
    Train loss after mini-batch  8900: 1389.224
    Train loss after mini-batch  9000: 1388.705
    Train loss after mini-batch  9100: 1388.175
    Train loss after mini-batch  9200: 1387.535
    Train loss after mini-batch  9300: 1386.942
    Train loss after mini-batch  9400: 1386.641
    Train loss after mini-batch  9500: 1386.439
    Train loss after mini-batch  9600: 1385.848
    Train loss after mini-batch  9700: 1385.717
    Train loss after mini-batch  9800: 1386.072
    Train loss after mini-batch  9900: 1386.408
    Train loss after mini-batch 10000: 1386.745
    Train loss after mini-batch 10100: 1387.080
    Train loss after mini-batch 10200: 1387.309
    Train loss after mini-batch 10300: 1387.243
    Train loss after mini-batch 10400: 1387.177
    Train loss after mini-batch 10500: 1387.519
    Train loss after mini-batch 10600: 1387.832
    Train loss after mini-batch 10700: 1387.623
    Train loss after mini-batch 10800: 1387.917
    Train loss after mini-batch 10900: 1388.223
    Train loss after mini-batch 11000: 1388.185
    Train loss after mini-batch 11100: 1388.434
    Train loss after mini-batch 11200: 1388.722
    Train loss after mini-batch 11300: 1388.917
    Train loss after mini-batch 11400: 1389.205
    Train loss after mini-batch 11500: 1388.926
    Train loss after mini-batch 11600: 1389.106
    Train loss after mini-batch 11700: 1389.348
    Train loss after mini-batch 11800: 1388.833
    Train loss after mini-batch 11900: 1388.906
    Train loss after mini-batch 12000: 1389.134
    Train loss after mini-batch 12100: 1389.248
    Train loss after mini-batch 12200: 1389.457
    Train loss after mini-batch 12300: 1389.354
    Train loss after mini-batch 12400: 1389.539
    Train loss after mini-batch 12500: 1389.609
    Train loss after mini-batch 12600: 1389.730
    Train loss after mini-batch 12700: 1389.955
    Train loss after mini-batch 12800: 1390.212
    Train loss after mini-batch 12900: 1390.167
    Train loss after mini-batch 13000: 1389.592
    Train loss after mini-batch 13100: 1389.366
    Train loss after mini-batch 13200: 1389.464
    Train loss after mini-batch 13300: 1389.533
    Train loss after mini-batch 13400: 1389.763
    Train loss after mini-batch 13500: 1389.960
    Train loss after mini-batch 13600: 1389.961
    Train loss after mini-batch 13700: 1389.815
    Train loss after mini-batch 13800: 1389.652
    Train loss after mini-batch 13900: 1389.879
    Train loss after mini-batch 14000: 1389.795
    Train loss after mini-batch 14100: 1389.924
    Train loss after mini-batch 14200: 1390.120
    Train loss after mini-batch 14300: 1390.143
    Train loss after mini-batch 14400: 1390.189
    Train loss after mini-batch 14500: 1390.395
    Train loss after mini-batch 14600: 1390.532
    Train loss after mini-batch 14700: 1390.723
    Train loss after mini-batch 14800: 1390.494
    Train loss after mini-batch 14900: 1390.574
    Train loss after mini-batch 15000: 1390.473
    Train loss after mini-batch 15100: 1390.477
    Train loss after mini-batch 15200: 1389.733
    Train loss after mini-batch 15300: 1389.161
    Train loss after mini-batch 15400: 1388.776
    Train loss after mini-batch 15500: 1388.746
    Train loss after mini-batch 15600: 1388.505
    Train loss after mini-batch 15700: 1388.144
    Train loss after mini-batch 15800: 1387.672
    Train loss after mini-batch 15900: 1387.537
    Train loss after mini-batch 16000: 1387.760
    Train loss after mini-batch 16100: 1387.313
    Train loss after mini-batch 16200: 1387.374
    Train loss after mini-batch 16300: 1387.543
    Train loss after mini-batch 16400: 1387.731
Epoch: 4/25, Train Loss: 1387.69370960, Val Loss: 1435.27512479

Starting epoch 5/25
    Train loss after mini-batch   100: 1365.407
    Train loss after mini-batch   200: 1392.001
    Train loss after mini-batch   300: 1403.039
    Train loss after mini-batch   400: 1407.188
    Train loss after mini-batch   500: 1406.734
    Train loss after mini-batch   600: 1408.624
    Train loss after mini-batch   700: 1402.257
    Train loss after mini-batch   800: 1402.501
    Train loss after mini-batch   900: 1401.726
    Train loss after mini-batch  1000: 1401.435
    Train loss after mini-batch  1100: 1398.551
    Train loss after mini-batch  1200: 1396.183
    Train loss after mini-batch  1300: 1398.171
    Train loss after mini-batch  1400: 1396.747
    Train loss after mini-batch  1500: 1390.886
    Train loss after mini-batch  1600: 1390.987
    Train loss after mini-batch  1700: 1392.763
    Train loss after mini-batch  1800: 1394.354
    Train loss after mini-batch  1900: 1391.086
    Train loss after mini-batch  2000: 1390.111
    Train loss after mini-batch  2100: 1391.204
    Train loss after mini-batch  2200: 1389.459
    Train loss after mini-batch  2300: 1390.117
    Train loss after mini-batch  2400: 1390.267
    Train loss after mini-batch  2500: 1390.502
    Train loss after mini-batch  2600: 1391.636
    Train loss after mini-batch  2700: 1392.844
    Train loss after mini-batch  2800: 1393.587
    Train loss after mini-batch  2900: 1394.556
    Train loss after mini-batch  3000: 1395.410
    Train loss after mini-batch  3100: 1396.764
    Train loss after mini-batch  3200: 1395.355
    Train loss after mini-batch  3300: 1393.565
    Train loss after mini-batch  3400: 1394.303
    Train loss after mini-batch  3500: 1395.023
    Train loss after mini-batch  3600: 1395.866
    Train loss after mini-batch  3700: 1394.792
    Train loss after mini-batch  3800: 1394.137
    Train loss after mini-batch  3900: 1392.861
    Train loss after mini-batch  4000: 1393.487
    Train loss after mini-batch  4100: 1394.161
    Train loss after mini-batch  4200: 1394.746
    Train loss after mini-batch  4300: 1395.343
    Train loss after mini-batch  4400: 1395.883
    Train loss after mini-batch  4500: 1394.841
    Train loss after mini-batch  4600: 1394.000
    Train loss after mini-batch  4700: 1394.510
    Train loss after mini-batch  4800: 1394.782
    Train loss after mini-batch  4900: 1393.250
    Train loss after mini-batch  5000: 1390.908
    Train loss after mini-batch  5100: 1388.671
    Train loss after mini-batch  5200: 1386.681
    Train loss after mini-batch  5300: 1385.734
    Train loss after mini-batch  5400: 1385.240
    Train loss after mini-batch  5500: 1385.457
    Train loss after mini-batch  5600: 1385.420
    Train loss after mini-batch  5700: 1385.397
    Train loss after mini-batch  5800: 1384.699
    Train loss after mini-batch  5900: 1384.839
    Train loss after mini-batch  6000: 1384.789
    Train loss after mini-batch  6100: 1384.383
    Train loss after mini-batch  6200: 1384.183
    Train loss after mini-batch  6300: 1383.442
    Train loss after mini-batch  6400: 1382.418
    Train loss after mini-batch  6500: 1382.116
    Train loss after mini-batch  6600: 1382.396
    Train loss after mini-batch  6700: 1382.097
    Train loss after mini-batch  6800: 1380.840
    Train loss after mini-batch  6900: 1381.008
    Train loss after mini-batch  7000: 1381.450
    Train loss after mini-batch  7100: 1380.983
    Train loss after mini-batch  7200: 1381.156
    Train loss after mini-batch  7300: 1380.994
    Train loss after mini-batch  7400: 1380.786
    Train loss after mini-batch  7500: 1381.111
    Train loss after mini-batch  7600: 1380.826
    Train loss after mini-batch  7700: 1380.722
    Train loss after mini-batch  7800: 1381.090
    Train loss after mini-batch  7900: 1380.532
    Train loss after mini-batch  8000: 1380.368
    Train loss after mini-batch  8100: 1380.303
    Train loss after mini-batch  8200: 1380.666
    Train loss after mini-batch  8300: 1380.463
    Train loss after mini-batch  8400: 1380.863
    Train loss after mini-batch  8500: 1381.333
    Train loss after mini-batch  8600: 1381.732
    Train loss after mini-batch  8700: 1382.245
    Train loss after mini-batch  8800: 1381.900
    Train loss after mini-batch  8900: 1381.367
    Train loss after mini-batch  9000: 1380.802
    Train loss after mini-batch  9100: 1381.179
    Train loss after mini-batch  9200: 1381.604
    Train loss after mini-batch  9300: 1381.494
    Train loss after mini-batch  9400: 1381.589
    Train loss after mini-batch  9500: 1380.588
    Train loss after mini-batch  9600: 1380.087
    Train loss after mini-batch  9700: 1380.314
    Train loss after mini-batch  9800: 1380.474
    Train loss after mini-batch  9900: 1380.715
    Train loss after mini-batch 10000: 1381.108
    Train loss after mini-batch 10100: 1381.459
    Train loss after mini-batch 10200: 1381.861
    Train loss after mini-batch 10300: 1382.262
    Train loss after mini-batch 10400: 1382.536
    Train loss after mini-batch 10500: 1382.151
    Train loss after mini-batch 10600: 1382.110
    Train loss after mini-batch 10700: 1382.401
    Train loss after mini-batch 10800: 1382.207
    Train loss after mini-batch 10900: 1382.517
    Train loss after mini-batch 11000: 1382.736
    Train loss after mini-batch 11100: 1382.335
    Train loss after mini-batch 11200: 1381.651
    Train loss after mini-batch 11300: 1381.451
    Train loss after mini-batch 11400: 1381.095
    Train loss after mini-batch 11500: 1380.699
    Train loss after mini-batch 11600: 1380.329
    Train loss after mini-batch 11700: 1380.636
    Train loss after mini-batch 11800: 1380.840
    Train loss after mini-batch 11900: 1380.593
    Train loss after mini-batch 12000: 1380.380
    Train loss after mini-batch 12100: 1380.565
    Train loss after mini-batch 12200: 1380.864
    Train loss after mini-batch 12300: 1381.040
    Train loss after mini-batch 12400: 1381.343
    Train loss after mini-batch 12500: 1381.314
    Train loss after mini-batch 12600: 1381.601
    Train loss after mini-batch 12700: 1381.800
    Train loss after mini-batch 12800: 1381.675
    Train loss after mini-batch 12900: 1381.580
    Train loss after mini-batch 13000: 1381.845
    Train loss after mini-batch 13100: 1382.156
    Train loss after mini-batch 13200: 1382.258
    Train loss after mini-batch 13300: 1382.223
    Train loss after mini-batch 13400: 1382.555
    Train loss after mini-batch 13500: 1382.576
    Train loss after mini-batch 13600: 1382.787
    Train loss after mini-batch 13700: 1382.459
    Train loss after mini-batch 13800: 1382.601
    Train loss after mini-batch 13900: 1383.776
    Train loss after mini-batch 14000: 1383.823
    Train loss after mini-batch 14100: 1384.054
    Train loss after mini-batch 14200: 1384.116
    Train loss after mini-batch 14300: 1384.083
    Train loss after mini-batch 14400: 1384.319
    Train loss after mini-batch 14500: 1384.267
    Train loss after mini-batch 14600: 1384.082
    Train loss after mini-batch 14700: 1384.139
    Train loss after mini-batch 14800: 1384.344
    Train loss after mini-batch 14900: 1384.560
    Train loss after mini-batch 15000: 1384.812
    Train loss after mini-batch 15100: 1385.054
    Train loss after mini-batch 15200: 1385.119
    Train loss after mini-batch 15300: 1385.112
    Train loss after mini-batch 15400: 1385.072
    Train loss after mini-batch 15500: 1384.732
    Train loss after mini-batch 15600: 1384.875
    Train loss after mini-batch 15700: 1384.971
    Train loss after mini-batch 15800: 1385.198
    Train loss after mini-batch 15900: 1385.430
    Train loss after mini-batch 16000: 1385.586
    Train loss after mini-batch 16100: 1385.722
    Train loss after mini-batch 16200: 1385.685
    Train loss after mini-batch 16300: 1385.409
    Train loss after mini-batch 16400: 1385.595
Epoch: 5/25, Train Loss: 1385.69605335, Val Loss: 1384.18346586
Model models/ResNet50_SunShangetAl/ResNet50_SunShangetAl_compositional_loss/2022-10-19_12-30-50/model_epoch_5.pth saved!

Starting epoch 6/25
    Train loss after mini-batch   100: 1416.500
    Train loss after mini-batch   200: 1409.449
    Train loss after mini-batch   300: 1414.246
    Train loss after mini-batch   400: 1416.198
    Train loss after mini-batch   500: 1407.900
    Train loss after mini-batch   600: 1402.347
    Train loss after mini-batch   700: 1403.970
    Train loss after mini-batch   800: 1398.106
    Train loss after mini-batch   900: 1396.736
    Train loss after mini-batch  1000: 1398.851
    Train loss after mini-batch  1100: 1394.114
    Train loss after mini-batch  1200: 1394.307
    Train loss after mini-batch  1300: 1396.281
    Train loss after mini-batch  1400: 1392.218
    Train loss after mini-batch  1500: 1393.488
    Train loss after mini-batch  1600: 1395.107
    Train loss after mini-batch  1700: 1396.104
    Train loss after mini-batch  1800: 1397.530
    Train loss after mini-batch  1900: 1398.618
    Train loss after mini-batch  2000: 1398.995
    Train loss after mini-batch  2100: 1396.748
    Train loss after mini-batch  2200: 1397.586
    Train loss after mini-batch  2300: 1397.656
    Train loss after mini-batch  2400: 1395.304
    Train loss after mini-batch  2500: 1394.615
    Train loss after mini-batch  2600: 1394.761
    Train loss after mini-batch  2700: 1394.755
    Train loss after mini-batch  2800: 1395.693
    Train loss after mini-batch  2900: 1397.785
    Train loss after mini-batch  3000: 1399.884
    Train loss after mini-batch  3100: 1397.750
    Train loss after mini-batch  3200: 1398.227
    Train loss after mini-batch  3300: 1398.274
    Train loss after mini-batch  3400: 1398.935
    Train loss after mini-batch  3500: 1398.960
    Train loss after mini-batch  3600: 1397.169
    Train loss after mini-batch  3700: 1395.402
    Train loss after mini-batch  3800: 1395.031
    Train loss after mini-batch  3900: 1394.033
    Train loss after mini-batch  4000: 1393.995
    Train loss after mini-batch  4100: 1394.462
    Train loss after mini-batch  4200: 1394.684
    Train loss after mini-batch  4300: 1395.404
    Train loss after mini-batch  4400: 1395.682
    Train loss after mini-batch  4500: 1395.077
    Train loss after mini-batch  4600: 1395.471
    Train loss after mini-batch  4700: 1395.866
    Train loss after mini-batch  4800: 1395.280
    Train loss after mini-batch  4900: 1395.012
    Train loss after mini-batch  5000: 1394.785
    Train loss after mini-batch  5100: 1394.956
    Train loss after mini-batch  5200: 1395.031
    Train loss after mini-batch  5300: 1394.475
    Train loss after mini-batch  5400: 1393.294
    Train loss after mini-batch  5500: 1392.996
    Train loss after mini-batch  5600: 1392.621
    Train loss after mini-batch  5700: 1391.275
    Train loss after mini-batch  5800: 1390.652
    Train loss after mini-batch  5900: 1390.962
    Train loss after mini-batch  6000: 1391.133
    Train loss after mini-batch  6100: 1390.843
    Train loss after mini-batch  6200: 1390.517
    Train loss after mini-batch  6300: 1391.663
    Train loss after mini-batch  6400: 1395.450
    Train loss after mini-batch  6500: 1396.357
    Train loss after mini-batch  6600: 1396.697
    Train loss after mini-batch  6700: 1396.795
    Train loss after mini-batch  6800: 1396.392
    Train loss after mini-batch  6900: 1396.686
    Train loss after mini-batch  7000: 1396.520
    Train loss after mini-batch  7100: 1396.768
    Train loss after mini-batch  7200: 1396.968
    Train loss after mini-batch  7300: 1397.196
    Train loss after mini-batch  7400: 1397.565
    Train loss after mini-batch  7500: 1397.595
    Train loss after mini-batch  7600: 1397.897
    Train loss after mini-batch  7700: 1397.824
    Train loss after mini-batch  7800: 1397.969
    Train loss after mini-batch  7900: 1397.933
    Train loss after mini-batch  8000: 1397.038
    Train loss after mini-batch  8100: 1396.522
    Train loss after mini-batch  8200: 1398.163
    Train loss after mini-batch  8300: 1397.415
    Train loss after mini-batch  8400: 1396.829
    Train loss after mini-batch  8500: 1395.686
    Train loss after mini-batch  8600: 1395.575
    Train loss after mini-batch  8700: 1395.948
    Train loss after mini-batch  8800: 1396.241
    Train loss after mini-batch  8900: 1396.530
    Train loss after mini-batch  9000: 1396.721
    Train loss after mini-batch  9100: 1396.960
    Train loss after mini-batch  9200: 1396.825
    Train loss after mini-batch  9300: 1396.999
    Train loss after mini-batch  9400: 1397.207
    Train loss after mini-batch  9500: 1397.427
    Train loss after mini-batch  9600: 1397.207
    Train loss after mini-batch  9700: 1397.171
    Train loss after mini-batch  9800: 1396.508
    Train loss after mini-batch  9900: 1396.441
    Train loss after mini-batch 10000: 1396.688
    Train loss after mini-batch 10100: 1396.887
    Train loss after mini-batch 10200: 1396.729
    Train loss after mini-batch 10300: 1396.744
    Train loss after mini-batch 10400: 1396.536
    Train loss after mini-batch 10500: 1396.811
    Train loss after mini-batch 10600: 1396.470
    Train loss after mini-batch 10700: 1396.378
    Train loss after mini-batch 10800: 1396.411
    Train loss after mini-batch 10900: 1396.293
    Train loss after mini-batch 11000: 1396.143
    Train loss after mini-batch 11100: 1395.735
    Train loss after mini-batch 11200: 1395.796
    Train loss after mini-batch 11300: 1396.005
    Train loss after mini-batch 11400: 1396.228
    Train loss after mini-batch 11500: 1396.310
    Train loss after mini-batch 11600: 1395.957
    Train loss after mini-batch 11700: 1395.842
    Train loss after mini-batch 11800: 1395.621
    Train loss after mini-batch 11900: 1395.656
    Train loss after mini-batch 12000: 1395.688
    Train loss after mini-batch 12100: 1395.204
    Train loss after mini-batch 12200: 1395.139
    Train loss after mini-batch 12300: 1395.323
    Train loss after mini-batch 12400: 1394.758
    Train loss after mini-batch 12500: 1394.478
    Train loss after mini-batch 12600: 1394.700
    Train loss after mini-batch 12700: 1394.595
    Train loss after mini-batch 12800: 1394.239
    Train loss after mini-batch 12900: 1394.424
    Train loss after mini-batch 13000: 1394.530
    Train loss after mini-batch 13100: 1394.749
    Train loss after mini-batch 13200: 1394.884
    Train loss after mini-batch 13300: 1395.083
    Train loss after mini-batch 13400: 1395.301
    Train loss after mini-batch 13500: 1395.497
    Train loss after mini-batch 13600: 1395.694
    Train loss after mini-batch 13700: 1395.855
    Train loss after mini-batch 13800: 1395.492
    Train loss after mini-batch 13900: 1395.003
    Train loss after mini-batch 14000: 1395.135
    Train loss after mini-batch 14100: 1395.125
    Train loss after mini-batch 14200: 1394.432
    Train loss after mini-batch 14300: 1394.467
    Train loss after mini-batch 14400: 1394.681
    Train loss after mini-batch 14500: 1394.650
    Train loss after mini-batch 14600: 1394.462
    Train loss after mini-batch 14700: 1394.111
    Train loss after mini-batch 14800: 1394.280
    Train loss after mini-batch 14900: 1394.424
    Train loss after mini-batch 15000: 1394.543
    Train loss after mini-batch 15100: 1394.723
    Train loss after mini-batch 15200: 1394.865
    Train loss after mini-batch 15300: 1395.117
    Train loss after mini-batch 15400: 1395.293
    Train loss after mini-batch 15500: 1395.212
    Train loss after mini-batch 15600: 1395.019
    Train loss after mini-batch 15700: 1394.092
    Train loss after mini-batch 15800: 1393.092
    Train loss after mini-batch 15900: 1391.946
    Train loss after mini-batch 16000: 1390.787
    Train loss after mini-batch 16100: 1390.022
    Train loss after mini-batch 16200: 1389.006
    Train loss after mini-batch 16300: 1388.202
    Train loss after mini-batch 16400: 1387.908
Epoch: 6/25, Train Loss: 1387.69925522, Val Loss: 1590.70896457

Starting epoch 7/25
    Train loss after mini-batch   100: 1308.859
    Train loss after mini-batch   200: 1283.027
    Train loss after mini-batch   300: 1298.572
    Train loss after mini-batch   400: 1311.394
    Train loss after mini-batch   500: 1333.189
    Train loss after mini-batch   600: 1341.135
    Train loss after mini-batch   700: 1348.562
    Train loss after mini-batch   800: 1349.491
    Train loss after mini-batch   900: 1348.002
    Train loss after mini-batch  1000: 1346.931
    Train loss after mini-batch  1100: 1348.375
    Train loss after mini-batch  1200: 1351.655
    Train loss after mini-batch  1300: 1352.869
    Train loss after mini-batch  1400: 1357.051
    Train loss after mini-batch  1500: 1361.312
    Train loss after mini-batch  1600: 1360.188
    Train loss after mini-batch  1700: 1358.456
    Train loss after mini-batch  1800: 1357.064
    Train loss after mini-batch  1900: 1357.064
    Train loss after mini-batch  2000: 1357.398
    Train loss after mini-batch  2100: 1357.193
    Train loss after mini-batch  2200: 1359.785
    Train loss after mini-batch  2300: 1362.355
    Train loss after mini-batch  2400: 1363.926
    Train loss after mini-batch  2500: 1362.256
    Train loss after mini-batch  2600: 1361.742
    Train loss after mini-batch  2700: 1360.845
    Train loss after mini-batch  2800: 1360.404
    Train loss after mini-batch  2900: 1360.385
    Train loss after mini-batch  3000: 1360.630
    Train loss after mini-batch  3100: 1359.856
    Train loss after mini-batch  3200: 1361.229
    Train loss after mini-batch  3300: 1361.668
    Train loss after mini-batch  3400: 1363.242
    Train loss after mini-batch  3500: 1364.672
    Train loss after mini-batch  3600: 1366.151
    Train loss after mini-batch  3700: 1365.517
    Train loss after mini-batch  3800: 1366.941
    Train loss after mini-batch  3900: 1368.471
    Train loss after mini-batch  4000: 1368.262
    Train loss after mini-batch  4100: 1369.335
    Train loss after mini-batch  4200: 1369.723
    Train loss after mini-batch  4300: 1369.169
    Train loss after mini-batch  4400: 1370.121
    Train loss after mini-batch  4500: 1369.868
    Train loss after mini-batch  4600: 1369.824
    Train loss after mini-batch  4700: 1370.142
    Train loss after mini-batch  4800: 1371.081
    Train loss after mini-batch  4900: 1372.107
    Train loss after mini-batch  5000: 1373.064
    Train loss after mini-batch  5100: 1374.096
    Train loss after mini-batch  5200: 1374.342
    Train loss after mini-batch  5300: 1374.549
    Train loss after mini-batch  5400: 1374.954
    Train loss after mini-batch  5500: 1375.522
    Train loss after mini-batch  5600: 1376.298
    Train loss after mini-batch  5700: 1376.861
    Train loss after mini-batch  5800: 1376.840
    Train loss after mini-batch  5900: 1376.194
    Train loss after mini-batch  6000: 1375.827
    Train loss after mini-batch  6100: 1376.573
    Train loss after mini-batch  6200: 1377.298
    Train loss after mini-batch  6300: 1377.720
    Train loss after mini-batch  6400: 1378.310
    Train loss after mini-batch  6500: 1378.851
    Train loss after mini-batch  6600: 1378.167
    Train loss after mini-batch  6700: 1378.549
    Train loss after mini-batch  6800: 1377.670
    Train loss after mini-batch  6900: 1377.108
    Train loss after mini-batch  7000: 1377.117
    Train loss after mini-batch  7100: 1377.439
    Train loss after mini-batch  7200: 1378.037
    Train loss after mini-batch  7300: 1377.595
    Train loss after mini-batch  7400: 1377.005
    Train loss after mini-batch  7500: 1377.127
    Train loss after mini-batch  7600: 1376.128
    Train loss after mini-batch  7700: 1375.395
    Train loss after mini-batch  7800: 1376.063
    Train loss after mini-batch  7900: 1376.608
    Train loss after mini-batch  8000: 1376.960
    Train loss after mini-batch  8100: 1377.279
    Train loss after mini-batch  8200: 1377.869
    Train loss after mini-batch  8300: 1378.149
    Train loss after mini-batch  8400: 1377.764
    Train loss after mini-batch  8500: 1377.544
    Train loss after mini-batch  8600: 1377.230
    Train loss after mini-batch  8700: 1377.703
    Train loss after mini-batch  8800: 1378.185
    Train loss after mini-batch  8900: 1378.628
    Train loss after mini-batch  9000: 1378.745
    Train loss after mini-batch  9100: 1379.260
    Train loss after mini-batch  9200: 1379.578
    Train loss after mini-batch  9300: 1379.181
    Train loss after mini-batch  9400: 1378.596
    Train loss after mini-batch  9500: 1378.566
    Train loss after mini-batch  9600: 1378.870
    Train loss after mini-batch  9700: 1379.281
    Train loss after mini-batch  9800: 1379.523
    Train loss after mini-batch  9900: 1379.916
    Train loss after mini-batch 10000: 1380.205
    Train loss after mini-batch 10100: 1379.609
    Train loss after mini-batch 10200: 1379.620
    Train loss after mini-batch 10300: 1379.433
    Train loss after mini-batch 10400: 1379.304
    Train loss after mini-batch 10500: 1378.761
    Train loss after mini-batch 10600: 1378.613
    Train loss after mini-batch 10700: 1378.542
    Train loss after mini-batch 10800: 1378.633
    Train loss after mini-batch 10900: 1378.805
    Train loss after mini-batch 11000: 1379.173
    Train loss after mini-batch 11100: 1379.096
    Train loss after mini-batch 11200: 1379.480
    Train loss after mini-batch 11300: 1379.859
    Train loss after mini-batch 11400: 1380.195
    Train loss after mini-batch 11500: 1380.546
    Train loss after mini-batch 11600: 1380.891
    Train loss after mini-batch 11700: 1381.189
    Train loss after mini-batch 11800: 1381.221
    Train loss after mini-batch 11900: 1380.839
    Train loss after mini-batch 12000: 1381.048
    Train loss after mini-batch 12100: 1381.258
    Train loss after mini-batch 12200: 1381.632
    Train loss after mini-batch 12300: 1381.880
    Train loss after mini-batch 12400: 1381.698
    Train loss after mini-batch 12500: 1381.885
    Train loss after mini-batch 12600: 1381.529
    Train loss after mini-batch 12700: 1381.400
    Train loss after mini-batch 12800: 1381.723
    Train loss after mini-batch 12900: 1381.800
    Train loss after mini-batch 13000: 1381.772
    Train loss after mini-batch 13100: 1381.931
    Train loss after mini-batch 13200: 1382.188
    Train loss after mini-batch 13300: 1382.241
    Train loss after mini-batch 13400: 1382.542
    Train loss after mini-batch 13500: 1382.802
    Train loss after mini-batch 13600: 1383.053
    Train loss after mini-batch 13700: 1383.315
    Train loss after mini-batch 13800: 1383.316
    Train loss after mini-batch 13900: 1383.428
    Train loss after mini-batch 14000: 1383.281
    Train loss after mini-batch 14100: 1382.808
    Train loss after mini-batch 14200: 1382.665
    Train loss after mini-batch 14300: 1382.669
    Train loss after mini-batch 14400: 1382.806
    Train loss after mini-batch 14500: 1382.860
    Train loss after mini-batch 14600: 1383.100
    Train loss after mini-batch 14700: 1382.618
    Train loss after mini-batch 14800: 1382.836
    Train loss after mini-batch 14900: 1383.001
    Train loss after mini-batch 15000: 1383.097
    Train loss after mini-batch 15100: 1383.251
    Train loss after mini-batch 15200: 1383.519
    Train loss after mini-batch 15300: 1383.734
    Train loss after mini-batch 15400: 1383.690
    Train loss after mini-batch 15500: 1383.397
    Train loss after mini-batch 15600: 1382.924
    Train loss after mini-batch 15700: 1383.066
    Train loss after mini-batch 15800: 1383.311
    Train loss after mini-batch 15900: 1383.519
    Train loss after mini-batch 16000: 1383.703
    Train loss after mini-batch 16100: 1383.937
    Train loss after mini-batch 16200: 1384.170
    Train loss after mini-batch 16300: 1384.393
    Train loss after mini-batch 16400: 1384.597
Epoch: 7/25, Train Loss: 1384.69439321, Val Loss: 1411.25206633

Starting epoch 8/25
    Train loss after mini-batch   100: 1419.069
    Train loss after mini-batch   200: 1402.738
    Train loss after mini-batch   300: 1406.605
    Train loss after mini-batch   400: 1397.051
    Train loss after mini-batch   500: 1401.347
    Train loss after mini-batch   600: 1403.698
    Train loss after mini-batch   700: 1405.545
    Train loss after mini-batch   800: 1407.292
    Train loss after mini-batch   900: 1400.896
    Train loss after mini-batch  1000: 1401.246
    Train loss after mini-batch  1100: 1401.979
    Train loss after mini-batch  1200: 1400.209
    Train loss after mini-batch  1300: 1398.611
    Train loss after mini-batch  1400: 1398.340
    Train loss after mini-batch  1500: 1399.381
    Train loss after mini-batch  1600: 1400.651
    Train loss after mini-batch  1700: 1401.753
    Train loss after mini-batch  1800: 1402.590
    Train loss after mini-batch  1900: 1403.156
    Train loss after mini-batch  2000: 1404.312
    Train loss after mini-batch  2100: 1403.751
    Train loss after mini-batch  2200: 1401.122
    Train loss after mini-batch  2300: 1399.687
    Train loss after mini-batch  2400: 1398.489
    Train loss after mini-batch  2500: 1399.294
    Train loss after mini-batch  2600: 1399.180
    Train loss after mini-batch  2700: 1399.254
    Train loss after mini-batch  2800: 1397.423
    Train loss after mini-batch  2900: 1398.210
    Train loss after mini-batch  3000: 1399.022
    Train loss after mini-batch  3100: 1399.727
    Train loss after mini-batch  3200: 1399.032
    Train loss after mini-batch  3300: 1397.614
    Train loss after mini-batch  3400: 1397.658
    Train loss after mini-batch  3500: 1397.481
    Train loss after mini-batch  3600: 1395.317
    Train loss after mini-batch  3700: 1393.579
    Train loss after mini-batch  3800: 1392.661
    Train loss after mini-batch  3900: 1393.057
    Train loss after mini-batch  4000: 1393.749
    Train loss after mini-batch  4100: 1394.471
    Train loss after mini-batch  4200: 1392.975
    Train loss after mini-batch  4300: 1392.950
    Train loss after mini-batch  4400: 1393.388
    Train loss after mini-batch  4500: 1394.042
    Train loss after mini-batch  4600: 1394.232
    Train loss after mini-batch  4700: 1392.930
    Train loss after mini-batch  4800: 1392.591
    Train loss after mini-batch  4900: 1390.816
    Train loss after mini-batch  5000: 1390.296
    Train loss after mini-batch  5100: 1388.990
    Train loss after mini-batch  5200: 1389.036
    Train loss after mini-batch  5300: 1389.496
    Train loss after mini-batch  5400: 1388.314
    Train loss after mini-batch  5500: 1387.266
    Train loss after mini-batch  5600: 1387.628
    Train loss after mini-batch  5700: 1388.089
    Train loss after mini-batch  5800: 1388.477
    Train loss after mini-batch  5900: 1388.627
    Train loss after mini-batch  6000: 1388.758
    Train loss after mini-batch  6100: 1389.231
    Train loss after mini-batch  6200: 1389.749
    Train loss after mini-batch  6300: 1389.749
    Train loss after mini-batch  6400: 1389.934
    Train loss after mini-batch  6500: 1391.410
    Train loss after mini-batch  6600: 1391.766
    Train loss after mini-batch  6700: 1391.369
    Train loss after mini-batch  6800: 1391.034
    Train loss after mini-batch  6900: 1389.288
    Train loss after mini-batch  7000: 1386.443
    Train loss after mini-batch  7100: 1385.594
    Train loss after mini-batch  7200: 1385.700
    Train loss after mini-batch  7300: 1385.979
    Train loss after mini-batch  7400: 1385.539
    Train loss after mini-batch  7500: 1385.843
    Train loss after mini-batch  7600: 1385.644
    Train loss after mini-batch  7700: 1385.051
    Train loss after mini-batch  7800: 1384.827
    Train loss after mini-batch  7900: 1384.850
    Train loss after mini-batch  8000: 1385.279
    Train loss after mini-batch  8100: 1385.088
    Train loss after mini-batch  8200: 1384.348
    Train loss after mini-batch  8300: 1384.692
    Train loss after mini-batch  8400: 1385.148
    Train loss after mini-batch  8500: 1385.013
    Train loss after mini-batch  8600: 1384.646
    Train loss after mini-batch  8700: 1385.046
    Train loss after mini-batch  8800: 1385.417
    Train loss after mini-batch  8900: 1385.739
    Train loss after mini-batch  9000: 1386.076
    Train loss after mini-batch  9100: 1386.257
    Train loss after mini-batch  9200: 1385.635
    Train loss after mini-batch  9300: 1385.911
    Train loss after mini-batch  9400: 1386.202
    Train loss after mini-batch  9500: 1386.509
    Train loss after mini-batch  9600: 1386.170
    Train loss after mini-batch  9700: 1385.451
    Train loss after mini-batch  9800: 1384.943
    Train loss after mini-batch  9900: 1385.327
    Train loss after mini-batch 10000: 1385.692
    Train loss after mini-batch 10100: 1385.419
    Train loss after mini-batch 10200: 1385.562
    Train loss after mini-batch 10300: 1385.883
    Train loss after mini-batch 10400: 1385.520
    Train loss after mini-batch 10500: 1385.161
    Train loss after mini-batch 10600: 1385.462
    Train loss after mini-batch 10700: 1385.751
    Train loss after mini-batch 10800: 1385.697
    Train loss after mini-batch 10900: 1385.861
    Train loss after mini-batch 11000: 1385.218
    Train loss after mini-batch 11100: 1385.043
    Train loss after mini-batch 11200: 1386.697
    Train loss after mini-batch 11300: 1386.724
    Train loss after mini-batch 11400: 1386.881
    Train loss after mini-batch 11500: 1387.158
    Train loss after mini-batch 11600: 1387.286
    Train loss after mini-batch 11700: 1387.574
    Train loss after mini-batch 11800: 1387.829
    Train loss after mini-batch 11900: 1387.924
    Train loss after mini-batch 12000: 1388.148
    Train loss after mini-batch 12100: 1388.232
    Train loss after mini-batch 12200: 1388.447
    Train loss after mini-batch 12300: 1388.703
    Train loss after mini-batch 12400: 1388.926
    Train loss after mini-batch 12500: 1388.956
    Train loss after mini-batch 12600: 1389.054
    Train loss after mini-batch 12700: 1388.838
    Train loss after mini-batch 12800: 1388.377
    Train loss after mini-batch 12900: 1388.488
    Train loss after mini-batch 13000: 1389.150
    Train loss after mini-batch 13100: 1389.731
    Train loss after mini-batch 13200: 1389.895
    Train loss after mini-batch 13300: 1389.485
    Train loss after mini-batch 13400: 1389.668
    Train loss after mini-batch 13500: 1389.695
    Train loss after mini-batch 13600: 1389.111
    Train loss after mini-batch 13700: 1388.179
    Train loss after mini-batch 13800: 1386.999
    Train loss after mini-batch 13900: 1386.955
    Train loss after mini-batch 14000: 1387.169
    Train loss after mini-batch 14100: 1387.393
    Train loss after mini-batch 14200: 1387.478
    Train loss after mini-batch 14300: 1387.248
    Train loss after mini-batch 14400: 1386.855
    Train loss after mini-batch 14500: 1386.624
    Train loss after mini-batch 14600: 1386.776
    Train loss after mini-batch 14700: 1386.965
    Train loss after mini-batch 14800: 1386.969
    Train loss after mini-batch 14900: 1387.188
    Train loss after mini-batch 15000: 1387.392
    Train loss after mini-batch 15100: 1387.587
    Train loss after mini-batch 15200: 1387.583
    Train loss after mini-batch 15300: 1387.633
    Train loss after mini-batch 15400: 1387.915
    Train loss after mini-batch 15500: 1387.848
    Train loss after mini-batch 15600: 1387.862
    Train loss after mini-batch 15700: 1387.725
    Train loss after mini-batch 15800: 1387.636
    Train loss after mini-batch 15900: 1387.828
    Train loss after mini-batch 16000: 1387.964
    Train loss after mini-batch 16100: 1388.043
    Train loss after mini-batch 16200: 1388.202
    Train loss after mini-batch 16300: 1388.406
    Train loss after mini-batch 16400: 1388.303
Epoch: 8/25, Train Loss: 1388.31139511, Val Loss: 1488.15625682

Starting epoch 9/25
    Train loss after mini-batch   100: 1327.562
    Train loss after mini-batch   200: 1348.875
    Train loss after mini-batch   300: 1356.783
    Train loss after mini-batch   400: 1362.014
    Train loss after mini-batch   500: 1371.629
    Train loss after mini-batch   600: 1373.073
    Train loss after mini-batch   700: 1370.997
    Train loss after mini-batch   800: 1364.246
    Train loss after mini-batch   900: 1370.540
    Train loss after mini-batch  1000: 1375.163
    Train loss after mini-batch  1100: 1379.036
    Train loss after mini-batch  1200: 1383.011
    Train loss after mini-batch  1300: 1383.530
    Train loss after mini-batch  1400: 1383.339
    Train loss after mini-batch  1500: 1384.923
    Train loss after mini-batch  1600: 1386.588
    Train loss after mini-batch  1700: 1388.016
    Train loss after mini-batch  1800: 1388.863
    Train loss after mini-batch  1900: 1390.670
    Train loss after mini-batch  2000: 1391.269
    Train loss after mini-batch  2100: 1392.983
    Train loss after mini-batch  2200: 1393.457
    Train loss after mini-batch  2300: 1391.203
    Train loss after mini-batch  2400: 1390.800
    Train loss after mini-batch  2500: 1392.115
    Train loss after mini-batch  2600: 1387.657
    Train loss after mini-batch  2700: 1389.460
    Train loss after mini-batch  2800: 1390.335
    Train loss after mini-batch  2900: 1390.988
    Train loss after mini-batch  3000: 1391.789
    Train loss after mini-batch  3100: 1390.349
    Train loss after mini-batch  3200: 1388.422
    Train loss after mini-batch  3300: 1386.371
    Train loss after mini-batch  3400: 1386.172
    Train loss after mini-batch  3500: 1391.614
    Train loss after mini-batch  3600: 1390.153
    Train loss after mini-batch  3700: 1390.584
    Train loss after mini-batch  3800: 1391.185
    Train loss after mini-batch  3900: 1391.354
    Train loss after mini-batch  4000: 1390.688
    Train loss after mini-batch  4100: 1388.744
    Train loss after mini-batch  4200: 1387.584
    Train loss after mini-batch  4300: 1387.321
    Train loss after mini-batch  4400: 1387.810
    Train loss after mini-batch  4500: 1387.234
    Train loss after mini-batch  4600: 1387.849
    Train loss after mini-batch  4700: 1386.072
    Train loss after mini-batch  4800: 1385.993
    Train loss after mini-batch  4900: 1386.537
    Train loss after mini-batch  5000: 1387.022
    Train loss after mini-batch  5100: 1387.562
    Train loss after mini-batch  5200: 1387.747
    Train loss after mini-batch  5300: 1386.716
    Train loss after mini-batch  5400: 1386.540
    Train loss after mini-batch  5500: 1386.900
    Train loss after mini-batch  5600: 1386.969
    Train loss after mini-batch  5700: 1387.622
    Train loss after mini-batch  5800: 1387.408
    Train loss after mini-batch  5900: 1387.806
    Train loss after mini-batch  6000: 1388.214
    Train loss after mini-batch  6100: 1388.760
    Train loss after mini-batch  6200: 1388.633
    Train loss after mini-batch  6300: 1389.127
    Train loss after mini-batch  6400: 1389.595
    Train loss after mini-batch  6500: 1389.250
    Train loss after mini-batch  6600: 1389.341
    Train loss after mini-batch  6700: 1388.858
    Train loss after mini-batch  6800: 1388.479
    Train loss after mini-batch  6900: 1388.400
    Train loss after mini-batch  7000: 1388.304
    Train loss after mini-batch  7100: 1386.937
    Train loss after mini-batch  7200: 1386.609
    Train loss after mini-batch  7300: 1386.747
    Train loss after mini-batch  7400: 1385.740
    Train loss after mini-batch  7500: 1384.938
    Train loss after mini-batch  7600: 1385.330
    Train loss after mini-batch  7700: 1385.553
    Train loss after mini-batch  7800: 1385.420
    Train loss after mini-batch  7900: 1385.755
    Train loss after mini-batch  8000: 1386.224
    Train loss after mini-batch  8100: 1386.006
    Train loss after mini-batch  8200: 1385.750
    Train loss after mini-batch  8300: 1385.834
    Train loss after mini-batch  8400: 1386.141
    Train loss after mini-batch  8500: 1385.766
    Train loss after mini-batch  8600: 1386.137
    Train loss after mini-batch  8700: 1386.353
    Train loss after mini-batch  8800: 1386.410
    Train loss after mini-batch  8900: 1386.470
    Train loss after mini-batch  9000: 1386.668
    Train loss after mini-batch  9100: 1386.397
    Train loss after mini-batch  9200: 1386.543
    Train loss after mini-batch  9300: 1386.607
    Train loss after mini-batch  9400: 1386.415
    Train loss after mini-batch  9500: 1386.658
    Train loss after mini-batch  9600: 1386.447
    Train loss after mini-batch  9700: 1385.939
    Train loss after mini-batch  9800: 1385.447
    Train loss after mini-batch  9900: 1386.863
    Train loss after mini-batch 10000: 1388.945
    Train loss after mini-batch 10100: 1391.536
    Train loss after mini-batch 10200: 1391.880
    Train loss after mini-batch 10300: 1391.099
    Train loss after mini-batch 10400: 1390.713
    Train loss after mini-batch 10500: 1390.513
    Train loss after mini-batch 10600: 1389.788
    Train loss after mini-batch 10700: 1389.697
    Train loss after mini-batch 10800: 1389.259
    Train loss after mini-batch 10900: 1389.401
    Train loss after mini-batch 11000: 1389.700
    Train loss after mini-batch 11100: 1389.806
    Train loss after mini-batch 11200: 1390.070
    Train loss after mini-batch 11300: 1390.199
    Train loss after mini-batch 11400: 1390.159
    Train loss after mini-batch 11500: 1390.156
    Train loss after mini-batch 11600: 1390.273
    Train loss after mini-batch 11700: 1390.129
    Train loss after mini-batch 11800: 1389.963
    Train loss after mini-batch 11900: 1389.978
    Train loss after mini-batch 12000: 1389.842
    Train loss after mini-batch 12100: 1389.967
    Train loss after mini-batch 12200: 1390.119
    Train loss after mini-batch 12300: 1389.654
    Train loss after mini-batch 12400: 1389.484
    Train loss after mini-batch 12500: 1389.587
    Train loss after mini-batch 12600: 1389.255
    Train loss after mini-batch 12700: 1388.758
    Train loss after mini-batch 12800: 1388.572
    Train loss after mini-batch 12900: 1388.602
    Train loss after mini-batch 13000: 1388.862
    Train loss after mini-batch 13100: 1388.940
    Train loss after mini-batch 13200: 1389.132
    Train loss after mini-batch 13300: 1389.350
    Train loss after mini-batch 13400: 1389.469
    Train loss after mini-batch 13500: 1389.326
    Train loss after mini-batch 13600: 1388.934
    Train loss after mini-batch 13700: 1388.874
    Train loss after mini-batch 13800: 1389.139
    Train loss after mini-batch 13900: 1389.365
    Train loss after mini-batch 14000: 1389.614
    Train loss after mini-batch 14100: 1389.712
    Train loss after mini-batch 14200: 1389.962
    Train loss after mini-batch 14300: 1390.121
    Train loss after mini-batch 14400: 1390.311
    Train loss after mini-batch 14500: 1390.337
    Train loss after mini-batch 14600: 1390.397
    Train loss after mini-batch 14700: 1390.583
    Train loss after mini-batch 14800: 1390.706
    Train loss after mini-batch 14900: 1390.809
    Train loss after mini-batch 15000: 1390.777
    Train loss after mini-batch 15100: 1390.734
    Train loss after mini-batch 15200: 1390.815
    Train loss after mini-batch 15300: 1391.048
    Train loss after mini-batch 15400: 1390.752
    Train loss after mini-batch 15500: 1390.784
    Train loss after mini-batch 15600: 1390.979
    Train loss after mini-batch 15700: 1391.185
    Train loss after mini-batch 15800: 1390.984
    Train loss after mini-batch 15900: 1390.631
    Train loss after mini-batch 16000: 1390.264
    Train loss after mini-batch 16100: 1390.258
    Train loss after mini-batch 16200: 1389.855
    Train loss after mini-batch 16300: 1389.374
    Train loss after mini-batch 16400: 1389.118
Epoch: 9/25, Train Loss: 1389.21028822, Val Loss: 1293.97832434

Starting epoch 10/25
    Train loss after mini-batch   100: 1421.175
    Train loss after mini-batch   200: 1412.198
    Train loss after mini-batch   300: 1405.082
    Train loss after mini-batch   400: 1407.668
    Train loss after mini-batch   500: 1388.466
    Train loss after mini-batch   600: 1380.812
    Train loss after mini-batch   700: 1374.423
    Train loss after mini-batch   800: 1367.418
    Train loss after mini-batch   900: 1386.373
    Train loss after mini-batch  1000: 1391.264
    Train loss after mini-batch  1100: 1391.574
    Train loss after mini-batch  1200: 1391.855
    Train loss after mini-batch  1300: 1386.359
    Train loss after mini-batch  1400: 1388.005
    Train loss after mini-batch  1500: 1390.066
    Train loss after mini-batch  1600: 1391.595
    Train loss after mini-batch  1700: 1386.511
    Train loss after mini-batch  1800: 1383.161
    Train loss after mini-batch  1900: 1380.425
    Train loss after mini-batch  2000: 1378.654
    Train loss after mini-batch  2100: 1379.293
    Train loss after mini-batch  2200: 1379.057
    Train loss after mini-batch  2300: 1380.864
    Train loss after mini-batch  2400: 1383.672
    Train loss after mini-batch  2500: 1380.833
    Train loss after mini-batch  2600: 1378.657
    Train loss after mini-batch  2700: 1379.611
    Train loss after mini-batch  2800: 1380.535
    Train loss after mini-batch  2900: 1381.847
    Train loss after mini-batch  3000: 1380.837
    Train loss after mini-batch  3100: 1381.503
    Train loss after mini-batch  3200: 1382.694
    Train loss after mini-batch  3300: 1381.356
    Train loss after mini-batch  3400: 1381.738
    Train loss after mini-batch  3500: 1382.836
    Train loss after mini-batch  3600: 1382.726
    Train loss after mini-batch  3700: 1381.424
    Train loss after mini-batch  3800: 1380.225
    Train loss after mini-batch  3900: 1379.406
    Train loss after mini-batch  4000: 1378.233
    Train loss after mini-batch  4100: 1377.175
    Train loss after mini-batch  4200: 1377.886
    Train loss after mini-batch  4300: 1378.739
    Train loss after mini-batch  4400: 1378.590
    Train loss after mini-batch  4500: 1377.704
    Train loss after mini-batch  4600: 1377.937
    Train loss after mini-batch  4700: 1377.506
    Train loss after mini-batch  4800: 1376.906
    Train loss after mini-batch  4900: 1375.969
    Train loss after mini-batch  5000: 1375.185
    Train loss after mini-batch  5100: 1374.843
    Train loss after mini-batch  5200: 1374.142
    Train loss after mini-batch  5300: 1373.692
    Train loss after mini-batch  5400: 1373.287
    Train loss after mini-batch  5500: 1372.580
    Train loss after mini-batch  5600: 1372.420
    Train loss after mini-batch  5700: 1373.209
    Train loss after mini-batch  5800: 1372.709
    Train loss after mini-batch  5900: 1372.484
    Train loss after mini-batch  6000: 1371.679
    Train loss after mini-batch  6100: 1370.915
    Train loss after mini-batch  6200: 1371.493
    Train loss after mini-batch  6300: 1372.272
    Train loss after mini-batch  6400: 1372.741
    Train loss after mini-batch  6500: 1373.256
    Train loss after mini-batch  6600: 1373.874
    Train loss after mini-batch  6700: 1374.538
    Train loss after mini-batch  6800: 1374.831
    Train loss after mini-batch  6900: 1375.115
    Train loss after mini-batch  7000: 1375.781
    Train loss after mini-batch  7100: 1376.425
    Train loss after mini-batch  7200: 1376.874
    Train loss after mini-batch  7300: 1376.839
    Train loss after mini-batch  7400: 1376.150
    Train loss after mini-batch  7500: 1375.937
    Train loss after mini-batch  7600: 1376.502
    Train loss after mini-batch  7700: 1377.057
    Train loss after mini-batch  7800: 1377.444
    Train loss after mini-batch  7900: 1377.239
    Train loss after mini-batch  8000: 1376.832
    Train loss after mini-batch  8100: 1376.285
    Train loss after mini-batch  8200: 1376.185
    Train loss after mini-batch  8300: 1376.683
    Train loss after mini-batch  8400: 1377.183
    Train loss after mini-batch  8500: 1377.396
    Train loss after mini-batch  8600: 1377.458
    Train loss after mini-batch  8700: 1377.906
    Train loss after mini-batch  8800: 1378.278
    Train loss after mini-batch  8900: 1378.502
    Train loss after mini-batch  9000: 1378.945
    Train loss after mini-batch  9100: 1379.432
    Train loss after mini-batch  9200: 1379.781
    Train loss after mini-batch  9300: 1379.738
    Train loss after mini-batch  9400: 1380.219
    Train loss after mini-batch  9500: 1380.271
    Train loss after mini-batch  9600: 1380.144
    Train loss after mini-batch  9700: 1380.469
    Train loss after mini-batch  9800: 1380.792
    Train loss after mini-batch  9900: 1380.533
    Train loss after mini-batch 10000: 1380.518
    Train loss after mini-batch 10100: 1380.701
    Train loss after mini-batch 10200: 1380.991
    Train loss after mini-batch 10300: 1381.125
    Train loss after mini-batch 10400: 1381.321
    Train loss after mini-batch 10500: 1381.049
    Train loss after mini-batch 10600: 1381.299
    Train loss after mini-batch 10700: 1381.534
    Train loss after mini-batch 10800: 1381.485
    Train loss after mini-batch 10900: 1381.749
    Train loss after mini-batch 11000: 1382.127
    Train loss after mini-batch 11100: 1382.497
    Train loss after mini-batch 11200: 1382.686
    Train loss after mini-batch 11300: 1382.946
    Train loss after mini-batch 11400: 1383.043
    Train loss after mini-batch 11500: 1382.919
    Train loss after mini-batch 11600: 1382.941
    Train loss after mini-batch 11700: 1382.828
    Train loss after mini-batch 11800: 1383.076
    Train loss after mini-batch 11900: 1382.680
    Train loss after mini-batch 12000: 1382.518
    Train loss after mini-batch 12100: 1382.472
    Train loss after mini-batch 12200: 1382.075
    Train loss after mini-batch 12300: 1382.414
    Train loss after mini-batch 12400: 1382.701
    Train loss after mini-batch 12500: 1382.967
    Train loss after mini-batch 12600: 1383.274
    Train loss after mini-batch 12700: 1383.028
    Train loss after mini-batch 12800: 1382.653
    Train loss after mini-batch 12900: 1382.261
    Train loss after mini-batch 13000: 1383.099
    Train loss after mini-batch 13100: 1381.612
    Train loss after mini-batch 13200: 1381.188
    Train loss after mini-batch 13300: 1381.503
    Train loss after mini-batch 13400: 1381.678
    Train loss after mini-batch 13500: 1381.339
    Train loss after mini-batch 13600: 1381.384
    Train loss after mini-batch 13700: 1381.199
    Train loss after mini-batch 13800: 1381.450
    Train loss after mini-batch 13900: 1381.616
    Train loss after mini-batch 14000: 1382.517
    Train loss after mini-batch 14100: 1383.037
    Train loss after mini-batch 14200: 1383.584
    Train loss after mini-batch 14300: 1383.342
    Train loss after mini-batch 14400: 1383.021
    Train loss after mini-batch 14500: 1382.683
    Train loss after mini-batch 14600: 1382.255
    Train loss after mini-batch 14700: 1381.893
    Train loss after mini-batch 14800: 1381.698
    Train loss after mini-batch 14900: 1381.664
    Train loss after mini-batch 15000: 1381.556
    Train loss after mini-batch 15100: 1381.806
    Train loss after mini-batch 15200: 1382.049
    Train loss after mini-batch 15300: 1382.236
    Train loss after mini-batch 15400: 1382.357
    Train loss after mini-batch 15500: 1382.572
    Train loss after mini-batch 15600: 1382.691
    Train loss after mini-batch 15700: 1382.241
    Train loss after mini-batch 15800: 1382.037
    Train loss after mini-batch 15900: 1382.059
    Train loss after mini-batch 16000: 1382.248
    Train loss after mini-batch 16100: 1382.517
    Train loss after mini-batch 16200: 1382.716
    Train loss after mini-batch 16300: 1382.795
    Train loss after mini-batch 16400: 1382.559
Epoch: 10/25, Train Loss: 1382.42394033, Val Loss: 1137.29276189
Model models/ResNet50_SunShangetAl/ResNet50_SunShangetAl_compositional_loss/2022-10-19_12-30-50/model_epoch_10.pth saved!

Starting epoch 11/25
    Train loss after mini-batch   100: 331.499
    Train loss after mini-batch   200: 290.491
    Train loss after mini-batch   300: 279.269
    Train loss after mini-batch   400: 274.796
    Train loss after mini-batch   500: 271.190
    Train loss after mini-batch   600: 269.426
