{'name': 'OwnBaselineCNN_no_rot', 'epochs': 50, 'learning_rate': 0.0001, 'lr_decay_milestones': [100], 'lr_decay_gamma': 1, 'loss_function': MSELoss(), 'optimizer': <class 'torch.optim.adam.Adam'>, 'use_rotation_data': False, 'output_size': 63, 'shuffle': True, 'batch_size': 64, 'normalize': False}

Start training of model: OwnBaselineCNN_no_rot

Starting epoch 1/50
    Train loss after mini-batch   100: 2155.846
    Train loss after mini-batch   200: 1316.811
    Train loss after mini-batch   300: 1002.291
    Train loss after mini-batch   400: 835.969
    Train loss after mini-batch   500: 732.847
    Train loss after mini-batch   600: 664.792
    Train loss after mini-batch   700: 610.386
    Train loss after mini-batch   800: 568.010
    Train loss after mini-batch   900: 534.575
    Train loss after mini-batch  1000: 507.261
    Train loss after mini-batch  1100: 484.761
    Train loss after mini-batch  1200: 465.247
    Train loss after mini-batch  1300: 448.615
    Train loss after mini-batch  1400: 433.731
    Train loss after mini-batch  1500: 420.409
    Train loss after mini-batch  1600: 408.372
    Train loss after mini-batch  1700: 397.297
    Train loss after mini-batch  1800: 387.886
    Train loss after mini-batch  1900: 379.475
    Train loss after mini-batch  2000: 371.303
Epoch: 1/50, Train Loss: 367.08489767, Val Loss: 1091.80391122

Starting epoch 2/50
    Train loss after mini-batch   100: 209.556
    Train loss after mini-batch   200: 204.556
    Train loss after mini-batch   300: 203.099
    Train loss after mini-batch   400: 200.663
    Train loss after mini-batch   500: 204.371
    Train loss after mini-batch   600: 202.272
    Train loss after mini-batch   700: 201.502
    Train loss after mini-batch   800: 200.667
    Train loss after mini-batch   900: 199.892
    Train loss after mini-batch  1000: 198.961
    Train loss after mini-batch  1100: 197.635
    Train loss after mini-batch  1200: 196.722
    Train loss after mini-batch  1300: 196.241
    Train loss after mini-batch  1400: 195.206
    Train loss after mini-batch  1500: 194.632
    Train loss after mini-batch  1600: 193.819
    Train loss after mini-batch  1700: 193.003
    Train loss after mini-batch  1800: 192.413
    Train loss after mini-batch  1900: 191.714
    Train loss after mini-batch  2000: 191.191
Epoch: 2/50, Train Loss: 191.10007370, Val Loss: 1126.45321168

Starting epoch 3/50
    Train loss after mini-batch   100: 159.271
    Train loss after mini-batch   200: 160.301
    Train loss after mini-batch   300: 160.463
    Train loss after mini-batch   400: 160.902
    Train loss after mini-batch   500: 161.409
    Train loss after mini-batch   600: 161.418
    Train loss after mini-batch   700: 159.889
    Train loss after mini-batch   800: 160.775
    Train loss after mini-batch   900: 159.825
    Train loss after mini-batch  1000: 158.674
    Train loss after mini-batch  1100: 158.328
    Train loss after mini-batch  1200: 158.369
    Train loss after mini-batch  1300: 157.703
    Train loss after mini-batch  1400: 156.951
    Train loss after mini-batch  1500: 157.332
    Train loss after mini-batch  1600: 156.970
    Train loss after mini-batch  1700: 156.461
    Train loss after mini-batch  1800: 156.455
    Train loss after mini-batch  1900: 155.803
    Train loss after mini-batch  2000: 155.220
Epoch: 3/50, Train Loss: 155.38704538, Val Loss: 1243.58093816

Starting epoch 4/50
    Train loss after mini-batch   100: 131.640
    Train loss after mini-batch   200: 128.991
    Train loss after mini-batch   300: 128.526
    Train loss after mini-batch   400: 128.618
    Train loss after mini-batch   500: 127.345
    Train loss after mini-batch   600: 128.186
    Train loss after mini-batch   700: 128.035
    Train loss after mini-batch   800: 127.215
    Train loss after mini-batch   900: 126.631
    Train loss after mini-batch  1000: 125.909
    Train loss after mini-batch  1100: 125.555
    Train loss after mini-batch  1200: 125.958
    Train loss after mini-batch  1300: 126.467
    Train loss after mini-batch  1400: 125.901
    Train loss after mini-batch  1500: 126.051
    Train loss after mini-batch  1600: 125.906
    Train loss after mini-batch  1700: 125.358
    Train loss after mini-batch  1800: 125.320
    Train loss after mini-batch  1900: 125.497
    Train loss after mini-batch  2000: 125.221
Epoch: 4/50, Train Loss: 125.10324903, Val Loss: 1122.35243871

Starting epoch 5/50
    Train loss after mini-batch   100: 92.869
    Train loss after mini-batch   200: 95.488
    Train loss after mini-batch   300: 96.368
    Train loss after mini-batch   400: 97.958
    Train loss after mini-batch   500: 96.842
    Train loss after mini-batch   600: 97.412
    Train loss after mini-batch   700: 97.926
    Train loss after mini-batch   800: 97.596
    Train loss after mini-batch   900: 97.387
    Train loss after mini-batch  1000: 96.986
    Train loss after mini-batch  1100: 97.252
    Train loss after mini-batch  1200: 97.305
    Train loss after mini-batch  1300: 97.274
    Train loss after mini-batch  1400: 97.493
    Train loss after mini-batch  1500: 97.706
    Train loss after mini-batch  1600: 97.671
    Train loss after mini-batch  1700: 97.593
    Train loss after mini-batch  1800: 97.553
    Train loss after mini-batch  1900: 97.539
    Train loss after mini-batch  2000: 97.811
Epoch: 5/50, Train Loss: 97.91071185, Val Loss: 1100.58141527
Model models/OwnBaselineCNN/OwnBaselineCNN_no_rot/2022-09-29_17-44-20/model_epoch_5.pth saved!

Starting epoch 6/50
    Train loss after mini-batch   100: 76.172
    Train loss after mini-batch   200: 75.818
    Train loss after mini-batch   300: 75.393
    Train loss after mini-batch   400: 74.690
    Train loss after mini-batch   500: 75.334
    Train loss after mini-batch   600: 75.325
    Train loss after mini-batch   700: 75.589
    Train loss after mini-batch   800: 75.728
    Train loss after mini-batch   900: 75.604
    Train loss after mini-batch  1000: 75.384
    Train loss after mini-batch  1100: 75.228
    Train loss after mini-batch  1200: 74.902
    Train loss after mini-batch  1300: 75.044
    Train loss after mini-batch  1400: 75.000
    Train loss after mini-batch  1500: 74.964
    Train loss after mini-batch  1600: 74.757
    Train loss after mini-batch  1700: 74.691
    Train loss after mini-batch  1800: 74.874
    Train loss after mini-batch  1900: 74.685
    Train loss after mini-batch  2000: 74.618
Epoch: 6/50, Train Loss: 74.43773613, Val Loss: 1134.85963513

Starting epoch 7/50
    Train loss after mini-batch   100: 54.760
    Train loss after mini-batch   200: 54.270
    Train loss after mini-batch   300: 55.070
    Train loss after mini-batch   400: 54.635
    Train loss after mini-batch   500: 55.172
    Train loss after mini-batch   600: 55.153
    Train loss after mini-batch   700: 55.201
    Train loss after mini-batch   800: 55.182
    Train loss after mini-batch   900: 55.549
    Train loss after mini-batch  1000: 55.669
    Train loss after mini-batch  1100: 55.766
    Train loss after mini-batch  1200: 55.694
    Train loss after mini-batch  1300: 55.738
    Train loss after mini-batch  1400: 55.947
    Train loss after mini-batch  1500: 55.957
    Train loss after mini-batch  1600: 56.025
    Train loss after mini-batch  1700: 56.146
    Train loss after mini-batch  1800: 56.080
    Train loss after mini-batch  1900: 56.023
    Train loss after mini-batch  2000: 56.022
Epoch: 7/50, Train Loss: 56.13367067, Val Loss: 1156.44731895

Starting epoch 8/50
    Train loss after mini-batch   100: 42.578
    Train loss after mini-batch   200: 42.136
    Train loss after mini-batch   300: 41.737
    Train loss after mini-batch   400: 41.498
    Train loss after mini-batch   500: 41.320
    Train loss after mini-batch   600: 41.151
    Train loss after mini-batch   700: 41.383
    Train loss after mini-batch   800: 41.406
    Train loss after mini-batch   900: 41.421
    Train loss after mini-batch  1000: 41.401
    Train loss after mini-batch  1100: 41.516
    Train loss after mini-batch  1200: 41.690
    Train loss after mini-batch  1300: 41.797
    Train loss after mini-batch  1400: 42.026
    Train loss after mini-batch  1500: 42.151
    Train loss after mini-batch  1600: 42.205
    Train loss after mini-batch  1700: 42.412
    Train loss after mini-batch  1800: 42.431
    Train loss after mini-batch  1900: 42.552
    Train loss after mini-batch  2000: 42.635
Epoch: 8/50, Train Loss: 42.68488627, Val Loss: 1105.65917006

Starting epoch 9/50
    Train loss after mini-batch   100: 33.370
    Train loss after mini-batch   200: 32.447
    Train loss after mini-batch   300: 32.540
    Train loss after mini-batch   400: 32.494
    Train loss after mini-batch   500: 32.653
    Train loss after mini-batch   600: 32.398
    Train loss after mini-batch   700: 32.403
    Train loss after mini-batch   800: 32.448
    Train loss after mini-batch   900: 32.537
    Train loss after mini-batch  1000: 32.571
    Train loss after mini-batch  1100: 32.834
    Train loss after mini-batch  1200: 32.953
    Train loss after mini-batch  1300: 33.072
    Train loss after mini-batch  1400: 33.145
    Train loss after mini-batch  1500: 33.188
    Train loss after mini-batch  1600: 33.186
    Train loss after mini-batch  1700: 33.264
    Train loss after mini-batch  1800: 33.342
    Train loss after mini-batch  1900: 33.357
    Train loss after mini-batch  2000: 33.410
Epoch: 9/50, Train Loss: 33.44298104, Val Loss: 1099.78782216

Starting epoch 10/50
    Train loss after mini-batch   100: 26.326
    Train loss after mini-batch   200: 26.102
    Train loss after mini-batch   300: 26.504
    Train loss after mini-batch   400: 26.232
    Train loss after mini-batch   500: 26.329
    Train loss after mini-batch   600: 26.304
    Train loss after mini-batch   700: 26.399
    Train loss after mini-batch   800: 26.310
    Train loss after mini-batch   900: 26.469
    Train loss after mini-batch  1000: 26.449
    Train loss after mini-batch  1100: 26.394
    Train loss after mini-batch  1200: 26.457
    Train loss after mini-batch  1300: 26.552
    Train loss after mini-batch  1400: 26.592
    Train loss after mini-batch  1500: 26.688
    Train loss after mini-batch  1600: 26.777
    Train loss after mini-batch  1700: 26.946
    Train loss after mini-batch  1800: 27.089
    Train loss after mini-batch  1900: 27.111
    Train loss after mini-batch  2000: 27.207
Epoch: 10/50, Train Loss: 27.25755220, Val Loss: 1138.88463592
Model models/OwnBaselineCNN/OwnBaselineCNN_no_rot/2022-09-29_17-44-20/model_epoch_10.pth saved!

Starting epoch 11/50
    Train loss after mini-batch   100: 22.795
    Train loss after mini-batch   200: 22.040
    Train loss after mini-batch   300: 22.102
    Train loss after mini-batch   400: 21.974
    Train loss after mini-batch   500: 21.924
    Train loss after mini-batch   600: 21.932
    Train loss after mini-batch   700: 21.938
    Train loss after mini-batch   800: 21.966
    Train loss after mini-batch   900: 21.939
    Train loss after mini-batch  1000: 22.068
    Train loss after mini-batch  1100: 22.160
    Train loss after mini-batch  1200: 22.295
    Train loss after mini-batch  1300: 22.388
    Train loss after mini-batch  1400: 22.414
    Train loss after mini-batch  1500: 22.474
    Train loss after mini-batch  1600: 22.493
    Train loss after mini-batch  1700: 22.544
    Train loss after mini-batch  1800: 22.607
    Train loss after mini-batch  1900: 22.672
    Train loss after mini-batch  2000: 22.724
Epoch: 11/50, Train Loss: 22.75745947, Val Loss: 1124.90629513

Starting epoch 12/50
    Train loss after mini-batch   100: 19.562
    Train loss after mini-batch   200: 19.322
    Train loss after mini-batch   300: 19.247
    Train loss after mini-batch   400: 19.266
    Train loss after mini-batch   500: 19.100
    Train loss after mini-batch   600: 18.953
    Train loss after mini-batch   700: 18.917
    Train loss after mini-batch   800: 19.004
    Train loss after mini-batch   900: 19.014
    Train loss after mini-batch  1000: 19.225
    Train loss after mini-batch  1100: 19.238
    Train loss after mini-batch  1200: 19.299
    Train loss after mini-batch  1300: 19.374
    Train loss after mini-batch  1400: 19.342
    Train loss after mini-batch  1500: 19.301
    Train loss after mini-batch  1600: 19.315
    Train loss after mini-batch  1700: 19.311
    Train loss after mini-batch  1800: 19.381
    Train loss after mini-batch  1900: 19.430
    Train loss after mini-batch  2000: 19.463
Epoch: 12/50, Train Loss: 19.52384955, Val Loss: 1137.19260428

Starting epoch 13/50
    Train loss after mini-batch   100: 17.049
    Train loss after mini-batch   200: 16.878
    Train loss after mini-batch   300: 16.851
    Train loss after mini-batch   400: 16.772
    Train loss after mini-batch   500: 16.713
    Train loss after mini-batch   600: 16.834
    Train loss after mini-batch   700: 16.754
    Train loss after mini-batch   800: 16.625
    Train loss after mini-batch   900: 16.561
    Train loss after mini-batch  1000: 16.581
    Train loss after mini-batch  1100: 16.625
    Train loss after mini-batch  1200: 16.715
    Train loss after mini-batch  1300: 16.870
    Train loss after mini-batch  1400: 16.924
    Train loss after mini-batch  1500: 16.994
    Train loss after mini-batch  1600: 16.988
    Train loss after mini-batch  1700: 16.994
    Train loss after mini-batch  1800: 16.965
    Train loss after mini-batch  1900: 16.988
    Train loss after mini-batch  2000: 16.984
Epoch: 13/50, Train Loss: 17.05252212, Val Loss: 1118.04106019

Starting epoch 14/50
    Train loss after mini-batch   100: 15.180
    Train loss after mini-batch   200: 14.952
    Train loss after mini-batch   300: 15.055
    Train loss after mini-batch   400: 14.825
    Train loss after mini-batch   500: 14.690
    Train loss after mini-batch   600: 14.755
    Train loss after mini-batch   700: 14.733
    Train loss after mini-batch   800: 14.820
    Train loss after mini-batch   900: 14.845
    Train loss after mini-batch  1000: 14.956
    Train loss after mini-batch  1100: 14.896
    Train loss after mini-batch  1200: 14.854
    Train loss after mini-batch  1300: 14.838
    Train loss after mini-batch  1400: 14.824
    Train loss after mini-batch  1500: 14.815
    Train loss after mini-batch  1600: 14.874
    Train loss after mini-batch  1700: 14.889
    Train loss after mini-batch  1800: 14.892
    Train loss after mini-batch  1900: 14.915
    Train loss after mini-batch  2000: 14.966
Epoch: 14/50, Train Loss: 14.94814190, Val Loss: 1134.19702858

Starting epoch 15/50
    Train loss after mini-batch   100: 13.137
    Train loss after mini-batch   200: 12.813
    Train loss after mini-batch   300: 12.917
    Train loss after mini-batch   400: 13.012
    Train loss after mini-batch   500: 12.996
    Train loss after mini-batch   600: 12.977
    Train loss after mini-batch   700: 12.982
    Train loss after mini-batch   800: 12.999
    Train loss after mini-batch   900: 12.989
    Train loss after mini-batch  1000: 12.978
    Train loss after mini-batch  1100: 13.052
    Train loss after mini-batch  1200: 13.107
    Train loss after mini-batch  1300: 13.114
    Train loss after mini-batch  1400: 13.143
    Train loss after mini-batch  1500: 13.132
    Train loss after mini-batch  1600: 13.143
    Train loss after mini-batch  1700: 13.166
    Train loss after mini-batch  1800: 13.192
    Train loss after mini-batch  1900: 13.190
    Train loss after mini-batch  2000: 13.191
Epoch: 15/50, Train Loss: 13.18336735, Val Loss: 1124.63242512
Model models/OwnBaselineCNN/OwnBaselineCNN_no_rot/2022-09-29_17-44-20/model_epoch_15.pth saved!

Starting epoch 16/50
    Train loss after mini-batch   100: 12.468
    Train loss after mini-batch   200: 12.265
    Train loss after mini-batch   300: 12.073
    Train loss after mini-batch   400: 12.055
    Train loss after mini-batch   500: 11.891
    Train loss after mini-batch   600: 11.825
    Train loss after mini-batch   700: 11.749
    Train loss after mini-batch   800: 11.763
    Train loss after mini-batch   900: 11.764
    Train loss after mini-batch  1000: 11.798
    Train loss after mini-batch  1100: 11.782
    Train loss after mini-batch  1200: 11.824
    Train loss after mini-batch  1300: 11.849
    Train loss after mini-batch  1400: 11.969
    Train loss after mini-batch  1500: 11.994
    Train loss after mini-batch  1600: 11.985
    Train loss after mini-batch  1700: 11.970
    Train loss after mini-batch  1800: 11.976
    Train loss after mini-batch  1900: 11.979
    Train loss after mini-batch  2000: 11.972
Epoch: 16/50, Train Loss: 11.99857916, Val Loss: 1138.09825806

Starting epoch 17/50
    Train loss after mini-batch   100: 10.868
    Train loss after mini-batch   200: 10.988
    Train loss after mini-batch   300: 10.977
    Train loss after mini-batch   400: 10.921
    Train loss after mini-batch   500: 10.995
    Train loss after mini-batch   600: 11.020
    Train loss after mini-batch   700: 10.947
    Train loss after mini-batch   800: 10.902
    Train loss after mini-batch   900: 10.898
    Train loss after mini-batch  1000: 10.850
    Train loss after mini-batch  1100: 10.833
    Train loss after mini-batch  1200: 10.852
    Train loss after mini-batch  1300: 10.866
    Train loss after mini-batch  1400: 10.845
    Train loss after mini-batch  1500: 10.873
    Train loss after mini-batch  1600: 10.882
    Train loss after mini-batch  1700: 10.919
    Train loss after mini-batch  1800: 10.936
    Train loss after mini-batch  1900: 10.948
    Train loss after mini-batch  2000: 10.943
Epoch: 17/50, Train Loss: 10.93808023, Val Loss: 1140.93041838

Starting epoch 18/50
    Train loss after mini-batch   100: 9.743
    Train loss after mini-batch   200: 9.716
    Train loss after mini-batch   300: 9.667
    Train loss after mini-batch   400: 9.734
    Train loss after mini-batch   500: 9.672
    Train loss after mini-batch   600: 9.740
    Train loss after mini-batch   700: 9.748
    Train loss after mini-batch   800: 9.795
    Train loss after mini-batch   900: 9.854
    Train loss after mini-batch  1000: 9.813
    Train loss after mini-batch  1100: 9.764
    Train loss after mini-batch  1200: 9.786
    Train loss after mini-batch  1300: 9.772
    Train loss after mini-batch  1400: 9.760
    Train loss after mini-batch  1500: 9.777
    Train loss after mini-batch  1600: 9.818
    Train loss after mini-batch  1700: 9.829
    Train loss after mini-batch  1800: 9.826
    Train loss after mini-batch  1900: 9.838
    Train loss after mini-batch  2000: 9.856
Epoch: 18/50, Train Loss: 9.86277308, Val Loss: 1138.22142441

Starting epoch 19/50
    Train loss after mini-batch   100: 9.188
    Train loss after mini-batch   200: 8.999
    Train loss after mini-batch   300: 8.910
    Train loss after mini-batch   400: 8.829
    Train loss after mini-batch   500: 8.767
    Train loss after mini-batch   600: 8.818
    Train loss after mini-batch   700: 8.986
    Train loss after mini-batch   800: 9.205
    Train loss after mini-batch   900: 9.285
    Train loss after mini-batch  1000: 9.255
    Train loss after mini-batch  1100: 9.183
    Train loss after mini-batch  1200: 9.150
    Train loss after mini-batch  1300: 9.164
    Train loss after mini-batch  1400: 9.214
    Train loss after mini-batch  1500: 9.237
    Train loss after mini-batch  1600: 9.253
    Train loss after mini-batch  1700: 9.245
    Train loss after mini-batch  1800: 9.274
    Train loss after mini-batch  1900: 9.270
    Train loss after mini-batch  2000: 9.242
Epoch: 19/50, Train Loss: 9.23551341, Val Loss: 1140.28161947

Starting epoch 20/50
    Train loss after mini-batch   100: 8.307
    Train loss after mini-batch   200: 8.522
    Train loss after mini-batch   300: 8.553
    Train loss after mini-batch   400: 8.558
    Train loss after mini-batch   500: 8.645
    Train loss after mini-batch   600: 8.628
    Train loss after mini-batch   700: 8.679
    Train loss after mini-batch   800: 8.690
    Train loss after mini-batch   900: 8.626
    Train loss after mini-batch  1000: 8.575
    Train loss after mini-batch  1100: 8.523
    Train loss after mini-batch  1200: 8.524
    Train loss after mini-batch  1300: 8.499
    Train loss after mini-batch  1400: 8.465
    Train loss after mini-batch  1500: 8.447
    Train loss after mini-batch  1600: 8.438
    Train loss after mini-batch  1700: 8.426
    Train loss after mini-batch  1800: 8.438
    Train loss after mini-batch  1900: 8.450
    Train loss after mini-batch  2000: 8.481
Epoch: 20/50, Train Loss: 8.48695031, Val Loss: 1129.04514459
Model models/OwnBaselineCNN/OwnBaselineCNN_no_rot/2022-09-29_17-44-20/model_epoch_20.pth saved!

Starting epoch 21/50
    Train loss after mini-batch   100: 7.963
    Train loss after mini-batch   200: 8.028
    Train loss after mini-batch   300: 8.108
    Train loss after mini-batch   400: 8.037
    Train loss after mini-batch   500: 7.972
    Train loss after mini-batch   600: 7.855
    Train loss after mini-batch   700: 7.834
    Train loss after mini-batch   800: 7.792
    Train loss after mini-batch   900: 7.827
    Train loss after mini-batch  1000: 7.835
    Train loss after mini-batch  1100: 7.837
    Train loss after mini-batch  1200: 7.867
    Train loss after mini-batch  1300: 7.884
    Train loss after mini-batch  1400: 7.918
    Train loss after mini-batch  1500: 7.921
    Train loss after mini-batch  1600: 7.895
    Train loss after mini-batch  1700: 7.889
    Train loss after mini-batch  1800: 7.870
    Train loss after mini-batch  1900: 7.848
    Train loss after mini-batch  2000: 7.837
Epoch: 21/50, Train Loss: 7.83510025, Val Loss: 1137.33323209

Starting epoch 22/50
    Train loss after mini-batch   100: 6.929
    Train loss after mini-batch   200: 7.343
    Train loss after mini-batch   300: 7.418
    Train loss after mini-batch   400: 7.455
    Train loss after mini-batch   500: 7.506
    Train loss after mini-batch   600: 7.471
    Train loss after mini-batch   700: 7.456
    Train loss after mini-batch   800: 7.376
    Train loss after mini-batch   900: 7.342
    Train loss after mini-batch  1000: 7.319
    Train loss after mini-batch  1100: 7.294
    Train loss after mini-batch  1200: 7.307
    Train loss after mini-batch  1300: 7.361
    Train loss after mini-batch  1400: 7.355
    Train loss after mini-batch  1500: 7.356
    Train loss after mini-batch  1600: 7.359
    Train loss after mini-batch  1700: 7.379
    Train loss after mini-batch  1800: 7.388
    Train loss after mini-batch  1900: 7.381
    Train loss after mini-batch  2000: 7.382
Epoch: 22/50, Train Loss: 7.37061144, Val Loss: 1123.21745741

Starting epoch 23/50
    Train loss after mini-batch   100: 6.845
    Train loss after mini-batch   200: 6.744
    Train loss after mini-batch   300: 6.783
    Train loss after mini-batch   400: 6.911
    Train loss after mini-batch   500: 7.160
    Train loss after mini-batch   600: 7.244
    Train loss after mini-batch   700: 7.243
    Train loss after mini-batch   800: 7.218
    Train loss after mini-batch   900: 7.195
    Train loss after mini-batch  1000: 7.156
    Train loss after mini-batch  1100: 7.122
    Train loss after mini-batch  1200: 7.155
    Train loss after mini-batch  1300: 7.152
    Train loss after mini-batch  1400: 7.192
    Train loss after mini-batch  1500: 7.194
    Train loss after mini-batch  1600: 7.176
    Train loss after mini-batch  1700: 7.163
    Train loss after mini-batch  1800: 7.147
    Train loss after mini-batch  1900: 7.132
    Train loss after mini-batch  2000: 7.155
Epoch: 23/50, Train Loss: 7.24901132, Val Loss: 1133.74372042

Starting epoch 24/50
    Train loss after mini-batch   100: 7.249
    Train loss after mini-batch   200: 6.934
    Train loss after mini-batch   300: 6.777
    Train loss after mini-batch   400: 6.688
    Train loss after mini-batch   500: 6.658
    Train loss after mini-batch   600: 6.738
    Train loss after mini-batch   700: 6.746
    Train loss after mini-batch   800: 6.680
    Train loss after mini-batch   900: 6.661
    Train loss after mini-batch  1000: 6.631
    Train loss after mini-batch  1100: 6.575
    Train loss after mini-batch  1200: 6.603
    Train loss after mini-batch  1300: 6.606
    Train loss after mini-batch  1400: 6.639
    Train loss after mini-batch  1500: 6.635
    Train loss after mini-batch  1600: 6.627
    Train loss after mini-batch  1700: 6.618
    Train loss after mini-batch  1800: 6.624
    Train loss after mini-batch  1900: 6.617
    Train loss after mini-batch  2000: 6.616
Epoch: 24/50, Train Loss: 6.61312203, Val Loss: 1115.53945666

Starting epoch 25/50
    Train loss after mini-batch   100: 5.635
    Train loss after mini-batch   200: 5.778
    Train loss after mini-batch   300: 5.756
    Train loss after mini-batch   400: 5.775
    Train loss after mini-batch   500: 5.782
    Train loss after mini-batch   600: 5.814
    Train loss after mini-batch   700: 5.834
    Train loss after mini-batch   800: 5.861
    Train loss after mini-batch   900: 5.881
    Train loss after mini-batch  1000: 5.905
    Train loss after mini-batch  1100: 5.921
    Train loss after mini-batch  1200: 5.925
    Train loss after mini-batch  1300: 5.938
    Train loss after mini-batch  1400: 5.949
    Train loss after mini-batch  1500: 5.942
    Train loss after mini-batch  1600: 5.930
    Train loss after mini-batch  1700: 5.940
    Train loss after mini-batch  1800: 5.926
    Train loss after mini-batch  1900: 5.928
    Train loss after mini-batch  2000: 5.927
Epoch: 25/50, Train Loss: 5.92230369, Val Loss: 1108.35960475
Model models/OwnBaselineCNN/OwnBaselineCNN_no_rot/2022-09-29_17-44-20/model_epoch_25.pth saved!

Starting epoch 26/50
    Train loss after mini-batch   100: 5.821
    Train loss after mini-batch   200: 6.071
    Train loss after mini-batch   300: 6.001
    Train loss after mini-batch   400: 6.006
    Train loss after mini-batch   500: 5.947
    Train loss after mini-batch   600: 5.873
    Train loss after mini-batch   700: 5.848
    Train loss after mini-batch   800: 5.838
    Train loss after mini-batch   900: 5.797
    Train loss after mini-batch  1000: 5.780
    Train loss after mini-batch  1100: 5.779
    Train loss after mini-batch  1200: 5.773
    Train loss after mini-batch  1300: 5.775
    Train loss after mini-batch  1400: 5.795
    Train loss after mini-batch  1500: 5.787
    Train loss after mini-batch  1600: 5.770
    Train loss after mini-batch  1700: 5.782
    Train loss after mini-batch  1800: 5.766
    Train loss after mini-batch  1900: 5.785
    Train loss after mini-batch  2000: 5.791
Epoch: 26/50, Train Loss: 5.79356516, Val Loss: 1109.84731509

Starting epoch 27/50
    Train loss after mini-batch   100: 5.844
    Train loss after mini-batch   200: 5.666
    Train loss after mini-batch   300: 5.625
    Train loss after mini-batch   400: 5.611
    Train loss after mini-batch   500: 5.628
    Train loss after mini-batch   600: 5.635
    Train loss after mini-batch   700: 5.640
    Train loss after mini-batch   800: 5.719
    Train loss after mini-batch   900: 6.149
    Train loss after mini-batch  1000: 6.244
    Train loss after mini-batch  1100: 6.245
    Train loss after mini-batch  1200: 6.222
    Train loss after mini-batch  1300: 6.204
    Train loss after mini-batch  1400: 6.157
    Train loss after mini-batch  1500: 6.121
    Train loss after mini-batch  1600: 6.088
    Train loss after mini-batch  1700: 6.053
    Train loss after mini-batch  1800: 6.023
    Train loss after mini-batch  1900: 5.988
    Train loss after mini-batch  2000: 5.960
Epoch: 27/50, Train Loss: 5.95029761, Val Loss: 1121.14270056

Starting epoch 28/50
    Train loss after mini-batch   100: 5.012
    Train loss after mini-batch   200: 5.075
    Train loss after mini-batch   300: 5.147
    Train loss after mini-batch   400: 5.164
    Train loss after mini-batch   500: 5.117
    Train loss after mini-batch   600: 5.074
    Train loss after mini-batch   700: 5.060
    Train loss after mini-batch   800: 5.071
    Train loss after mini-batch   900: 5.053
    Train loss after mini-batch  1000: 5.069
    Train loss after mini-batch  1100: 5.051
    Train loss after mini-batch  1200: 5.070
    Train loss after mini-batch  1300: 5.070
    Train loss after mini-batch  1400: 5.086
    Train loss after mini-batch  1500: 5.116
    Train loss after mini-batch  1600: 5.127
    Train loss after mini-batch  1700: 5.145
    Train loss after mini-batch  1800: 5.165
    Train loss after mini-batch  1900: 5.164
    Train loss after mini-batch  2000: 5.171
Epoch: 28/50, Train Loss: 5.17631384, Val Loss: 1124.93324084

Starting epoch 29/50
    Train loss after mini-batch   100: 5.003
    Train loss after mini-batch   200: 4.850
    Train loss after mini-batch   300: 4.931
    Train loss after mini-batch   400: 4.954
    Train loss after mini-batch   500: 5.004
    Train loss after mini-batch   600: 5.009
    Train loss after mini-batch   700: 5.000
    Train loss after mini-batch   800: 4.983
    Train loss after mini-batch   900: 4.969
    Train loss after mini-batch  1000: 4.966
    Train loss after mini-batch  1100: 4.942
    Train loss after mini-batch  1200: 4.929
    Train loss after mini-batch  1300: 4.932
    Train loss after mini-batch  1400: 4.922
    Train loss after mini-batch  1500: 4.925
    Train loss after mini-batch  1600: 4.920
    Train loss after mini-batch  1700: 4.967
    Train loss after mini-batch  1800: 4.994
    Train loss after mini-batch  1900: 5.005
    Train loss after mini-batch  2000: 5.008
Epoch: 29/50, Train Loss: 5.00632926, Val Loss: 1120.98239126

Starting epoch 30/50
    Train loss after mini-batch   100: 5.120
    Train loss after mini-batch   200: 6.289
    Train loss after mini-batch   300: 5.994
    Train loss after mini-batch   400: 5.755
    Train loss after mini-batch   500: 5.523
    Train loss after mini-batch   600: 5.395
    Train loss after mini-batch   700: 5.306
    Train loss after mini-batch   800: 5.218
    Train loss after mini-batch   900: 5.158
    Train loss after mini-batch  1000: 5.107
    Train loss after mini-batch  1100: 5.082
    Train loss after mini-batch  1200: 5.054
    Train loss after mini-batch  1300: 5.024
    Train loss after mini-batch  1400: 5.001
    Train loss after mini-batch  1500: 4.993
    Train loss after mini-batch  1600: 4.986
    Train loss after mini-batch  1700: 4.982
    Train loss after mini-batch  1800: 4.968
    Train loss after mini-batch  1900: 4.960
    Train loss after mini-batch  2000: 4.967
Epoch: 30/50, Train Loss: 4.96138205, Val Loss: 1103.96344348
Model models/OwnBaselineCNN/OwnBaselineCNN_no_rot/2022-09-29_17-44-20/model_epoch_30.pth saved!

Starting epoch 31/50
    Train loss after mini-batch   100: 4.634
    Train loss after mini-batch   200: 4.597
    Train loss after mini-batch   300: 4.702
    Train loss after mini-batch   400: 4.665
    Train loss after mini-batch   500: 4.690
    Train loss after mini-batch   600: 4.680
    Train loss after mini-batch   700: 4.672
    Train loss after mini-batch   800: 4.624
    Train loss after mini-batch   900: 4.620
    Train loss after mini-batch  1000: 4.628
    Train loss after mini-batch  1100: 4.647
    Train loss after mini-batch  1200: 4.666
    Train loss after mini-batch  1300: 4.656
    Train loss after mini-batch  1400: 4.657
    Train loss after mini-batch  1500: 4.710
    Train loss after mini-batch  1600: 4.702
    Train loss after mini-batch  1700: 4.705
    Train loss after mini-batch  1800: 4.709
    Train loss after mini-batch  1900: 4.704
    Train loss after mini-batch  2000: 4.684
Epoch: 31/50, Train Loss: 4.67361562, Val Loss: 1117.92215160

Starting epoch 32/50
    Train loss after mini-batch   100: 4.476
    Train loss after mini-batch   200: 4.529
    Train loss after mini-batch   300: 4.393
    Train loss after mini-batch   400: 4.419
    Train loss after mini-batch   500: 4.606
    Train loss after mini-batch   600: 4.681
    Train loss after mini-batch   700: 4.839
    Train loss after mini-batch   800: 4.825
    Train loss after mini-batch   900: 4.828
    Train loss after mini-batch  1000: 4.786
    Train loss after mini-batch  1100: 4.757
    Train loss after mini-batch  1200: 4.733
    Train loss after mini-batch  1300: 4.723
    Train loss after mini-batch  1400: 4.686
    Train loss after mini-batch  1500: 4.663
    Train loss after mini-batch  1600: 4.649
    Train loss after mini-batch  1700: 4.625
    Train loss after mini-batch  1800: 4.599
    Train loss after mini-batch  1900: 4.594
    Train loss after mini-batch  2000: 4.584
Epoch: 32/50, Train Loss: 4.58110555, Val Loss: 1127.01218768

Starting epoch 33/50
    Train loss after mini-batch   100: 4.492
    Train loss after mini-batch   200: 4.329
    Train loss after mini-batch   300: 4.257
    Train loss after mini-batch   400: 4.186
    Train loss after mini-batch   500: 4.195
    Train loss after mini-batch   600: 4.181
    Train loss after mini-batch   700: 4.200
    Train loss after mini-batch   800: 4.237
    Train loss after mini-batch   900: 4.257
    Train loss after mini-batch  1000: 4.245
    Train loss after mini-batch  1100: 4.288
    Train loss after mini-batch  1200: 4.336
    Train loss after mini-batch  1300: 4.326
    Train loss after mini-batch  1400: 4.315
    Train loss after mini-batch  1500: 4.318
    Train loss after mini-batch  1600: 4.306
    Train loss after mini-batch  1700: 4.303
    Train loss after mini-batch  1800: 4.316
    Train loss after mini-batch  1900: 4.312
    Train loss after mini-batch  2000: 4.300
Epoch: 33/50, Train Loss: 4.29864407, Val Loss: 1103.71278014

Starting epoch 34/50
    Train loss after mini-batch   100: 4.153
    Train loss after mini-batch   200: 4.083
    Train loss after mini-batch   300: 4.108
    Train loss after mini-batch   400: 4.053
    Train loss after mini-batch   500: 4.056
    Train loss after mini-batch   600: 4.032
    Train loss after mini-batch   700: 4.043
    Train loss after mini-batch   800: 4.099
    Train loss after mini-batch   900: 4.105
    Train loss after mini-batch  1000: 4.113
    Train loss after mini-batch  1100: 4.174
    Train loss after mini-batch  1200: 4.194
    Train loss after mini-batch  1300: 4.420
    Train loss after mini-batch  1400: 4.509
    Train loss after mini-batch  1500: 4.483
    Train loss after mini-batch  1600: 4.450
    Train loss after mini-batch  1700: 4.449
    Train loss after mini-batch  1800: 4.426
    Train loss after mini-batch  1900: 4.402
    Train loss after mini-batch  2000: 4.378
Epoch: 34/50, Train Loss: 4.36611740, Val Loss: 1120.42144954

Starting epoch 35/50
    Train loss after mini-batch   100: 3.733
    Train loss after mini-batch   200: 3.692
    Train loss after mini-batch   300: 3.704
    Train loss after mini-batch   400: 3.675
    Train loss after mini-batch   500: 3.728
    Train loss after mini-batch   600: 4.037
    Train loss after mini-batch   700: 4.355
    Train loss after mini-batch   800: 4.361
    Train loss after mini-batch   900: 4.337
    Train loss after mini-batch  1000: 4.322
    Train loss after mini-batch  1100: 4.301
    Train loss after mini-batch  1200: 4.378
    Train loss after mini-batch  1300: 4.358
    Train loss after mini-batch  1400: 4.321
    Train loss after mini-batch  1500: 4.296
    Train loss after mini-batch  1600: 4.265
    Train loss after mini-batch  1700: 4.239
    Train loss after mini-batch  1800: 4.216
    Train loss after mini-batch  1900: 4.195
    Train loss after mini-batch  2000: 4.174
Epoch: 35/50, Train Loss: 4.16278308, Val Loss: 1113.11204965
Model models/OwnBaselineCNN/OwnBaselineCNN_no_rot/2022-09-29_17-44-20/model_epoch_35.pth saved!

Starting epoch 36/50
    Train loss after mini-batch   100: 3.489
    Train loss after mini-batch   200: 3.477
    Train loss after mini-batch   300: 3.445
    Train loss after mini-batch   400: 3.468
    Train loss after mini-batch   500: 3.481
    Train loss after mini-batch   600: 3.470
    Train loss after mini-batch   700: 3.491
    Train loss after mini-batch   800: 3.486
    Train loss after mini-batch   900: 3.476
    Train loss after mini-batch  1000: 3.489
    Train loss after mini-batch  1100: 3.487
    Train loss after mini-batch  1200: 3.483
    Train loss after mini-batch  1300: 3.518
    Train loss after mini-batch  1400: 3.520
    Train loss after mini-batch  1500: 3.533
    Train loss after mini-batch  1600: 3.540
    Train loss after mini-batch  1700: 3.544
    Train loss after mini-batch  1800: 3.552
    Train loss after mini-batch  1900: 3.557
    Train loss after mini-batch  2000: 3.558
Epoch: 36/50, Train Loss: 3.55841712, Val Loss: 1108.69782055

Starting epoch 37/50
    Train loss after mini-batch   100: 3.695
    Train loss after mini-batch   200: 3.638
    Train loss after mini-batch   300: 3.699
    Train loss after mini-batch   400: 3.679
    Train loss after mini-batch   500: 3.653
    Train loss after mini-batch   600: 3.651
    Train loss after mini-batch   700: 3.662
    Train loss after mini-batch   800: 3.699
    Train loss after mini-batch   900: 3.711
    Train loss after mini-batch  1000: 3.701
    Train loss after mini-batch  1100: 3.701
    Train loss after mini-batch  1200: 3.690
    Train loss after mini-batch  1300: 3.681
    Train loss after mini-batch  1400: 3.684
    Train loss after mini-batch  1500: 3.718
    Train loss after mini-batch  1600: 3.745
    Train loss after mini-batch  1700: 3.746
    Train loss after mini-batch  1800: 3.753
    Train loss after mini-batch  1900: 3.748
    Train loss after mini-batch  2000: 3.747
Epoch: 37/50, Train Loss: 3.74088240, Val Loss: 1115.68841721

Starting epoch 38/50
    Train loss after mini-batch   100: 3.706
    Train loss after mini-batch   200: 3.740
    Train loss after mini-batch   300: 3.782
    Train loss after mini-batch   400: 3.832
    Train loss after mini-batch   500: 3.829
    Train loss after mini-batch   600: 3.848
    Train loss after mini-batch   700: 3.846
    Train loss after mini-batch   800: 3.832
    Train loss after mini-batch   900: 3.832
    Train loss after mini-batch  1000: 3.832
    Train loss after mini-batch  1100: 3.883
    Train loss after mini-batch  1200: 3.922
    Train loss after mini-batch  1300: 3.898
    Train loss after mini-batch  1400: 3.920
    Train loss after mini-batch  1500: 3.908
    Train loss after mini-batch  1600: 3.890
    Train loss after mini-batch  1700: 3.873
    Train loss after mini-batch  1800: 3.865
    Train loss after mini-batch  1900: 3.856
    Train loss after mini-batch  2000: 3.867
Epoch: 38/50, Train Loss: 3.86051438, Val Loss: 1108.31406201

Starting epoch 39/50
    Train loss after mini-batch   100: 3.656
    Train loss after mini-batch   200: 3.843
    Train loss after mini-batch   300: 3.747
    Train loss after mini-batch   400: 3.675
    Train loss after mini-batch   500: 3.604
    Train loss after mini-batch   600: 3.562
    Train loss after mini-batch   700: 3.546
    Train loss after mini-batch   800: 3.529
    Train loss after mini-batch   900: 3.511
    Train loss after mini-batch  1000: 3.513
    Train loss after mini-batch  1100: 3.510
    Train loss after mini-batch  1200: 3.511
    Train loss after mini-batch  1300: 3.511
    Train loss after mini-batch  1400: 3.501
    Train loss after mini-batch  1500: 3.487
    Train loss after mini-batch  1600: 3.486
    Train loss after mini-batch  1700: 3.498
    Train loss after mini-batch  1800: 3.494
    Train loss after mini-batch  1900: 3.505
    Train loss after mini-batch  2000: 3.507
Epoch: 39/50, Train Loss: 3.50266731, Val Loss: 1102.32766524

Starting epoch 40/50
    Train loss after mini-batch   100: 3.199
    Train loss after mini-batch   200: 3.301
    Train loss after mini-batch   300: 3.272
    Train loss after mini-batch   400: 3.260
    Train loss after mini-batch   500: 3.259
    Train loss after mini-batch   600: 3.264
    Train loss after mini-batch   700: 3.292
    Train loss after mini-batch   800: 3.278
    Train loss after mini-batch   900: 3.269
    Train loss after mini-batch  1000: 3.273
    Train loss after mini-batch  1100: 3.292
    Train loss after mini-batch  1200: 3.293
    Train loss after mini-batch  1300: 3.309
    Train loss after mini-batch  1400: 3.353
    Train loss after mini-batch  1500: 3.370
    Train loss after mini-batch  1600: 3.382
    Train loss after mini-batch  1700: 3.386
    Train loss after mini-batch  1800: 3.373
    Train loss after mini-batch  1900: 3.366
    Train loss after mini-batch  2000: 3.364
Epoch: 40/50, Train Loss: 3.36529700, Val Loss: 1117.26084503
Model models/OwnBaselineCNN/OwnBaselineCNN_no_rot/2022-09-29_17-44-20/model_epoch_40.pth saved!

Starting epoch 41/50
    Train loss after mini-batch   100: 3.411
    Train loss after mini-batch   200: 3.361
    Train loss after mini-batch   300: 3.323
    Train loss after mini-batch   400: 3.379
    Train loss after mini-batch   500: 3.391
    Train loss after mini-batch   600: 3.407
    Train loss after mini-batch   700: 3.413
    Train loss after mini-batch   800: 3.431
    Train loss after mini-batch   900: 3.431
    Train loss after mini-batch  1000: 3.417
    Train loss after mini-batch  1100: 3.428
    Train loss after mini-batch  1200: 3.430
    Train loss after mini-batch  1300: 3.418
    Train loss after mini-batch  1400: 3.410
    Train loss after mini-batch  1500: 3.403
    Train loss after mini-batch  1600: 3.393
    Train loss after mini-batch  1700: 3.398
    Train loss after mini-batch  1800: 3.400
    Train loss after mini-batch  1900: 3.400
    Train loss after mini-batch  2000: 3.392
Epoch: 41/50, Train Loss: 3.38806359, Val Loss: 1085.62536957

Starting epoch 42/50
    Train loss after mini-batch   100: 3.256
    Train loss after mini-batch   200: 3.221
    Train loss after mini-batch   300: 3.186
    Train loss after mini-batch   400: 3.212
    Train loss after mini-batch   500: 3.220
    Train loss after mini-batch   600: 3.207
    Train loss after mini-batch   700: 3.182
    Train loss after mini-batch   800: 3.166
    Train loss after mini-batch   900: 3.177
    Train loss after mini-batch  1000: 3.191
    Train loss after mini-batch  1100: 3.199
    Train loss after mini-batch  1200: 3.252
    Train loss after mini-batch  1300: 3.274
    Train loss after mini-batch  1400: 3.267
    Train loss after mini-batch  1500: 3.258
    Train loss after mini-batch  1600: 3.248
    Train loss after mini-batch  1700: 3.233
    Train loss after mini-batch  1800: 3.229
    Train loss after mini-batch  1900: 3.225
    Train loss after mini-batch  2000: 3.218
Epoch: 42/50, Train Loss: 3.21627468, Val Loss: 1106.60661015

Starting epoch 43/50
    Train loss after mini-batch   100: 3.151
    Train loss after mini-batch   200: 3.151
    Train loss after mini-batch   300: 3.117
    Train loss after mini-batch   400: 3.120
    Train loss after mini-batch   500: 3.106
    Train loss after mini-batch   600: 3.232
    Train loss after mini-batch   700: 3.217
    Train loss after mini-batch   800: 3.215
    Train loss after mini-batch   900: 3.196
    Train loss after mini-batch  1000: 3.193
    Train loss after mini-batch  1100: 3.193
    Train loss after mini-batch  1200: 3.184
    Train loss after mini-batch  1300: 3.175
    Train loss after mini-batch  1400: 3.165
    Train loss after mini-batch  1500: 3.147
    Train loss after mini-batch  1600: 3.142
    Train loss after mini-batch  1700: 3.166
    Train loss after mini-batch  1800: 3.255
    Train loss after mini-batch  1900: 3.292
    Train loss after mini-batch  2000: 3.341
Epoch: 43/50, Train Loss: 3.34985566, Val Loss: 1124.29446442

Starting epoch 44/50
    Train loss after mini-batch   100: 3.382
    Train loss after mini-batch   200: 3.350
    Train loss after mini-batch   300: 3.271
    Train loss after mini-batch   400: 3.181
    Train loss after mini-batch   500: 3.147
    Train loss after mini-batch   600: 3.151
    Train loss after mini-batch   700: 3.111
    Train loss after mini-batch   800: 3.070
    Train loss after mini-batch   900: 3.040
    Train loss after mini-batch  1000: 3.043
    Train loss after mini-batch  1100: 3.034
    Train loss after mini-batch  1200: 3.028
    Train loss after mini-batch  1300: 3.014
    Train loss after mini-batch  1400: 3.005
    Train loss after mini-batch  1500: 3.002
    Train loss after mini-batch  1600: 2.998
    Train loss after mini-batch  1700: 2.999
    Train loss after mini-batch  1800: 2.994
    Train loss after mini-batch  1900: 2.999
    Train loss after mini-batch  2000: 3.009
Epoch: 44/50, Train Loss: 3.01383309, Val Loss: 1130.83042126

Starting epoch 45/50
    Train loss after mini-batch   100: 2.892
    Train loss after mini-batch   200: 2.881
    Train loss after mini-batch   300: 2.859
    Train loss after mini-batch   400: 2.825
    Train loss after mini-batch   500: 2.800
    Train loss after mini-batch   600: 2.815
    Train loss after mini-batch   700: 2.802
    Train loss after mini-batch   800: 2.820
    Train loss after mini-batch   900: 2.815
    Train loss after mini-batch  1000: 2.834
    Train loss after mini-batch  1100: 2.867
    Train loss after mini-batch  1200: 2.863
    Train loss after mini-batch  1300: 2.862
    Train loss after mini-batch  1400: 2.858
    Train loss after mini-batch  1500: 2.849
    Train loss after mini-batch  1600: 2.837
    Train loss after mini-batch  1700: 2.830
    Train loss after mini-batch  1800: 2.822
    Train loss after mini-batch  1900: 2.818
    Train loss after mini-batch  2000: 2.823
Epoch: 45/50, Train Loss: 2.82263323, Val Loss: 1115.52267968
Model models/OwnBaselineCNN/OwnBaselineCNN_no_rot/2022-09-29_17-44-20/model_epoch_45.pth saved!

Starting epoch 46/50
    Train loss after mini-batch   100: 2.922
    Train loss after mini-batch   200: 2.949
    Train loss after mini-batch   300: 2.920
    Train loss after mini-batch   400: 2.905
    Train loss after mini-batch   500: 2.888
    Train loss after mini-batch   600: 2.916
    Train loss after mini-batch   700: 2.927
    Train loss after mini-batch   800: 2.926
    Train loss after mini-batch   900: 2.913
    Train loss after mini-batch  1000: 2.900
    Train loss after mini-batch  1100: 2.890
    Train loss after mini-batch  1200: 2.889
    Train loss after mini-batch  1300: 2.874
    Train loss after mini-batch  1400: 2.869
    Train loss after mini-batch  1500: 2.876
    Train loss after mini-batch  1600: 2.884
    Train loss after mini-batch  1700: 2.874
    Train loss after mini-batch  1800: 2.871
    Train loss after mini-batch  1900: 2.867
    Train loss after mini-batch  2000: 2.859
Epoch: 46/50, Train Loss: 2.86396452, Val Loss: 1096.13872460

Starting epoch 47/50
    Train loss after mini-batch   100: 3.236
    Train loss after mini-batch   200: 3.178
    Train loss after mini-batch   300: 3.108
    Train loss after mini-batch   400: 3.070
    Train loss after mini-batch   500: 3.027
    Train loss after mini-batch   600: 2.968
    Train loss after mini-batch   700: 2.951
    Train loss after mini-batch   800: 2.931
    Train loss after mini-batch   900: 2.926
    Train loss after mini-batch  1000: 2.942
    Train loss after mini-batch  1100: 2.938
    Train loss after mini-batch  1200: 2.933
    Train loss after mini-batch  1300: 2.920
    Train loss after mini-batch  1400: 2.915
    Train loss after mini-batch  1500: 2.907
    Train loss after mini-batch  1600: 2.896
    Train loss after mini-batch  1700: 2.896
    Train loss after mini-batch  1800: 2.891
    Train loss after mini-batch  1900: 2.894
    Train loss after mini-batch  2000: 2.888
Epoch: 47/50, Train Loss: 2.88333813, Val Loss: 1102.53277598

Starting epoch 48/50
    Train loss after mini-batch   100: 2.688
    Train loss after mini-batch   200: 2.705
    Train loss after mini-batch   300: 2.748
    Train loss after mini-batch   400: 2.739
    Train loss after mini-batch   500: 2.790
    Train loss after mini-batch   600: 2.821
    Train loss after mini-batch   700: 2.836
    Train loss after mini-batch   800: 2.817
    Train loss after mini-batch   900: 2.813
    Train loss after mini-batch  1000: 2.801
    Train loss after mini-batch  1100: 2.797
    Train loss after mini-batch  1200: 2.786
    Train loss after mini-batch  1300: 2.784
    Train loss after mini-batch  1400: 2.828
    Train loss after mini-batch  1500: 2.869
    Train loss after mini-batch  1600: 2.865
    Train loss after mini-batch  1700: 2.853
    Train loss after mini-batch  1800: 2.839
    Train loss after mini-batch  1900: 2.826
    Train loss after mini-batch  2000: 2.828
Epoch: 48/50, Train Loss: 2.82327611, Val Loss: 1119.30626458

Starting epoch 49/50
    Train loss after mini-batch   100: 2.652
    Train loss after mini-batch   200: 2.679
    Train loss after mini-batch   300: 2.684
    Train loss after mini-batch   400: 2.693
    Train loss after mini-batch   500: 2.680
    Train loss after mini-batch   600: 2.669
    Train loss after mini-batch   700: 2.654
    Train loss after mini-batch   800: 2.630
    Train loss after mini-batch   900: 2.638
    Train loss after mini-batch  1000: 2.638
    Train loss after mini-batch  1100: 2.640
    Train loss after mini-batch  1200: 2.637
    Train loss after mini-batch  1300: 2.643
    Train loss after mini-batch  1400: 2.641
    Train loss after mini-batch  1500: 2.633
    Train loss after mini-batch  1600: 2.647
    Train loss after mini-batch  1700: 2.656
    Train loss after mini-batch  1800: 2.660
    Train loss after mini-batch  1900: 2.663
    Train loss after mini-batch  2000: 2.662
Epoch: 49/50, Train Loss: 2.66544132, Val Loss: 1115.39235994

Starting epoch 50/50
    Train loss after mini-batch   100: 2.653
    Train loss after mini-batch   200: 2.625
    Train loss after mini-batch   300: 2.619
    Train loss after mini-batch   400: 2.596
    Train loss after mini-batch   500: 2.600
    Train loss after mini-batch   600: 2.577
    Train loss after mini-batch   700: 2.577
    Train loss after mini-batch   800: 2.575
    Train loss after mini-batch   900: 2.592
    Train loss after mini-batch  1000: 2.589
    Train loss after mini-batch  1100: 2.601
    Train loss after mini-batch  1200: 2.621
    Train loss after mini-batch  1300: 2.615
    Train loss after mini-batch  1400: 2.613
    Train loss after mini-batch  1500: 2.614
    Train loss after mini-batch  1600: 2.620
    Train loss after mini-batch  1700: 2.618
    Train loss after mini-batch  1800: 2.616
    Train loss after mini-batch  1900: 2.617
    Train loss after mini-batch  2000: 2.610
Epoch: 50/50, Train Loss: 2.60656283, Val Loss: 1106.62073082
Model models/OwnBaselineCNN/OwnBaselineCNN_no_rot/2022-09-29_17-44-20/model_epoch_50.pth saved!
Training process has finished.
Saving model... 
Saved: models/OwnBaselineCNN/OwnBaselineCNN_no_rot/2022-09-29_17-44-20/model.pth
