{'name': 'ResNet50_SunShangetAl_compositional_loss', 'epochs': 25, 'learning_rate': 0.03, 'lr_decay_milestones': [10, 20], 'lr_decay_gamma': 0.1, 'loss_function': <module 'loss.CompositionalLoss' from '/share/temp/students/jonah/ma-jonah/pipeline/loss/CompositionalLoss.py'>, 'optimizer': <class 'torch.optim.sgd.SGD'>, 'output_size': 63, 'momentum': 0.9, 'weight_decay': 0.0002, 'use_rotation_data': False, 'shuffle': True, 'batch_size': 8, 'normalize': True, 'description': '\nResNet50 wie beschrieben im Paper: Compositional Human Pose Regression.\nAls Loss kommt der im Paper beschriebene Compositional Loss zum Einsatz.\n'}

Start training of model: ResNet50_SunShangetAl_compositional_loss

Starting epoch 1/25
    Train loss after mini-batch   100: 450790.700
    Train loss after mini-batch   200: 226716.765
    Train loss after mini-batch   300: 151881.568
    Train loss after mini-batch   400: 114585.923
    Train loss after mini-batch   500: 92274.961
    Train loss after mini-batch   600: 77368.709
    Train loss after mini-batch   700: 66797.942
    Train loss after mini-batch   800: 58822.142
    Train loss after mini-batch   900: 52709.644
    Train loss after mini-batch  1000: 47840.329
    Train loss after mini-batch  1100: 43878.638
    Train loss after mini-batch  1200: 40490.759
    Train loss after mini-batch  1300: 37667.056
    Train loss after mini-batch  1400: 35278.100
    Train loss after mini-batch  1500: 33165.296
    Train loss after mini-batch  1600: 31289.732
    Train loss after mini-batch  1700: 29634.268
    Train loss after mini-batch  1800: 28162.817
    Train loss after mini-batch  1900: 26846.598
    Train loss after mini-batch  2000: 25660.887
    Train loss after mini-batch  2100: 24583.485
    Train loss after mini-batch  2200: 23615.479
    Train loss after mini-batch  2300: 22766.482
    Train loss after mini-batch  2400: 21977.167
    Train loss after mini-batch  2500: 21251.204
    Train loss after mini-batch  2600: 20565.699
    Train loss after mini-batch  2700: 20002.270
    Train loss after mini-batch  2800: 19395.217
    Train loss after mini-batch  2900: 18834.728
    Train loss after mini-batch  3000: 18311.244
    Train loss after mini-batch  3100: 17822.170
    Train loss after mini-batch  3200: 17355.802
    Train loss after mini-batch  3300: 16925.344
    Train loss after mini-batch  3400: 16523.211
    Train loss after mini-batch  3500: 16139.112
    Train loss after mini-batch  3600: 15778.204
    Train loss after mini-batch  3700: 15446.438
    Train loss after mini-batch  3800: 15120.757
    Train loss after mini-batch  3900: 14813.843
    Train loss after mini-batch  4000: 14522.072
    Train loss after mini-batch  4100: 14244.248
    Train loss after mini-batch  4200: 13978.055
    Train loss after mini-batch  4300: 13726.007
    Train loss after mini-batch  4400: 13485.645
    Train loss after mini-batch  4500: 13255.995
    Train loss after mini-batch  4600: 13034.564
    Train loss after mini-batch  4700: 12824.086
    Train loss after mini-batch  4800: 12622.796
    Train loss after mini-batch  4900: 12429.264
    Train loss after mini-batch  5000: 12243.628
    Train loss after mini-batch  5100: 12063.158
    Train loss after mini-batch  5200: 11890.848
    Train loss after mini-batch  5300: 11725.098
    Train loss after mini-batch  5400: 11564.036
    Train loss after mini-batch  5500: 11415.324
    Train loss after mini-batch  5600: 11266.849
    Train loss after mini-batch  5700: 11121.342
    Train loss after mini-batch  5800: 10982.571
    Train loss after mini-batch  5900: 10849.544
    Train loss after mini-batch  6000: 10719.175
    Train loss after mini-batch  6100: 10594.067
    Train loss after mini-batch  6200: 10473.971
    Train loss after mini-batch  6300: 10357.826
    Train loss after mini-batch  6400: 10245.213
    Train loss after mini-batch  6500: 10136.100
    Train loss after mini-batch  6600: 10030.097
    Train loss after mini-batch  6700: 9927.339
    Train loss after mini-batch  6800: 9827.392
    Train loss after mini-batch  6900: 9730.680
    Train loss after mini-batch  7000: 9636.252
    Train loss after mini-batch  7100: 9544.919
    Train loss after mini-batch  7200: 9455.456
    Train loss after mini-batch  7300: 9371.719
    Train loss after mini-batch  7400: 9296.729
    Train loss after mini-batch  7500: 9223.950
    Train loss after mini-batch  7600: 9152.874
    Train loss after mini-batch  7700: 9083.648
    Train loss after mini-batch  7800: 9016.349
    Train loss after mini-batch  7900: 8950.332
    Train loss after mini-batch  8000: 8886.339
    Train loss after mini-batch  8100: 8823.997
    Train loss after mini-batch  8200: 8762.972
    Train loss after mini-batch  8300: 8703.498
    Train loss after mini-batch  8400: 8645.547
    Train loss after mini-batch  8500: 8588.748
    Train loss after mini-batch  8600: 8533.247
    Train loss after mini-batch  8700: 8479.314
    Train loss after mini-batch  8800: 8426.261
    Train loss after mini-batch  8900: 8374.640
    Train loss after mini-batch  9000: 8324.257
    Train loss after mini-batch  9100: 8274.711
    Train loss after mini-batch  9200: 8226.332
    Train loss after mini-batch  9300: 8179.156
    Train loss after mini-batch  9400: 8132.778
    Train loss after mini-batch  9500: 8087.395
    Train loss after mini-batch  9600: 8043.114
    Train loss after mini-batch  9700: 7999.525
    Train loss after mini-batch  9800: 7956.913
    Train loss after mini-batch  9900: 7915.334
    Train loss after mini-batch 10000: 7874.391
    Train loss after mini-batch 10100: 7834.315
    Train loss after mini-batch 10200: 7795.131
    Train loss after mini-batch 10300: 7756.473
    Train loss after mini-batch 10400: 7718.699
    Train loss after mini-batch 10500: 7681.703
    Train loss after mini-batch 10600: 7645.247
    Train loss after mini-batch 10700: 7609.512
    Train loss after mini-batch 10800: 7574.567
    Train loss after mini-batch 10900: 7540.170
    Train loss after mini-batch 11000: 7506.320
    Train loss after mini-batch 11100: 7473.340
    Train loss after mini-batch 11200: 7440.709
    Train loss after mini-batch 11300: 7408.698
    Train loss after mini-batch 11400: 7377.342
    Train loss after mini-batch 11500: 7346.438
    Train loss after mini-batch 11600: 7316.099
    Train loss after mini-batch 11700: 7286.330
    Train loss after mini-batch 11800: 7256.922
    Train loss after mini-batch 11900: 7228.110
    Train loss after mini-batch 12000: 7199.838
    Train loss after mini-batch 12100: 7171.876
    Train loss after mini-batch 12200: 7144.388
    Train loss after mini-batch 12300: 7117.526
    Train loss after mini-batch 12400: 7090.946
    Train loss after mini-batch 12500: 7064.839
    Train loss after mini-batch 12600: 7039.194
    Train loss after mini-batch 12700: 7013.818
    Train loss after mini-batch 12800: 6988.948
    Train loss after mini-batch 12900: 6964.486
    Train loss after mini-batch 13000: 6940.273
    Train loss after mini-batch 13100: 6916.479
    Train loss after mini-batch 13200: 6893.081
    Train loss after mini-batch 13300: 6869.985
    Train loss after mini-batch 13400: 6847.255
    Train loss after mini-batch 13500: 6824.989
    Train loss after mini-batch 13600: 6802.828
    Train loss after mini-batch 13700: 6781.037
    Train loss after mini-batch 13800: 6759.749
    Train loss after mini-batch 13900: 6738.583
    Train loss after mini-batch 14000: 6717.788
    Train loss after mini-batch 14100: 6697.386
    Train loss after mini-batch 14200: 6677.080
    Train loss after mini-batch 14300: 6657.137
    Train loss after mini-batch 14400: 6637.576
    Train loss after mini-batch 14500: 6618.131
    Train loss after mini-batch 14600: 6599.019
    Train loss after mini-batch 14700: 6580.250
    Train loss after mini-batch 14800: 6561.585
    Train loss after mini-batch 14900: 6543.194
    Train loss after mini-batch 15000: 6525.160
    Train loss after mini-batch 15100: 6507.206
    Train loss after mini-batch 15200: 6489.513
    Train loss after mini-batch 15300: 6472.154
    Train loss after mini-batch 15400: 6454.970
    Train loss after mini-batch 15500: 6438.016
    Train loss after mini-batch 15600: 6421.336
    Train loss after mini-batch 15700: 6404.732
    Train loss after mini-batch 15800: 6388.413
    Train loss after mini-batch 15900: 6372.343
    Train loss after mini-batch 16000: 6356.321
    Train loss after mini-batch 16100: 6340.569
    Train loss after mini-batch 16200: 6325.098
    Train loss after mini-batch 16300: 6309.678
    Train loss after mini-batch 16400: 6294.555
Epoch: 1/25, Train Loss: 6288.86770807, Val Loss: 7105.34182618

Starting epoch 2/25
    Train loss after mini-batch   100: 3817.755
    Train loss after mini-batch   200: 3828.060
    Train loss after mini-batch   300: 3825.207
    Train loss after mini-batch   400: 3825.186
    Train loss after mini-batch   500: 3690.676
    Train loss after mini-batch   600: 3599.608
    Train loss after mini-batch   700: 3534.822
    Train loss after mini-batch   800: 3486.667
    Train loss after mini-batch   900: 3447.173
    Train loss after mini-batch  1000: 3416.143
    Train loss after mini-batch  1100: 3392.431
    Train loss after mini-batch  1200: 3371.937
    Train loss after mini-batch  1300: 3355.003
    Train loss after mini-batch  1400: 3341.303
    Train loss after mini-batch  1500: 3327.961
    Train loss after mini-batch  1600: 3317.103
    Train loss after mini-batch  1700: 3307.787
    Train loss after mini-batch  1800: 3298.603
    Train loss after mini-batch  1900: 3290.989
    Train loss after mini-batch  2000: 3282.301
    Train loss after mini-batch  2100: 3264.902
    Train loss after mini-batch  2200: 3251.837
    Train loss after mini-batch  2300: 3240.079
    Train loss after mini-batch  2400: 3234.559
    Train loss after mini-batch  2500: 3230.923
    Train loss after mini-batch  2600: 3227.922
    Train loss after mini-batch  2700: 3227.510
    Train loss after mini-batch  2800: 3248.771
    Train loss after mini-batch  2900: 3268.393
    Train loss after mini-batch  3000: 3286.928
    Train loss after mini-batch  3100: 3304.274
    Train loss after mini-batch  3200: 3320.821
    Train loss after mini-batch  3300: 3335.851
    Train loss after mini-batch  3400: 3350.343
    Train loss after mini-batch  3500: 3363.959
    Train loss after mini-batch  3600: 3372.164
    Train loss after mini-batch  3700: 3384.440
    Train loss after mini-batch  3800: 3396.258
    Train loss after mini-batch  3900: 3406.862
    Train loss after mini-batch  4000: 3417.376
    Train loss after mini-batch  4100: 3427.325
    Train loss after mini-batch  4200: 3436.675
    Train loss after mini-batch  4300: 3442.092
    Train loss after mini-batch  4400: 3434.499
    Train loss after mini-batch  4500: 3428.131
    Train loss after mini-batch  4600: 3421.896
    Train loss after mini-batch  4700: 3415.808
    Train loss after mini-batch  4800: 3410.187
    Train loss after mini-batch  4900: 3403.190
    Train loss after mini-batch  5000: 3397.610
    Train loss after mini-batch  5100: 3388.482
    Train loss after mini-batch  5200: 3383.303
    Train loss after mini-batch  5300: 3378.382
    Train loss after mini-batch  5400: 3373.326
    Train loss after mini-batch  5500: 3368.978
    Train loss after mini-batch  5600: 3365.101
    Train loss after mini-batch  5700: 3361.092
    Train loss after mini-batch  5800: 3357.481
    Train loss after mini-batch  5900: 3353.178
    Train loss after mini-batch  6000: 3360.789
    Train loss after mini-batch  6100: 3368.327
    Train loss after mini-batch  6200: 3375.960
    Train loss after mini-batch  6300: 3382.874
    Train loss after mini-batch  6400: 3389.861
    Train loss after mini-batch  6500: 3396.647
    Train loss after mini-batch  6600: 3403.035
    Train loss after mini-batch  6700: 3409.304
    Train loss after mini-batch  6800: 3415.642
    Train loss after mini-batch  6900: 3421.578
    Train loss after mini-batch  7000: 3427.107
    Train loss after mini-batch  7100: 3432.880
    Train loss after mini-batch  7200: 3438.327
    Train loss after mini-batch  7300: 3443.542
    Train loss after mini-batch  7400: 3448.871
    Train loss after mini-batch  7500: 3453.738
    Train loss after mini-batch  7600: 3458.613
    Train loss after mini-batch  7700: 3463.556
    Train loss after mini-batch  7800: 3468.055
    Train loss after mini-batch  7900: 3472.531
    Train loss after mini-batch  8000: 3477.109
    Train loss after mini-batch  8100: 3481.291
    Train loss after mini-batch  8200: 3485.377
    Train loss after mini-batch  8300: 3489.576
    Train loss after mini-batch  8400: 3493.584
    Train loss after mini-batch  8500: 3497.301
    Train loss after mini-batch  8600: 3501.229
    Train loss after mini-batch  8700: 3504.904
    Train loss after mini-batch  8800: 3508.528
    Train loss after mini-batch  8900: 3512.206
    Train loss after mini-batch  9000: 3515.541
    Train loss after mini-batch  9100: 3518.828
    Train loss after mini-batch  9200: 3522.238
    Train loss after mini-batch  9300: 3525.450
    Train loss after mini-batch  9400: 3528.622
    Train loss after mini-batch  9500: 3531.848
    Train loss after mini-batch  9600: 3534.906
    Train loss after mini-batch  9700: 3537.848
    Train loss after mini-batch  9800: 3540.925
    Train loss after mini-batch  9900: 3543.768
    Train loss after mini-batch 10000: 3546.567
    Train loss after mini-batch 10100: 3549.468
    Train loss after mini-batch 10200: 3552.092
    Train loss after mini-batch 10300: 3554.666
    Train loss after mini-batch 10400: 3557.355
    Train loss after mini-batch 10500: 3559.879
    Train loss after mini-batch 10600: 3562.369
    Train loss after mini-batch 10700: 3564.890
    Train loss after mini-batch 10800: 3567.251
    Train loss after mini-batch 10900: 3569.629
    Train loss after mini-batch 11000: 3572.042
    Train loss after mini-batch 11100: 3574.317
    Train loss after mini-batch 11200: 3576.506
    Train loss after mini-batch 11300: 3578.799
    Train loss after mini-batch 11400: 3580.861
    Train loss after mini-batch 11500: 3582.973
    Train loss after mini-batch 11600: 3585.181
    Train loss after mini-batch 11700: 3587.205
    Train loss after mini-batch 11800: 3589.199
    Train loss after mini-batch 11900: 3591.261
    Train loss after mini-batch 12000: 3593.110
    Train loss after mini-batch 12100: 3595.035
    Train loss after mini-batch 12200: 3597.007
    Train loss after mini-batch 12300: 3598.769
    Train loss after mini-batch 12400: 3600.604
    Train loss after mini-batch 12500: 3602.477
    Train loss after mini-batch 12600: 3604.174
    Train loss after mini-batch 12700: 3605.925
    Train loss after mini-batch 12800: 3607.712
    Train loss after mini-batch 12900: 3609.385
    Train loss after mini-batch 13000: 3610.994
    Train loss after mini-batch 13100: 3612.688
    Train loss after mini-batch 13200: 3614.154
    Train loss after mini-batch 13300: 3615.726
    Train loss after mini-batch 13400: 3617.394
    Train loss after mini-batch 13500: 3618.860
    Train loss after mini-batch 13600: 3620.333
    Train loss after mini-batch 13700: 3621.936
    Train loss after mini-batch 13800: 3623.377
    Train loss after mini-batch 13900: 3624.802
    Train loss after mini-batch 14000: 3626.311
    Train loss after mini-batch 14100: 3627.644
    Train loss after mini-batch 14200: 3629.051
    Train loss after mini-batch 14300: 3630.487
    Train loss after mini-batch 14400: 3631.765
    Train loss after mini-batch 14500: 3633.089
    Train loss after mini-batch 14600: 3634.500
    Train loss after mini-batch 14700: 3635.750
    Train loss after mini-batch 14800: 3637.015
    Train loss after mini-batch 14900: 3638.347
    Train loss after mini-batch 15000: 3639.551
    Train loss after mini-batch 15100: 3640.784
    Train loss after mini-batch 15200: 3642.060
    Train loss after mini-batch 15300: 3643.224
    Train loss after mini-batch 15400: 3644.366
    Train loss after mini-batch 15500: 3645.646
    Train loss after mini-batch 15600: 3646.759
    Train loss after mini-batch 15700: 3647.862
    Train loss after mini-batch 15800: 3649.074
    Train loss after mini-batch 15900: 3650.129
    Train loss after mini-batch 16000: 3651.200
    Train loss after mini-batch 16100: 3652.363
    Train loss after mini-batch 16200: 3653.347
    Train loss after mini-batch 16300: 3654.387
    Train loss after mini-batch 16400: 3655.494
Epoch: 2/25, Train Loss: 3655.83012220, Val Loss: 5597.72429572

Starting epoch 3/25
    Train loss after mini-batch   100: 3836.400
    Train loss after mini-batch   200: 3827.987
    Train loss after mini-batch   300: 3825.615
    Train loss after mini-batch   400: 3827.504
    Train loss after mini-batch   500: 3825.238
    Train loss after mini-batch   600: 3825.337
    Train loss after mini-batch   700: 3827.612
    Train loss after mini-batch   800: 3826.579
    Train loss after mini-batch   900: 3826.125
    Train loss after mini-batch  1000: 3826.904
    Train loss after mini-batch  1100: 3826.302
    Train loss after mini-batch  1200: 3826.259
    Train loss after mini-batch  1300: 3826.839
    Train loss after mini-batch  1400: 3826.514
    Train loss after mini-batch  1500: 3826.026
    Train loss after mini-batch  1600: 3826.885
    Train loss after mini-batch  1700: 3826.539
    Train loss after mini-batch  1800: 3826.117
    Train loss after mini-batch  1900: 3826.801
    Train loss after mini-batch  2000: 3826.508
    Train loss after mini-batch  2100: 3826.501
    Train loss after mini-batch  2200: 3826.899
    Train loss after mini-batch  2300: 3826.550
    Train loss after mini-batch  2400: 3826.426
    Train loss after mini-batch  2500: 3827.155
    Train loss after mini-batch  2600: 3826.601
    Train loss after mini-batch  2700: 3826.604
    Train loss after mini-batch  2800: 3827.173
    Train loss after mini-batch  2900: 3826.954
    Train loss after mini-batch  3000: 3826.781
    Train loss after mini-batch  3100: 3827.270
    Train loss after mini-batch  3200: 3827.109
    Train loss after mini-batch  3300: 3827.104
    Train loss after mini-batch  3400: 3827.335
    Train loss after mini-batch  3500: 3826.830
    Train loss after mini-batch  3600: 3826.906
    Train loss after mini-batch  3700: 3827.018
    Train loss after mini-batch  3800: 3826.865
    Train loss after mini-batch  3900: 3826.695
    Train loss after mini-batch  4000: 3826.902
    Train loss after mini-batch  4100: 3826.622
    Train loss after mini-batch  4200: 3826.678
    Train loss after mini-batch  4300: 3826.891
    Train loss after mini-batch  4400: 3826.439
    Train loss after mini-batch  4500: 3826.635
    Train loss after mini-batch  4600: 3826.872
    Train loss after mini-batch  4700: 3826.743
    Train loss after mini-batch  4800: 3826.735
    Train loss after mini-batch  4900: 3826.810
    Train loss after mini-batch  5000: 3826.631
    Train loss after mini-batch  5100: 3826.618
    Train loss after mini-batch  5200: 3826.874
    Train loss after mini-batch  5300: 3826.586
    Train loss after mini-batch  5400: 3826.482
    Train loss after mini-batch  5500: 3826.619
    Train loss after mini-batch  5600: 3826.626
    Train loss after mini-batch  5700: 3826.497
    Train loss after mini-batch  5800: 3826.713
    Train loss after mini-batch  5900: 3826.686
    Train loss after mini-batch  6000: 3826.662
    Train loss after mini-batch  6100: 3826.861
    Train loss after mini-batch  6200: 3826.745
    Train loss after mini-batch  6300: 3826.734
    Train loss after mini-batch  6400: 3826.908
    Train loss after mini-batch  6500: 3826.731
    Train loss after mini-batch  6600: 3826.611
    Train loss after mini-batch  6700: 3826.762
    Train loss after mini-batch  6800: 3826.530
    Train loss after mini-batch  6900: 3826.443
    Train loss after mini-batch  7000: 3826.650
    Train loss after mini-batch  7100: 3826.520
    Train loss after mini-batch  7200: 3826.345
    Train loss after mini-batch  7300: 3826.607
    Train loss after mini-batch  7400: 3826.483
    Train loss after mini-batch  7500: 3826.345
    Train loss after mini-batch  7600: 3826.473
    Train loss after mini-batch  7700: 3826.480
    Train loss after mini-batch  7800: 3826.356
    Train loss after mini-batch  7900: 3826.399
    Train loss after mini-batch  8000: 3826.290
    Train loss after mini-batch  8100: 3826.266
    Train loss after mini-batch  8200: 3826.373
    Train loss after mini-batch  8300: 3826.207
    Train loss after mini-batch  8400: 3826.148
    Train loss after mini-batch  8500: 3826.183
    Train loss after mini-batch  8600: 3826.077
    Train loss after mini-batch  8700: 3825.990
    Train loss after mini-batch  8800: 3826.087
    Train loss after mini-batch  8900: 3826.114
    Train loss after mini-batch  9000: 3825.990
    Train loss after mini-batch  9100: 3826.137
    Train loss after mini-batch  9200: 3826.043
    Train loss after mini-batch  9300: 3826.058
    Train loss after mini-batch  9400: 3826.214
    Train loss after mini-batch  9500: 3826.033
    Train loss after mini-batch  9600: 3826.047
    Train loss after mini-batch  9700: 3826.196
    Train loss after mini-batch  9800: 3826.022
    Train loss after mini-batch  9900: 3826.016
    Train loss after mini-batch 10000: 3826.062
    Train loss after mini-batch 10100: 3826.037
    Train loss after mini-batch 10200: 3825.962
    Train loss after mini-batch 10300: 3826.077
    Train loss after mini-batch 10400: 3825.932
    Train loss after mini-batch 10500: 3825.955
    Train loss after mini-batch 10600: 3826.023
    Train loss after mini-batch 10700: 3825.971
    Train loss after mini-batch 10800: 3825.910
    Train loss after mini-batch 10900: 3826.022
    Train loss after mini-batch 11000: 3825.943
    Train loss after mini-batch 11100: 3825.928
    Train loss after mini-batch 11200: 3826.038
    Train loss after mini-batch 11300: 3825.945
    Train loss after mini-batch 11400: 3825.865
    Train loss after mini-batch 11500: 3825.958
    Train loss after mini-batch 11600: 3825.910
    Train loss after mini-batch 11700: 3825.869
    Train loss after mini-batch 11800: 3825.941
    Train loss after mini-batch 11900: 3825.839
    Train loss after mini-batch 12000: 3825.875
    Train loss after mini-batch 12100: 3825.941
    Train loss after mini-batch 12200: 3825.859
    Train loss after mini-batch 12300: 3825.820
    Train loss after mini-batch 12400: 3825.984
    Train loss after mini-batch 12500: 3825.899
    Train loss after mini-batch 12600: 3825.873
    Train loss after mini-batch 12700: 3824.374
    Train loss after mini-batch 12800: 3818.430
    Train loss after mini-batch 12900: 3811.759
    Train loss after mini-batch 13000: 3810.348
    Train loss after mini-batch 13100: 3810.435
    Train loss after mini-batch 13200: 3810.546
    Train loss after mini-batch 13300: 3810.337
    Train loss after mini-batch 13400: nan
    Train loss after mini-batch 13500: nan
    Train loss after mini-batch 13600: nan
    Train loss after mini-batch 13700: nan
    Train loss after mini-batch 13800: nan
    Train loss after mini-batch 13900: nan
    Train loss after mini-batch 14000: nan
    Train loss after mini-batch 14100: nan
    Train loss after mini-batch 14200: nan
    Train loss after mini-batch 14300: nan
    Train loss after mini-batch 14400: nan
    Train loss after mini-batch 14500: nan
    Train loss after mini-batch 14600: nan
    Train loss after mini-batch 14700: nan
    Train loss after mini-batch 14800: nan
    Train loss after mini-batch 14900: nan
    Train loss after mini-batch 15000: nan
    Train loss after mini-batch 15100: nan
    Train loss after mini-batch 15200: nan
    Train loss after mini-batch 15300: nan
    Train loss after mini-batch 15400: nan
    Train loss after mini-batch 15500: nan
    Train loss after mini-batch 15600: nan
    Train loss after mini-batch 15700: nan
    Train loss after mini-batch 15800: nan
    Train loss after mini-batch 15900: nan
    Train loss after mini-batch 16000: nan
    Train loss after mini-batch 16100: nan
    Train loss after mini-batch 16200: nan
    Train loss after mini-batch 16300: nan
    Train loss after mini-batch 16400: nan
Epoch: 3/25, Train Loss: nan, Val Loss: nan

Starting epoch 4/25
    Train loss after mini-batch   100: nan
    Train loss after mini-batch   200: nan
    Train loss after mini-batch   300: nan
    Train loss after mini-batch   400: nan
    Train loss after mini-batch   500: nan
    Train loss after mini-batch   600: nan
    Train loss after mini-batch   700: nan
    Train loss after mini-batch   800: nan
    Train loss after mini-batch   900: nan
    Train loss after mini-batch  1000: nan
    Train loss after mini-batch  1100: nan
    Train loss after mini-batch  1200: nan
    Train loss after mini-batch  1300: nan
    Train loss after mini-batch  1400: nan
    Train loss after mini-batch  1500: nan
    Train loss after mini-batch  1600: nan
    Train loss after mini-batch  1700: nan
    Train loss after mini-batch  1800: nan
    Train loss after mini-batch  1900: nan
    Train loss after mini-batch  2000: nan
    Train loss after mini-batch  2100: nan
    Train loss after mini-batch  2200: nan
    Train loss after mini-batch  2300: nan
    Train loss after mini-batch  2400: nan
    Train loss after mini-batch  2500: nan
    Train loss after mini-batch  2600: nan
    Train loss after mini-batch  2700: nan
    Train loss after mini-batch  2800: nan
    Train loss after mini-batch  2900: nan
    Train loss after mini-batch  3000: nan
    Train loss after mini-batch  3100: nan
    Train loss after mini-batch  3200: nan
    Train loss after mini-batch  3300: nan
    Train loss after mini-batch  3400: nan
    Train loss after mini-batch  3500: nan
    Train loss after mini-batch  3600: nan
    Train loss after mini-batch  3700: nan
    Train loss after mini-batch  3800: nan
    Train loss after mini-batch  3900: nan
    Train loss after mini-batch  4000: nan
    Train loss after mini-batch  4100: nan
    Train loss after mini-batch  4200: nan
    Train loss after mini-batch  4300: nan
    Train loss after mini-batch  4400: nan
    Train loss after mini-batch  4500: nan
    Train loss after mini-batch  4600: nan
    Train loss after mini-batch  4700: nan
    Train loss after mini-batch  4800: nan
    Train loss after mini-batch  4900: nan
    Train loss after mini-batch  5000: nan
    Train loss after mini-batch  5100: nan
    Train loss after mini-batch  5200: nan
    Train loss after mini-batch  5300: nan
    Train loss after mini-batch  5400: nan
    Train loss after mini-batch  5500: nan
    Train loss after mini-batch  5600: nan
    Train loss after mini-batch  5700: nan
    Train loss after mini-batch  5800: nan
    Train loss after mini-batch  5900: nan
