{'name': 'OwnBaselineCNN_joints_low_lr_32_batch_size_normalized', 'epochs': 50, 'learning_rate': 1e-05, 'lr_decay_milestones': [100], 'lr_decay_gamma': 1, 'loss_function': MSELoss(), 'optimizer': <class 'torch.optim.adam.Adam'>, 'use_rotation_data': False, 'output_size': 60, 'shuffle': True, 'batch_size': 32, 'normalize': True}

Start training of model: OwnBaselineCNN_joints_low_lr_32_batch_size_normalized

Starting epoch 1/50
    Train loss after mini-batch   100: 2.467
    Train loss after mini-batch   200: 1.861
    Train loss after mini-batch   300: 1.636
    Train loss after mini-batch   400: 1.530
    Train loss after mini-batch   500: 1.466
    Train loss after mini-batch   600: 1.412
    Train loss after mini-batch   700: 1.370
    Train loss after mini-batch   800: 1.343
    Train loss after mini-batch   900: 1.329
    Train loss after mini-batch  1000: 1.311
    Train loss after mini-batch  1100: 1.298
    Train loss after mini-batch  1200: 1.279
    Train loss after mini-batch  1300: 1.263
    Train loss after mini-batch  1400: 1.246
    Train loss after mini-batch  1500: 1.230
    Train loss after mini-batch  1600: 1.219
    Train loss after mini-batch  1700: 1.213
    Train loss after mini-batch  1800: 1.204
    Train loss after mini-batch  1900: 1.199
    Train loss after mini-batch  2000: 1.193
    Train loss after mini-batch  2100: 1.189
    Train loss after mini-batch  2200: 1.180
    Train loss after mini-batch  2300: 1.173
    Train loss after mini-batch  2400: 1.167
    Train loss after mini-batch  2500: 1.161
    Train loss after mini-batch  2600: 1.153
    Train loss after mini-batch  2700: 1.148
    Train loss after mini-batch  2800: 1.142
    Train loss after mini-batch  2900: 1.139
    Train loss after mini-batch  3000: 1.133
    Train loss after mini-batch  3100: 1.128
    Train loss after mini-batch  3200: 1.123
    Train loss after mini-batch  3300: 1.119
    Train loss after mini-batch  3400: 1.114
    Train loss after mini-batch  3500: 1.111
    Train loss after mini-batch  3600: 1.107
    Train loss after mini-batch  3700: 1.103
    Train loss after mini-batch  3800: 1.100
    Train loss after mini-batch  3900: 1.098
    Train loss after mini-batch  4000: 1.095
    Train loss after mini-batch  4100: 1.092
Epoch: 1/50, Train Loss: 1.09172892, Val Loss: 1.02314594

Starting epoch 2/50
    Train loss after mini-batch   100: 1.000
    Train loss after mini-batch   200: 0.970
    Train loss after mini-batch   300: 0.971
    Train loss after mini-batch   400: 0.979
    Train loss after mini-batch   500: 0.967
    Train loss after mini-batch   600: 0.959
    Train loss after mini-batch   700: 0.960
    Train loss after mini-batch   800: 0.956
    Train loss after mini-batch   900: 0.958
    Train loss after mini-batch  1000: 0.955
    Train loss after mini-batch  1100: 0.956
    Train loss after mini-batch  1200: 0.957
    Train loss after mini-batch  1300: 0.957
    Train loss after mini-batch  1400: 0.957
    Train loss after mini-batch  1500: 0.956
    Train loss after mini-batch  1600: 0.958
    Train loss after mini-batch  1700: 0.958
    Train loss after mini-batch  1800: 0.957
    Train loss after mini-batch  1900: 0.963
    Train loss after mini-batch  2000: 0.966
    Train loss after mini-batch  2100: 0.964
    Train loss after mini-batch  2200: 0.962
    Train loss after mini-batch  2300: 0.959
    Train loss after mini-batch  2400: 0.957
    Train loss after mini-batch  2500: 0.955
    Train loss after mini-batch  2600: 0.954
    Train loss after mini-batch  2700: 0.954
    Train loss after mini-batch  2800: 0.953
    Train loss after mini-batch  2900: 0.951
    Train loss after mini-batch  3000: 0.949
    Train loss after mini-batch  3100: 0.948
    Train loss after mini-batch  3200: 0.948
    Train loss after mini-batch  3300: 0.947
    Train loss after mini-batch  3400: 0.945
    Train loss after mini-batch  3500: 0.945
    Train loss after mini-batch  3600: 0.945
    Train loss after mini-batch  3700: 0.945
    Train loss after mini-batch  3800: 0.944
    Train loss after mini-batch  3900: 0.943
    Train loss after mini-batch  4000: 0.944
    Train loss after mini-batch  4100: 0.944
Epoch: 2/50, Train Loss: 0.94373567, Val Loss: 1.01900953

Starting epoch 3/50
    Train loss after mini-batch   100: 0.910
    Train loss after mini-batch   200: 0.933
    Train loss after mini-batch   300: 0.924
    Train loss after mini-batch   400: 0.918
    Train loss after mini-batch   500: 0.912
    Train loss after mini-batch   600: 0.906
    Train loss after mini-batch   700: 0.900
    Train loss after mini-batch   800: 0.901
    Train loss after mini-batch   900: 0.901
    Train loss after mini-batch  1000: 0.905
    Train loss after mini-batch  1100: 0.905
    Train loss after mini-batch  1200: 0.905
    Train loss after mini-batch  1300: 0.911
    Train loss after mini-batch  1400: 0.908
    Train loss after mini-batch  1500: 0.906
    Train loss after mini-batch  1600: 0.904
    Train loss after mini-batch  1700: 0.905
    Train loss after mini-batch  1800: 0.905
    Train loss after mini-batch  1900: 0.903
    Train loss after mini-batch  2000: 0.902
    Train loss after mini-batch  2100: 0.904
    Train loss after mini-batch  2200: 0.905
    Train loss after mini-batch  2300: 0.903
    Train loss after mini-batch  2400: 0.902
    Train loss after mini-batch  2500: 0.901
    Train loss after mini-batch  2600: 0.903
    Train loss after mini-batch  2700: 0.903
    Train loss after mini-batch  2800: 0.904
    Train loss after mini-batch  2900: 0.901
    Train loss after mini-batch  3000: 0.900
    Train loss after mini-batch  3100: 0.901
    Train loss after mini-batch  3200: 0.899
    Train loss after mini-batch  3300: 0.898
    Train loss after mini-batch  3400: 0.899
    Train loss after mini-batch  3500: 0.898
    Train loss after mini-batch  3600: 0.898
    Train loss after mini-batch  3700: 0.897
    Train loss after mini-batch  3800: 0.895
    Train loss after mini-batch  3900: 0.893
    Train loss after mini-batch  4000: 0.893
    Train loss after mini-batch  4100: 0.891
Epoch: 3/50, Train Loss: 0.89125664, Val Loss: 1.04406744

Starting epoch 4/50
    Train loss after mini-batch   100: 0.817
    Train loss after mini-batch   200: 0.812
    Train loss after mini-batch   300: 0.815
    Train loss after mini-batch   400: 0.819
    Train loss after mini-batch   500: 0.813
    Train loss after mini-batch   600: 0.831
    Train loss after mini-batch   700: 0.829
    Train loss after mini-batch   800: 0.819
    Train loss after mini-batch   900: 0.820
    Train loss after mini-batch  1000: 0.820
    Train loss after mini-batch  1100: 0.819
    Train loss after mini-batch  1200: 0.821
    Train loss after mini-batch  1300: 0.820
    Train loss after mini-batch  1400: 0.818
    Train loss after mini-batch  1500: 0.815
    Train loss after mini-batch  1600: 0.816
    Train loss after mini-batch  1700: 0.815
    Train loss after mini-batch  1800: 0.815
    Train loss after mini-batch  1900: 0.814
    Train loss after mini-batch  2000: 0.814
    Train loss after mini-batch  2100: 0.814
    Train loss after mini-batch  2200: 0.813
    Train loss after mini-batch  2300: 0.811
    Train loss after mini-batch  2400: 0.809
    Train loss after mini-batch  2500: 0.809
    Train loss after mini-batch  2600: 0.808
    Train loss after mini-batch  2700: 0.807
    Train loss after mini-batch  2800: 0.807
    Train loss after mini-batch  2900: 0.808
    Train loss after mini-batch  3000: 0.807
    Train loss after mini-batch  3100: 0.808
    Train loss after mini-batch  3200: 0.809
    Train loss after mini-batch  3300: 0.808
    Train loss after mini-batch  3400: 0.808
    Train loss after mini-batch  3500: 0.808
    Train loss after mini-batch  3600: 0.807
    Train loss after mini-batch  3700: 0.808
    Train loss after mini-batch  3800: 0.806
    Train loss after mini-batch  3900: 0.806
    Train loss after mini-batch  4000: 0.806
    Train loss after mini-batch  4100: 0.805
Epoch: 4/50, Train Loss: 0.80513391, Val Loss: 1.10201329

Starting epoch 5/50
    Train loss after mini-batch   100: 0.658
    Train loss after mini-batch   200: 0.663
    Train loss after mini-batch   300: 0.675
    Train loss after mini-batch   400: 0.683
    Train loss after mini-batch   500: 0.684
    Train loss after mini-batch   600: 0.682
    Train loss after mini-batch   700: 0.678
    Train loss after mini-batch   800: 0.680
    Train loss after mini-batch   900: 0.682
    Train loss after mini-batch  1000: 0.680
    Train loss after mini-batch  1100: 0.677
    Train loss after mini-batch  1200: 0.677
    Train loss after mini-batch  1300: 0.679
    Train loss after mini-batch  1400: 0.682
    Train loss after mini-batch  1500: 0.681
    Train loss after mini-batch  1600: 0.681
    Train loss after mini-batch  1700: 0.682
    Train loss after mini-batch  1800: 0.680
    Train loss after mini-batch  1900: 0.681
    Train loss after mini-batch  2000: 0.679
    Train loss after mini-batch  2100: 0.678
    Train loss after mini-batch  2200: 0.678
    Train loss after mini-batch  2300: 0.677
    Train loss after mini-batch  2400: 0.675
    Train loss after mini-batch  2500: 0.673
    Train loss after mini-batch  2600: 0.672
    Train loss after mini-batch  2700: 0.670
    Train loss after mini-batch  2800: 0.670
    Train loss after mini-batch  2900: 0.668
    Train loss after mini-batch  3000: 0.668
    Train loss after mini-batch  3100: 0.666
    Train loss after mini-batch  3200: 0.667
    Train loss after mini-batch  3300: 0.665
    Train loss after mini-batch  3400: 0.665
    Train loss after mini-batch  3500: 0.665
    Train loss after mini-batch  3600: 0.665
    Train loss after mini-batch  3700: 0.664
    Train loss after mini-batch  3800: 0.664
    Train loss after mini-batch  3900: 0.664
    Train loss after mini-batch  4000: 0.663
    Train loss after mini-batch  4100: 0.663
Epoch: 5/50, Train Loss: 0.66363018, Val Loss: 1.17423024
Model models/OwnBaselineCNN/OwnBaselineCNN_joints_low_lr_32_batch_size_normalized/2022-10-06_13-11-00/model_epoch_5.pth saved!

Starting epoch 6/50
    Train loss after mini-batch   100: 0.495
    Train loss after mini-batch   200: 0.497
    Train loss after mini-batch   300: 0.494
    Train loss after mini-batch   400: 0.493
    Train loss after mini-batch   500: 0.487
    Train loss after mini-batch   600: 0.493
    Train loss after mini-batch   700: 0.495
    Train loss after mini-batch   800: 0.494
    Train loss after mini-batch   900: 0.492
    Train loss after mini-batch  1000: 0.494
    Train loss after mini-batch  1100: 0.494
    Train loss after mini-batch  1200: 0.497
    Train loss after mini-batch  1300: 0.497
    Train loss after mini-batch  1400: 0.497
    Train loss after mini-batch  1500: 0.498
    Train loss after mini-batch  1600: 0.497
    Train loss after mini-batch  1700: 0.499
    Train loss after mini-batch  1800: 0.499
    Train loss after mini-batch  1900: 0.499
    Train loss after mini-batch  2000: 0.498
    Train loss after mini-batch  2100: 0.497
    Train loss after mini-batch  2200: 0.498
    Train loss after mini-batch  2300: 0.497
    Train loss after mini-batch  2400: 0.498
    Train loss after mini-batch  2500: 0.498
    Train loss after mini-batch  2600: 0.498
    Train loss after mini-batch  2700: 0.497
    Train loss after mini-batch  2800: 0.498
    Train loss after mini-batch  2900: 0.498
    Train loss after mini-batch  3000: 0.499
    Train loss after mini-batch  3100: 0.498
    Train loss after mini-batch  3200: 0.498
    Train loss after mini-batch  3300: 0.498
    Train loss after mini-batch  3400: 0.498
    Train loss after mini-batch  3500: 0.498
    Train loss after mini-batch  3600: 0.498
    Train loss after mini-batch  3700: 0.498
    Train loss after mini-batch  3800: 0.497
    Train loss after mini-batch  3900: 0.497
    Train loss after mini-batch  4000: 0.497
    Train loss after mini-batch  4100: 0.497
Epoch: 6/50, Train Loss: 0.49712010, Val Loss: 1.22352290

Starting epoch 7/50
    Train loss after mini-batch   100: 0.367
    Train loss after mini-batch   200: 0.357
    Train loss after mini-batch   300: 0.354
    Train loss after mini-batch   400: 0.351
    Train loss after mini-batch   500: 0.352
    Train loss after mini-batch   600: 0.348
    Train loss after mini-batch   700: 0.349
    Train loss after mini-batch   800: 0.347
    Train loss after mini-batch   900: 0.346
    Train loss after mini-batch  1000: 0.347
    Train loss after mini-batch  1100: 0.348
    Train loss after mini-batch  1200: 0.347
    Train loss after mini-batch  1300: 0.346
    Train loss after mini-batch  1400: 0.346
    Train loss after mini-batch  1500: 0.346
    Train loss after mini-batch  1600: 0.345
    Train loss after mini-batch  1700: 0.346
    Train loss after mini-batch  1800: 0.347
    Train loss after mini-batch  1900: 0.347
    Train loss after mini-batch  2000: 0.347
    Train loss after mini-batch  2100: 0.348
    Train loss after mini-batch  2200: 0.348
    Train loss after mini-batch  2300: 0.349
    Train loss after mini-batch  2400: 0.349
    Train loss after mini-batch  2500: 0.349
    Train loss after mini-batch  2600: 0.348
    Train loss after mini-batch  2700: 0.348
    Train loss after mini-batch  2800: 0.348
    Train loss after mini-batch  2900: 0.348
    Train loss after mini-batch  3000: 0.348
    Train loss after mini-batch  3100: 0.348
    Train loss after mini-batch  3200: 0.348
    Train loss after mini-batch  3300: 0.349
    Train loss after mini-batch  3400: 0.350
    Train loss after mini-batch  3500: 0.349
    Train loss after mini-batch  3600: 0.350
    Train loss after mini-batch  3700: 0.350
    Train loss after mini-batch  3800: 0.350
    Train loss after mini-batch  3900: 0.350
    Train loss after mini-batch  4000: 0.350
    Train loss after mini-batch  4100: 0.350
Epoch: 7/50, Train Loss: 0.35031041, Val Loss: 1.24711031

Starting epoch 8/50
    Train loss after mini-batch   100: 0.267
    Train loss after mini-batch   200: 0.248
    Train loss after mini-batch   300: 0.245
    Train loss after mini-batch   400: 0.250
    Train loss after mini-batch   500: 0.250
    Train loss after mini-batch   600: 0.251
    Train loss after mini-batch   700: 0.249
    Train loss after mini-batch   800: 0.247
    Train loss after mini-batch   900: 0.251
    Train loss after mini-batch  1000: 0.250
    Train loss after mini-batch  1100: 0.249
    Train loss after mini-batch  1200: 0.249
    Train loss after mini-batch  1300: 0.249
    Train loss after mini-batch  1400: 0.250
    Train loss after mini-batch  1500: 0.250
    Train loss after mini-batch  1600: 0.249
    Train loss after mini-batch  1700: 0.249
    Train loss after mini-batch  1800: 0.248
    Train loss after mini-batch  1900: 0.249
    Train loss after mini-batch  2000: 0.249
    Train loss after mini-batch  2100: 0.249
    Train loss after mini-batch  2200: 0.249
    Train loss after mini-batch  2300: 0.248
    Train loss after mini-batch  2400: 0.249
    Train loss after mini-batch  2500: 0.249
    Train loss after mini-batch  2600: 0.249
    Train loss after mini-batch  2700: 0.249
    Train loss after mini-batch  2800: 0.249
    Train loss after mini-batch  2900: 0.249
    Train loss after mini-batch  3000: 0.249
    Train loss after mini-batch  3100: 0.249
    Train loss after mini-batch  3200: 0.249
    Train loss after mini-batch  3300: 0.249
    Train loss after mini-batch  3400: 0.250
    Train loss after mini-batch  3500: 0.250
    Train loss after mini-batch  3600: 0.250
    Train loss after mini-batch  3700: 0.251
    Train loss after mini-batch  3800: 0.251
    Train loss after mini-batch  3900: 0.251
    Train loss after mini-batch  4000: 0.251
    Train loss after mini-batch  4100: 0.251
Epoch: 8/50, Train Loss: 0.25114371, Val Loss: 1.28147151

Starting epoch 9/50
    Train loss after mini-batch   100: 0.189
    Train loss after mini-batch   200: 0.187
    Train loss after mini-batch   300: 0.185
    Train loss after mini-batch   400: 0.184
    Train loss after mini-batch   500: 0.189
    Train loss after mini-batch   600: 0.190
    Train loss after mini-batch   700: 0.190
    Train loss after mini-batch   800: 0.189
    Train loss after mini-batch   900: 0.189
    Train loss after mini-batch  1000: 0.188
    Train loss after mini-batch  1100: 0.188
    Train loss after mini-batch  1200: 0.187
    Train loss after mini-batch  1300: 0.187
    Train loss after mini-batch  1400: 0.188
    Train loss after mini-batch  1500: 0.187
    Train loss after mini-batch  1600: 0.188
    Train loss after mini-batch  1700: 0.188
    Train loss after mini-batch  1800: 0.188
    Train loss after mini-batch  1900: 0.189
    Train loss after mini-batch  2000: 0.188
    Train loss after mini-batch  2100: 0.189
    Train loss after mini-batch  2200: 0.189
    Train loss after mini-batch  2300: 0.190
    Train loss after mini-batch  2400: 0.190
    Train loss after mini-batch  2500: 0.190
    Train loss after mini-batch  2600: 0.191
    Train loss after mini-batch  2700: 0.190
    Train loss after mini-batch  2800: 0.190
    Train loss after mini-batch  2900: 0.190
    Train loss after mini-batch  3000: 0.190
    Train loss after mini-batch  3100: 0.190
    Train loss after mini-batch  3200: 0.190
    Train loss after mini-batch  3300: 0.191
    Train loss after mini-batch  3400: 0.191
    Train loss after mini-batch  3500: 0.190
    Train loss after mini-batch  3600: 0.191
    Train loss after mini-batch  3700: 0.191
    Train loss after mini-batch  3800: 0.192
    Train loss after mini-batch  3900: 0.192
    Train loss after mini-batch  4000: 0.192
    Train loss after mini-batch  4100: 0.192
Epoch: 9/50, Train Loss: 0.19184582, Val Loss: 1.29004653

Starting epoch 10/50
    Train loss after mini-batch   100: 0.149
    Train loss after mini-batch   200: 0.150
    Train loss after mini-batch   300: 0.151
    Train loss after mini-batch   400: 0.152
    Train loss after mini-batch   500: 0.153
    Train loss after mini-batch   600: 0.153
    Train loss after mini-batch   700: 0.151
    Train loss after mini-batch   800: 0.151
    Train loss after mini-batch   900: 0.151
    Train loss after mini-batch  1000: 0.151
    Train loss after mini-batch  1100: 0.151
    Train loss after mini-batch  1200: 0.152
    Train loss after mini-batch  1300: 0.151
    Train loss after mini-batch  1400: 0.151
    Train loss after mini-batch  1500: 0.151
    Train loss after mini-batch  1600: 0.151
    Train loss after mini-batch  1700: 0.151
    Train loss after mini-batch  1800: 0.151
    Train loss after mini-batch  1900: 0.151
    Train loss after mini-batch  2000: 0.151
    Train loss after mini-batch  2100: 0.151
    Train loss after mini-batch  2200: 0.151
    Train loss after mini-batch  2300: 0.151
    Train loss after mini-batch  2400: 0.151
    Train loss after mini-batch  2500: 0.151
    Train loss after mini-batch  2600: 0.151
    Train loss after mini-batch  2700: 0.151
    Train loss after mini-batch  2800: 0.151
    Train loss after mini-batch  2900: 0.152
    Train loss after mini-batch  3000: 0.152
    Train loss after mini-batch  3100: 0.152
    Train loss after mini-batch  3200: 0.152
    Train loss after mini-batch  3300: 0.152
    Train loss after mini-batch  3400: 0.152
    Train loss after mini-batch  3500: 0.153
    Train loss after mini-batch  3600: 0.153
    Train loss after mini-batch  3700: 0.153
    Train loss after mini-batch  3800: 0.153
    Train loss after mini-batch  3900: 0.153
    Train loss after mini-batch  4000: 0.153
    Train loss after mini-batch  4100: 0.153
Epoch: 10/50, Train Loss: 0.15334740, Val Loss: 1.27993196
Model models/OwnBaselineCNN/OwnBaselineCNN_joints_low_lr_32_batch_size_normalized/2022-10-06_13-11-00/model_epoch_10.pth saved!

Starting epoch 11/50
    Train loss after mini-batch   100: 0.126
    Train loss after mini-batch   200: 0.127
    Train loss after mini-batch   300: 0.127
    Train loss after mini-batch   400: 0.126
    Train loss after mini-batch   500: 0.126
    Train loss after mini-batch   600: 0.126
    Train loss after mini-batch   700: 0.125
    Train loss after mini-batch   800: 0.125
    Train loss after mini-batch   900: 0.125
    Train loss after mini-batch  1000: 0.125
    Train loss after mini-batch  1100: 0.125
    Train loss after mini-batch  1200: 0.125
    Train loss after mini-batch  1300: 0.126
    Train loss after mini-batch  1400: 0.126
    Train loss after mini-batch  1500: 0.126
    Train loss after mini-batch  1600: 0.126
    Train loss after mini-batch  1700: 0.126
    Train loss after mini-batch  1800: 0.126
    Train loss after mini-batch  1900: 0.126
    Train loss after mini-batch  2000: 0.126
    Train loss after mini-batch  2100: 0.126
    Train loss after mini-batch  2200: 0.126
    Train loss after mini-batch  2300: 0.126
    Train loss after mini-batch  2400: 0.126
    Train loss after mini-batch  2500: 0.126
    Train loss after mini-batch  2600: 0.126
    Train loss after mini-batch  2700: 0.126
    Train loss after mini-batch  2800: 0.127
    Train loss after mini-batch  2900: 0.126
    Train loss after mini-batch  3000: 0.127
    Train loss after mini-batch  3100: 0.126
    Train loss after mini-batch  3200: 0.127
    Train loss after mini-batch  3300: 0.127
    Train loss after mini-batch  3400: 0.127
    Train loss after mini-batch  3500: 0.127
    Train loss after mini-batch  3600: 0.127
    Train loss after mini-batch  3700: 0.127
    Train loss after mini-batch  3800: 0.127
    Train loss after mini-batch  3900: 0.127
    Train loss after mini-batch  4000: 0.127
    Train loss after mini-batch  4100: 0.127
Epoch: 11/50, Train Loss: 0.12669855, Val Loss: 1.27488159

Starting epoch 12/50
    Train loss after mini-batch   100: 0.109
    Train loss after mini-batch   200: 0.107
    Train loss after mini-batch   300: 0.108
    Train loss after mini-batch   400: 0.107
    Train loss after mini-batch   500: 0.107
    Train loss after mini-batch   600: 0.107
    Train loss after mini-batch   700: 0.107
    Train loss after mini-batch   800: 0.107
    Train loss after mini-batch   900: 0.107
    Train loss after mini-batch  1000: 0.107
    Train loss after mini-batch  1100: 0.107
    Train loss after mini-batch  1200: 0.107
    Train loss after mini-batch  1300: 0.107
    Train loss after mini-batch  1400: 0.107
    Train loss after mini-batch  1500: 0.107
    Train loss after mini-batch  1600: 0.107
    Train loss after mini-batch  1700: 0.107
    Train loss after mini-batch  1800: 0.107
    Train loss after mini-batch  1900: 0.107
    Train loss after mini-batch  2000: 0.107
    Train loss after mini-batch  2100: 0.107
    Train loss after mini-batch  2200: 0.107
    Train loss after mini-batch  2300: 0.107
    Train loss after mini-batch  2400: 0.107
    Train loss after mini-batch  2500: 0.107
    Train loss after mini-batch  2600: 0.107
    Train loss after mini-batch  2700: 0.107
    Train loss after mini-batch  2800: 0.107
    Train loss after mini-batch  2900: 0.107
    Train loss after mini-batch  3000: 0.107
    Train loss after mini-batch  3100: 0.107
    Train loss after mini-batch  3200: 0.107
    Train loss after mini-batch  3300: 0.107
    Train loss after mini-batch  3400: 0.107
    Train loss after mini-batch  3500: 0.107
    Train loss after mini-batch  3600: 0.107
    Train loss after mini-batch  3700: 0.107
    Train loss after mini-batch  3800: 0.107
    Train loss after mini-batch  3900: 0.107
    Train loss after mini-batch  4000: 0.107
    Train loss after mini-batch  4100: 0.107
Epoch: 12/50, Train Loss: 0.10742470, Val Loss: 1.27713279

Starting epoch 13/50
    Train loss after mini-batch   100: 0.095
    Train loss after mini-batch   200: 0.095
    Train loss after mini-batch   300: 0.094
    Train loss after mini-batch   400: 0.093
    Train loss after mini-batch   500: 0.094
    Train loss after mini-batch   600: 0.093
    Train loss after mini-batch   700: 0.093
    Train loss after mini-batch   800: 0.093
    Train loss after mini-batch   900: 0.093
    Train loss after mini-batch  1000: 0.093
    Train loss after mini-batch  1100: 0.093
    Train loss after mini-batch  1200: 0.093
    Train loss after mini-batch  1300: 0.093
    Train loss after mini-batch  1400: 0.093
    Train loss after mini-batch  1500: 0.093
    Train loss after mini-batch  1600: 0.093
    Train loss after mini-batch  1700: 0.093
    Train loss after mini-batch  1800: 0.093
    Train loss after mini-batch  1900: 0.093
    Train loss after mini-batch  2000: 0.093
    Train loss after mini-batch  2100: 0.093
    Train loss after mini-batch  2200: 0.093
    Train loss after mini-batch  2300: 0.093
    Train loss after mini-batch  2400: 0.093
    Train loss after mini-batch  2500: 0.093
    Train loss after mini-batch  2600: 0.093
    Train loss after mini-batch  2700: 0.093
    Train loss after mini-batch  2800: 0.093
    Train loss after mini-batch  2900: 0.093
    Train loss after mini-batch  3000: 0.093
    Train loss after mini-batch  3100: 0.093
    Train loss after mini-batch  3200: 0.093
    Train loss after mini-batch  3300: 0.093
    Train loss after mini-batch  3400: 0.093
    Train loss after mini-batch  3500: 0.093
    Train loss after mini-batch  3600: 0.093
    Train loss after mini-batch  3700: 0.093
    Train loss after mini-batch  3800: 0.093
    Train loss after mini-batch  3900: 0.093
    Train loss after mini-batch  4000: 0.093
    Train loss after mini-batch  4100: 0.093
Epoch: 13/50, Train Loss: 0.09296533, Val Loss: 1.27442270

Starting epoch 14/50
    Train loss after mini-batch   100: 0.082
    Train loss after mini-batch   200: 0.081
    Train loss after mini-batch   300: 0.083
    Train loss after mini-batch   400: 0.083
    Train loss after mini-batch   500: 0.083
    Train loss after mini-batch   600: 0.082
    Train loss after mini-batch   700: 0.083
    Train loss after mini-batch   800: 0.083
    Train loss after mini-batch   900: 0.082
    Train loss after mini-batch  1000: 0.082
    Train loss after mini-batch  1100: 0.082
    Train loss after mini-batch  1200: 0.082
    Train loss after mini-batch  1300: 0.082
    Train loss after mini-batch  1400: 0.082
    Train loss after mini-batch  1500: 0.083
    Train loss after mini-batch  1600: 0.082
    Train loss after mini-batch  1700: 0.082
    Train loss after mini-batch  1800: 0.083
    Train loss after mini-batch  1900: 0.082
    Train loss after mini-batch  2000: 0.082
    Train loss after mini-batch  2100: 0.082
    Train loss after mini-batch  2200: 0.082
    Train loss after mini-batch  2300: 0.082
    Train loss after mini-batch  2400: 0.082
    Train loss after mini-batch  2500: 0.082
    Train loss after mini-batch  2600: 0.082
    Train loss after mini-batch  2700: 0.082
    Train loss after mini-batch  2800: 0.082
    Train loss after mini-batch  2900: 0.082
    Train loss after mini-batch  3000: 0.082
    Train loss after mini-batch  3100: 0.082
    Train loss after mini-batch  3200: 0.082
    Train loss after mini-batch  3300: 0.082
    Train loss after mini-batch  3400: 0.082
    Train loss after mini-batch  3500: 0.082
    Train loss after mini-batch  3600: 0.082
    Train loss after mini-batch  3700: 0.082
    Train loss after mini-batch  3800: 0.082
    Train loss after mini-batch  3900: 0.082
    Train loss after mini-batch  4000: 0.082
    Train loss after mini-batch  4100: 0.082
Epoch: 14/50, Train Loss: 0.08175595, Val Loss: 1.28209228

Starting epoch 15/50
    Train loss after mini-batch   100: 0.076
    Train loss after mini-batch   200: 0.074
    Train loss after mini-batch   300: 0.074
    Train loss after mini-batch   400: 0.073
    Train loss after mini-batch   500: 0.074
    Train loss after mini-batch   600: 0.074
    Train loss after mini-batch   700: 0.073
    Train loss after mini-batch   800: 0.073
    Train loss after mini-batch   900: 0.073
    Train loss after mini-batch  1000: 0.073
    Train loss after mini-batch  1100: 0.073
    Train loss after mini-batch  1200: 0.073
    Train loss after mini-batch  1300: 0.073
    Train loss after mini-batch  1400: 0.073
    Train loss after mini-batch  1500: 0.073
    Train loss after mini-batch  1600: 0.073
    Train loss after mini-batch  1700: 0.073
    Train loss after mini-batch  1800: 0.073
    Train loss after mini-batch  1900: 0.073
    Train loss after mini-batch  2000: 0.073
    Train loss after mini-batch  2100: 0.073
    Train loss after mini-batch  2200: 0.073
    Train loss after mini-batch  2300: 0.073
    Train loss after mini-batch  2400: 0.073
    Train loss after mini-batch  2500: 0.073
    Train loss after mini-batch  2600: 0.073
    Train loss after mini-batch  2700: 0.073
    Train loss after mini-batch  2800: 0.073
    Train loss after mini-batch  2900: 0.073
    Train loss after mini-batch  3000: 0.073
    Train loss after mini-batch  3100: 0.073
    Train loss after mini-batch  3200: 0.073
    Train loss after mini-batch  3300: 0.073
    Train loss after mini-batch  3400: 0.073
    Train loss after mini-batch  3500: 0.073
    Train loss after mini-batch  3600: 0.073
    Train loss after mini-batch  3700: 0.073
    Train loss after mini-batch  3800: 0.073
    Train loss after mini-batch  3900: 0.073
    Train loss after mini-batch  4000: 0.073
    Train loss after mini-batch  4100: 0.073
Epoch: 15/50, Train Loss: 0.07287012, Val Loss: 1.28159904
Model models/OwnBaselineCNN/OwnBaselineCNN_joints_low_lr_32_batch_size_normalized/2022-10-06_13-11-00/model_epoch_15.pth saved!

Starting epoch 16/50
    Train loss after mini-batch   100: 0.067
    Train loss after mini-batch   200: 0.067
    Train loss after mini-batch   300: 0.067
    Train loss after mini-batch   400: 0.067
    Train loss after mini-batch   500: 0.066
    Train loss after mini-batch   600: 0.066
    Train loss after mini-batch   700: 0.066
    Train loss after mini-batch   800: 0.066
    Train loss after mini-batch   900: 0.066
    Train loss after mini-batch  1000: 0.066
    Train loss after mini-batch  1100: 0.066
    Train loss after mini-batch  1200: 0.066
    Train loss after mini-batch  1300: 0.066
    Train loss after mini-batch  1400: 0.066
    Train loss after mini-batch  1500: 0.066
    Train loss after mini-batch  1600: 0.066
    Train loss after mini-batch  1700: 0.066
    Train loss after mini-batch  1800: 0.066
    Train loss after mini-batch  1900: 0.066
    Train loss after mini-batch  2000: 0.066
    Train loss after mini-batch  2100: 0.066
    Train loss after mini-batch  2200: 0.066
    Train loss after mini-batch  2300: 0.066
    Train loss after mini-batch  2400: 0.066
    Train loss after mini-batch  2500: 0.066
    Train loss after mini-batch  2600: 0.066
    Train loss after mini-batch  2700: 0.066
    Train loss after mini-batch  2800: 0.066
    Train loss after mini-batch  2900: 0.066
    Train loss after mini-batch  3000: 0.066
    Train loss after mini-batch  3100: 0.065
    Train loss after mini-batch  3200: 0.065
    Train loss after mini-batch  3300: 0.065
    Train loss after mini-batch  3400: 0.065
    Train loss after mini-batch  3500: 0.065
    Train loss after mini-batch  3600: 0.065
    Train loss after mini-batch  3700: 0.065
    Train loss after mini-batch  3800: 0.065
    Train loss after mini-batch  3900: 0.065
    Train loss after mini-batch  4000: 0.065
    Train loss after mini-batch  4100: 0.065
Epoch: 16/50, Train Loss: 0.06535716, Val Loss: 1.25948336

Starting epoch 17/50
    Train loss after mini-batch   100: 0.061
    Train loss after mini-batch   200: 0.064
    Train loss after mini-batch   300: 0.063
    Train loss after mini-batch   400: 0.062
    Train loss after mini-batch   500: 0.062
    Train loss after mini-batch   600: 0.061
    Train loss after mini-batch   700: 0.060
    Train loss after mini-batch   800: 0.060
    Train loss after mini-batch   900: 0.060
    Train loss after mini-batch  1000: 0.060
    Train loss after mini-batch  1100: 0.060
    Train loss after mini-batch  1200: 0.060
    Train loss after mini-batch  1300: 0.060
    Train loss after mini-batch  1400: 0.060
    Train loss after mini-batch  1500: 0.060
    Train loss after mini-batch  1600: 0.060
    Train loss after mini-batch  1700: 0.060
    Train loss after mini-batch  1800: 0.060
    Train loss after mini-batch  1900: 0.060
    Train loss after mini-batch  2000: 0.059
    Train loss after mini-batch  2100: 0.059
    Train loss after mini-batch  2200: 0.059
    Train loss after mini-batch  2300: 0.059
    Train loss after mini-batch  2400: 0.059
    Train loss after mini-batch  2500: 0.059
    Train loss after mini-batch  2600: 0.059
    Train loss after mini-batch  2700: 0.059
    Train loss after mini-batch  2800: 0.059
    Train loss after mini-batch  2900: 0.059
    Train loss after mini-batch  3000: 0.059
    Train loss after mini-batch  3100: 0.059
    Train loss after mini-batch  3200: 0.059
    Train loss after mini-batch  3300: 0.059
    Train loss after mini-batch  3400: 0.059
    Train loss after mini-batch  3500: 0.059
    Train loss after mini-batch  3600: 0.059
    Train loss after mini-batch  3700: 0.059
    Train loss after mini-batch  3800: 0.059
    Train loss after mini-batch  3900: 0.059
    Train loss after mini-batch  4000: 0.059
    Train loss after mini-batch  4100: 0.059
Epoch: 17/50, Train Loss: 0.05909646, Val Loss: 1.26103889

Starting epoch 18/50
    Train loss after mini-batch   100: 0.055
    Train loss after mini-batch   200: 0.054
    Train loss after mini-batch   300: 0.055
    Train loss after mini-batch   400: 0.056
    Train loss after mini-batch   500: 0.055
    Train loss after mini-batch   600: 0.055
    Train loss after mini-batch   700: 0.055
    Train loss after mini-batch   800: 0.055
    Train loss after mini-batch   900: 0.054
    Train loss after mini-batch  1000: 0.054
    Train loss after mini-batch  1100: 0.054
    Train loss after mini-batch  1200: 0.054
    Train loss after mini-batch  1300: 0.054
    Train loss after mini-batch  1400: 0.054
    Train loss after mini-batch  1500: 0.054
    Train loss after mini-batch  1600: 0.054
    Train loss after mini-batch  1700: 0.054
    Train loss after mini-batch  1800: 0.054
    Train loss after mini-batch  1900: 0.054
    Train loss after mini-batch  2000: 0.054
    Train loss after mini-batch  2100: 0.054
    Train loss after mini-batch  2200: 0.054
    Train loss after mini-batch  2300: 0.054
    Train loss after mini-batch  2400: 0.054
    Train loss after mini-batch  2500: 0.054
    Train loss after mini-batch  2600: 0.054
    Train loss after mini-batch  2700: 0.054
    Train loss after mini-batch  2800: 0.054
    Train loss after mini-batch  2900: 0.054
    Train loss after mini-batch  3000: 0.054
    Train loss after mini-batch  3100: 0.054
    Train loss after mini-batch  3200: 0.053
    Train loss after mini-batch  3300: 0.053
    Train loss after mini-batch  3400: 0.053
    Train loss after mini-batch  3500: 0.053
    Train loss after mini-batch  3600: 0.053
    Train loss after mini-batch  3700: 0.053
    Train loss after mini-batch  3800: 0.053
    Train loss after mini-batch  3900: 0.053
    Train loss after mini-batch  4000: 0.053
    Train loss after mini-batch  4100: 0.053
Epoch: 18/50, Train Loss: 0.05346774, Val Loss: 1.26251665

Starting epoch 19/50
    Train loss after mini-batch   100: 0.049
    Train loss after mini-batch   200: 0.049
    Train loss after mini-batch   300: 0.049
    Train loss after mini-batch   400: 0.049
    Train loss after mini-batch   500: 0.049
    Train loss after mini-batch   600: 0.048
    Train loss after mini-batch   700: 0.048
    Train loss after mini-batch   800: 0.048
    Train loss after mini-batch   900: 0.048
    Train loss after mini-batch  1000: 0.048
    Train loss after mini-batch  1100: 0.048
    Train loss after mini-batch  1200: 0.048
    Train loss after mini-batch  1300: 0.049
    Train loss after mini-batch  1400: 0.049
    Train loss after mini-batch  1500: 0.049
    Train loss after mini-batch  1600: 0.049
    Train loss after mini-batch  1700: 0.049
    Train loss after mini-batch  1800: 0.049
    Train loss after mini-batch  1900: 0.049
    Train loss after mini-batch  2000: 0.049
    Train loss after mini-batch  2100: 0.049
    Train loss after mini-batch  2200: 0.049
    Train loss after mini-batch  2300: 0.049
    Train loss after mini-batch  2400: 0.049
    Train loss after mini-batch  2500: 0.049
    Train loss after mini-batch  2600: 0.049
    Train loss after mini-batch  2700: 0.049
    Train loss after mini-batch  2800: 0.049
    Train loss after mini-batch  2900: 0.049
    Train loss after mini-batch  3000: 0.049
    Train loss after mini-batch  3100: 0.049
    Train loss after mini-batch  3200: 0.049
    Train loss after mini-batch  3300: 0.049
    Train loss after mini-batch  3400: 0.049
    Train loss after mini-batch  3500: 0.049
    Train loss after mini-batch  3600: 0.049
    Train loss after mini-batch  3700: 0.049
    Train loss after mini-batch  3800: 0.049
    Train loss after mini-batch  3900: 0.049
    Train loss after mini-batch  4000: 0.049
    Train loss after mini-batch  4100: 0.049
Epoch: 19/50, Train Loss: 0.04883891, Val Loss: 1.24733446

Starting epoch 20/50
    Train loss after mini-batch   100: 0.047
    Train loss after mini-batch   200: 0.048
    Train loss after mini-batch   300: 0.047
    Train loss after mini-batch   400: 0.047
    Train loss after mini-batch   500: 0.047
    Train loss after mini-batch   600: 0.046
    Train loss after mini-batch   700: 0.046
    Train loss after mini-batch   800: 0.046
    Train loss after mini-batch   900: 0.046
    Train loss after mini-batch  1000: 0.046
    Train loss after mini-batch  1100: 0.046
    Train loss after mini-batch  1200: 0.046
    Train loss after mini-batch  1300: 0.045
    Train loss after mini-batch  1400: 0.045
    Train loss after mini-batch  1500: 0.045
    Train loss after mini-batch  1600: 0.045
    Train loss after mini-batch  1700: 0.045
    Train loss after mini-batch  1800: 0.045
    Train loss after mini-batch  1900: 0.045
    Train loss after mini-batch  2000: 0.045
    Train loss after mini-batch  2100: 0.045
    Train loss after mini-batch  2200: 0.045
    Train loss after mini-batch  2300: 0.045
    Train loss after mini-batch  2400: 0.045
    Train loss after mini-batch  2500: 0.045
    Train loss after mini-batch  2600: 0.045
    Train loss after mini-batch  2700: 0.045
    Train loss after mini-batch  2800: 0.045
    Train loss after mini-batch  2900: 0.045
    Train loss after mini-batch  3000: 0.045
    Train loss after mini-batch  3100: 0.045
    Train loss after mini-batch  3200: 0.045
    Train loss after mini-batch  3300: 0.045
    Train loss after mini-batch  3400: 0.045
    Train loss after mini-batch  3500: 0.045
    Train loss after mini-batch  3600: 0.045
    Train loss after mini-batch  3700: 0.045
    Train loss after mini-batch  3800: 0.045
    Train loss after mini-batch  3900: 0.045
    Train loss after mini-batch  4000: 0.045
    Train loss after mini-batch  4100: 0.045
Epoch: 20/50, Train Loss: 0.04495183, Val Loss: 1.24476805
Model models/OwnBaselineCNN/OwnBaselineCNN_joints_low_lr_32_batch_size_normalized/2022-10-06_13-11-00/model_epoch_20.pth saved!

Starting epoch 21/50
    Train loss after mini-batch   100: 0.041
    Train loss after mini-batch   200: 0.041
    Train loss after mini-batch   300: 0.041
    Train loss after mini-batch   400: 0.041
    Train loss after mini-batch   500: 0.041
    Train loss after mini-batch   600: 0.042
    Train loss after mini-batch   700: 0.042
    Train loss after mini-batch   800: 0.041
    Train loss after mini-batch   900: 0.041
    Train loss after mini-batch  1000: 0.041
    Train loss after mini-batch  1100: 0.041
    Train loss after mini-batch  1200: 0.041
    Train loss after mini-batch  1300: 0.041
    Train loss after mini-batch  1400: 0.041
    Train loss after mini-batch  1500: 0.041
    Train loss after mini-batch  1600: 0.041
    Train loss after mini-batch  1700: 0.042
    Train loss after mini-batch  1800: 0.042
    Train loss after mini-batch  1900: 0.041
    Train loss after mini-batch  2000: 0.042
    Train loss after mini-batch  2100: 0.041
    Train loss after mini-batch  2200: 0.041
    Train loss after mini-batch  2300: 0.041
    Train loss after mini-batch  2400: 0.041
    Train loss after mini-batch  2500: 0.041
    Train loss after mini-batch  2600: 0.041
    Train loss after mini-batch  2700: 0.041
    Train loss after mini-batch  2800: 0.041
    Train loss after mini-batch  2900: 0.041
    Train loss after mini-batch  3000: 0.041
    Train loss after mini-batch  3100: 0.041
    Train loss after mini-batch  3200: 0.041
    Train loss after mini-batch  3300: 0.041
    Train loss after mini-batch  3400: 0.041
    Train loss after mini-batch  3500: 0.041
    Train loss after mini-batch  3600: 0.041
    Train loss after mini-batch  3700: 0.041
    Train loss after mini-batch  3800: 0.041
    Train loss after mini-batch  3900: 0.041
    Train loss after mini-batch  4000: 0.041
    Train loss after mini-batch  4100: 0.041
Epoch: 21/50, Train Loss: 0.04073272, Val Loss: 1.25292920

Starting epoch 22/50
    Train loss after mini-batch   100: 0.040
    Train loss after mini-batch   200: 0.040
    Train loss after mini-batch   300: 0.040
    Train loss after mini-batch   400: 0.040
    Train loss after mini-batch   500: 0.039
    Train loss after mini-batch   600: 0.039
    Train loss after mini-batch   700: 0.039
    Train loss after mini-batch   800: 0.039
    Train loss after mini-batch   900: 0.039
    Train loss after mini-batch  1000: 0.039
    Train loss after mini-batch  1100: 0.039
    Train loss after mini-batch  1200: 0.039
    Train loss after mini-batch  1300: 0.039
    Train loss after mini-batch  1400: 0.039
    Train loss after mini-batch  1500: 0.039
    Train loss after mini-batch  1600: 0.039
    Train loss after mini-batch  1700: 0.039
    Train loss after mini-batch  1800: 0.039
    Train loss after mini-batch  1900: 0.039
    Train loss after mini-batch  2000: 0.039
    Train loss after mini-batch  2100: 0.039
    Train loss after mini-batch  2200: 0.039
    Train loss after mini-batch  2300: 0.039
    Train loss after mini-batch  2400: 0.039
    Train loss after mini-batch  2500: 0.038
    Train loss after mini-batch  2600: 0.038
    Train loss after mini-batch  2700: 0.038
    Train loss after mini-batch  2800: 0.038
    Train loss after mini-batch  2900: 0.038
    Train loss after mini-batch  3000: 0.038
    Train loss after mini-batch  3100: 0.038
    Train loss after mini-batch  3200: 0.038
    Train loss after mini-batch  3300: 0.038
    Train loss after mini-batch  3400: 0.038
    Train loss after mini-batch  3500: 0.038
    Train loss after mini-batch  3600: 0.038
    Train loss after mini-batch  3700: 0.038
    Train loss after mini-batch  3800: 0.038
    Train loss after mini-batch  3900: 0.038
    Train loss after mini-batch  4000: 0.038
    Train loss after mini-batch  4100: 0.038
Epoch: 22/50, Train Loss: 0.03801772, Val Loss: 1.24169231

Starting epoch 23/50
    Train loss after mini-batch   100: 0.036
    Train loss after mini-batch   200: 0.037
    Train loss after mini-batch   300: 0.036
    Train loss after mini-batch   400: 0.036
    Train loss after mini-batch   500: 0.037
    Train loss after mini-batch   600: 0.038
    Train loss after mini-batch   700: 0.037
    Train loss after mini-batch   800: 0.037
    Train loss after mini-batch   900: 0.037
    Train loss after mini-batch  1000: 0.037
    Train loss after mini-batch  1100: 0.037
    Train loss after mini-batch  1200: 0.037
    Train loss after mini-batch  1300: 0.037
    Train loss after mini-batch  1400: 0.037
    Train loss after mini-batch  1500: 0.037
    Train loss after mini-batch  1600: 0.037
    Train loss after mini-batch  1700: 0.037
    Train loss after mini-batch  1800: 0.036
    Train loss after mini-batch  1900: 0.036
    Train loss after mini-batch  2000: 0.037
    Train loss after mini-batch  2100: 0.036
    Train loss after mini-batch  2200: 0.036
    Train loss after mini-batch  2300: 0.036
    Train loss after mini-batch  2400: 0.036
    Train loss after mini-batch  2500: 0.036
    Train loss after mini-batch  2600: 0.036
    Train loss after mini-batch  2700: 0.036
    Train loss after mini-batch  2800: 0.036
    Train loss after mini-batch  2900: 0.036
    Train loss after mini-batch  3000: 0.036
    Train loss after mini-batch  3100: 0.036
    Train loss after mini-batch  3200: 0.036
    Train loss after mini-batch  3300: 0.036
    Train loss after mini-batch  3400: 0.036
    Train loss after mini-batch  3500: 0.036
    Train loss after mini-batch  3600: 0.036
    Train loss after mini-batch  3700: 0.036
    Train loss after mini-batch  3800: 0.036
    Train loss after mini-batch  3900: 0.036
    Train loss after mini-batch  4000: 0.036
    Train loss after mini-batch  4100: 0.036
Epoch: 23/50, Train Loss: 0.03575897, Val Loss: 1.24051146

Starting epoch 24/50
    Train loss after mini-batch   100: 0.035
    Train loss after mini-batch   200: 0.034
    Train loss after mini-batch   300: 0.034
    Train loss after mini-batch   400: 0.034
    Train loss after mini-batch   500: 0.034
    Train loss after mini-batch   600: 0.034
    Train loss after mini-batch   700: 0.034
    Train loss after mini-batch   800: 0.034
    Train loss after mini-batch   900: 0.033
    Train loss after mini-batch  1000: 0.033
    Train loss after mini-batch  1100: 0.033
    Train loss after mini-batch  1200: 0.033
    Train loss after mini-batch  1300: 0.033
    Train loss after mini-batch  1400: 0.033
    Train loss after mini-batch  1500: 0.033
    Train loss after mini-batch  1600: 0.033
    Train loss after mini-batch  1700: 0.033
    Train loss after mini-batch  1800: 0.033
    Train loss after mini-batch  1900: 0.033
    Train loss after mini-batch  2000: 0.033
    Train loss after mini-batch  2100: 0.033
    Train loss after mini-batch  2200: 0.033
    Train loss after mini-batch  2300: 0.033
    Train loss after mini-batch  2400: 0.033
    Train loss after mini-batch  2500: 0.033
    Train loss after mini-batch  2600: 0.033
    Train loss after mini-batch  2700: 0.033
    Train loss after mini-batch  2800: 0.033
    Train loss after mini-batch  2900: 0.033
    Train loss after mini-batch  3000: 0.033
    Train loss after mini-batch  3100: 0.033
    Train loss after mini-batch  3200: 0.033
    Train loss after mini-batch  3300: 0.033
    Train loss after mini-batch  3400: 0.033
    Train loss after mini-batch  3500: 0.033
    Train loss after mini-batch  3600: 0.033
    Train loss after mini-batch  3700: 0.033
    Train loss after mini-batch  3800: 0.033
    Train loss after mini-batch  3900: 0.033
    Train loss after mini-batch  4000: 0.033
    Train loss after mini-batch  4100: 0.033
Epoch: 24/50, Train Loss: 0.03314980, Val Loss: 1.24606369

Starting epoch 25/50
    Train loss after mini-batch   100: 0.031
    Train loss after mini-batch   200: 0.031
    Train loss after mini-batch   300: 0.034
    Train loss after mini-batch   400: 0.034
    Train loss after mini-batch   500: 0.033
    Train loss after mini-batch   600: 0.033
    Train loss after mini-batch   700: 0.033
    Train loss after mini-batch   800: 0.032
    Train loss after mini-batch   900: 0.032
    Train loss after mini-batch  1000: 0.032
    Train loss after mini-batch  1100: 0.032
    Train loss after mini-batch  1200: 0.032
    Train loss after mini-batch  1300: 0.032
    Train loss after mini-batch  1400: 0.032
    Train loss after mini-batch  1500: 0.032
    Train loss after mini-batch  1600: 0.032
    Train loss after mini-batch  1700: 0.032
    Train loss after mini-batch  1800: 0.032
    Train loss after mini-batch  1900: 0.031
    Train loss after mini-batch  2000: 0.031
    Train loss after mini-batch  2100: 0.031
    Train loss after mini-batch  2200: 0.031
    Train loss after mini-batch  2300: 0.031
    Train loss after mini-batch  2400: 0.031
    Train loss after mini-batch  2500: 0.031
    Train loss after mini-batch  2600: 0.031
    Train loss after mini-batch  2700: 0.031
    Train loss after mini-batch  2800: 0.031
    Train loss after mini-batch  2900: 0.031
    Train loss after mini-batch  3000: 0.031
    Train loss after mini-batch  3100: 0.031
    Train loss after mini-batch  3200: 0.031
    Train loss after mini-batch  3300: 0.031
    Train loss after mini-batch  3400: 0.031
    Train loss after mini-batch  3500: 0.031
    Train loss after mini-batch  3600: 0.031
    Train loss after mini-batch  3700: 0.031
    Train loss after mini-batch  3800: 0.031
    Train loss after mini-batch  3900: 0.031
    Train loss after mini-batch  4000: 0.031
    Train loss after mini-batch  4100: 0.031
Epoch: 25/50, Train Loss: 0.03120499, Val Loss: 1.23596918
Model models/OwnBaselineCNN/OwnBaselineCNN_joints_low_lr_32_batch_size_normalized/2022-10-06_13-11-00/model_epoch_25.pth saved!

Starting epoch 26/50
    Train loss after mini-batch   100: 0.029
    Train loss after mini-batch   200: 0.029
    Train loss after mini-batch   300: 0.030
    Train loss after mini-batch   400: 0.030
    Train loss after mini-batch   500: 0.030
    Train loss after mini-batch   600: 0.030
    Train loss after mini-batch   700: 0.030
    Train loss after mini-batch   800: 0.030
    Train loss after mini-batch   900: 0.030
    Train loss after mini-batch  1000: 0.030
    Train loss after mini-batch  1100: 0.029
    Train loss after mini-batch  1200: 0.030
    Train loss after mini-batch  1300: 0.029
    Train loss after mini-batch  1400: 0.030
    Train loss after mini-batch  1500: 0.030
    Train loss after mini-batch  1600: 0.029
    Train loss after mini-batch  1700: 0.029
    Train loss after mini-batch  1800: 0.029
    Train loss after mini-batch  1900: 0.029
    Train loss after mini-batch  2000: 0.029
    Train loss after mini-batch  2100: 0.029
    Train loss after mini-batch  2200: 0.029
    Train loss after mini-batch  2300: 0.029
    Train loss after mini-batch  2400: 0.029
    Train loss after mini-batch  2500: 0.029
    Train loss after mini-batch  2600: 0.029
    Train loss after mini-batch  2700: 0.029
    Train loss after mini-batch  2800: 0.029
    Train loss after mini-batch  2900: 0.029
    Train loss after mini-batch  3000: 0.029
    Train loss after mini-batch  3100: 0.029
    Train loss after mini-batch  3200: 0.029
    Train loss after mini-batch  3300: 0.029
    Train loss after mini-batch  3400: 0.029
    Train loss after mini-batch  3500: 0.029
    Train loss after mini-batch  3600: 0.029
    Train loss after mini-batch  3700: 0.029
    Train loss after mini-batch  3800: 0.029
    Train loss after mini-batch  3900: 0.029
    Train loss after mini-batch  4000: 0.029
    Train loss after mini-batch  4100: 0.029
Epoch: 26/50, Train Loss: 0.02897718, Val Loss: 1.24319474

Starting epoch 27/50
    Train loss after mini-batch   100: 0.034
    Train loss after mini-batch   200: 0.031
    Train loss after mini-batch   300: 0.029
    Train loss after mini-batch   400: 0.029
    Train loss after mini-batch   500: 0.028
    Train loss after mini-batch   600: 0.028
    Train loss after mini-batch   700: 0.028
    Train loss after mini-batch   800: 0.028
    Train loss after mini-batch   900: 0.028
    Train loss after mini-batch  1000: 0.028
    Train loss after mini-batch  1100: 0.028
    Train loss after mini-batch  1200: 0.028
    Train loss after mini-batch  1300: 0.028
    Train loss after mini-batch  1400: 0.028
    Train loss after mini-batch  1500: 0.028
    Train loss after mini-batch  1600: 0.028
    Train loss after mini-batch  1700: 0.028
    Train loss after mini-batch  1800: 0.028
    Train loss after mini-batch  1900: 0.028
    Train loss after mini-batch  2000: 0.028
    Train loss after mini-batch  2100: 0.027
    Train loss after mini-batch  2200: 0.028
    Train loss after mini-batch  2300: 0.028
    Train loss after mini-batch  2400: 0.028
    Train loss after mini-batch  2500: 0.028
    Train loss after mini-batch  2600: 0.028
    Train loss after mini-batch  2700: 0.028
    Train loss after mini-batch  2800: 0.028
    Train loss after mini-batch  2900: 0.028
    Train loss after mini-batch  3000: 0.028
    Train loss after mini-batch  3100: 0.028
    Train loss after mini-batch  3200: 0.028
    Train loss after mini-batch  3300: 0.028
    Train loss after mini-batch  3400: 0.028
    Train loss after mini-batch  3500: 0.028
    Train loss after mini-batch  3600: 0.028
    Train loss after mini-batch  3700: 0.028
    Train loss after mini-batch  3800: 0.028
    Train loss after mini-batch  3900: 0.028
    Train loss after mini-batch  4000: 0.028
    Train loss after mini-batch  4100: 0.027
Epoch: 27/50, Train Loss: 0.02747897, Val Loss: 1.23075914

Starting epoch 28/50
    Train loss after mini-batch   100: 0.027
    Train loss after mini-batch   200: 0.027
    Train loss after mini-batch   300: 0.027
    Train loss after mini-batch   400: 0.027
    Train loss after mini-batch   500: 0.026
    Train loss after mini-batch   600: 0.027
    Train loss after mini-batch   700: 0.027
    Train loss after mini-batch   800: 0.027
    Train loss after mini-batch   900: 0.026
    Train loss after mini-batch  1000: 0.026
    Train loss after mini-batch  1100: 0.026
    Train loss after mini-batch  1200: 0.026
    Train loss after mini-batch  1300: 0.026
    Train loss after mini-batch  1400: 0.026
    Train loss after mini-batch  1500: 0.026
    Train loss after mini-batch  1600: 0.026
    Train loss after mini-batch  1700: 0.026
    Train loss after mini-batch  1800: 0.026
    Train loss after mini-batch  1900: 0.026
    Train loss after mini-batch  2000: 0.026
    Train loss after mini-batch  2100: 0.026
    Train loss after mini-batch  2200: 0.026
    Train loss after mini-batch  2300: 0.026
    Train loss after mini-batch  2400: 0.026
    Train loss after mini-batch  2500: 0.026
    Train loss after mini-batch  2600: 0.026
    Train loss after mini-batch  2700: 0.026
    Train loss after mini-batch  2800: 0.026
    Train loss after mini-batch  2900: 0.026
    Train loss after mini-batch  3000: 0.026
    Train loss after mini-batch  3100: 0.026
    Train loss after mini-batch  3200: 0.026
    Train loss after mini-batch  3300: 0.026
    Train loss after mini-batch  3400: 0.026
    Train loss after mini-batch  3500: 0.026
    Train loss after mini-batch  3600: 0.026
    Train loss after mini-batch  3700: 0.026
    Train loss after mini-batch  3800: 0.026
    Train loss after mini-batch  3900: 0.026
    Train loss after mini-batch  4000: 0.026
    Train loss after mini-batch  4100: 0.026
Epoch: 28/50, Train Loss: 0.02599921, Val Loss: 1.23135644

Starting epoch 29/50
    Train loss after mini-batch   100: 0.025
    Train loss after mini-batch   200: 0.025
    Train loss after mini-batch   300: 0.025
    Train loss after mini-batch   400: 0.025
    Train loss after mini-batch   500: 0.025
    Train loss after mini-batch   600: 0.025
    Train loss after mini-batch   700: 0.025
    Train loss after mini-batch   800: 0.025
    Train loss after mini-batch   900: 0.025
    Train loss after mini-batch  1000: 0.025
    Train loss after mini-batch  1100: 0.025
    Train loss after mini-batch  1200: 0.025
    Train loss after mini-batch  1300: 0.025
    Train loss after mini-batch  1400: 0.025
    Train loss after mini-batch  1500: 0.025
    Train loss after mini-batch  1600: 0.025
    Train loss after mini-batch  1700: 0.025
    Train loss after mini-batch  1800: 0.025
    Train loss after mini-batch  1900: 0.025
    Train loss after mini-batch  2000: 0.025
    Train loss after mini-batch  2100: 0.025
    Train loss after mini-batch  2200: 0.025
    Train loss after mini-batch  2300: 0.025
    Train loss after mini-batch  2400: 0.025
    Train loss after mini-batch  2500: 0.025
    Train loss after mini-batch  2600: 0.025
    Train loss after mini-batch  2700: 0.025
    Train loss after mini-batch  2800: 0.025
    Train loss after mini-batch  2900: 0.025
    Train loss after mini-batch  3000: 0.025
    Train loss after mini-batch  3100: 0.025
    Train loss after mini-batch  3200: 0.025
    Train loss after mini-batch  3300: 0.025
    Train loss after mini-batch  3400: 0.025
    Train loss after mini-batch  3500: 0.025
    Train loss after mini-batch  3600: 0.025
    Train loss after mini-batch  3700: 0.025
    Train loss after mini-batch  3800: 0.025
    Train loss after mini-batch  3900: 0.025
    Train loss after mini-batch  4000: 0.025
    Train loss after mini-batch  4100: 0.025
Epoch: 29/50, Train Loss: 0.02453239, Val Loss: 1.23609251

Starting epoch 30/50
    Train loss after mini-batch   100: 0.025
    Train loss after mini-batch   200: 0.025
    Train loss after mini-batch   300: 0.024
    Train loss after mini-batch   400: 0.024
    Train loss after mini-batch   500: 0.024
    Train loss after mini-batch   600: 0.024
    Train loss after mini-batch   700: 0.024
    Train loss after mini-batch   800: 0.024
    Train loss after mini-batch   900: 0.024
    Train loss after mini-batch  1000: 0.024
    Train loss after mini-batch  1100: 0.024
    Train loss after mini-batch  1200: 0.024
    Train loss after mini-batch  1300: 0.024
    Train loss after mini-batch  1400: 0.024
    Train loss after mini-batch  1500: 0.024
    Train loss after mini-batch  1600: 0.023
    Train loss after mini-batch  1700: 0.023
    Train loss after mini-batch  1800: 0.023
    Train loss after mini-batch  1900: 0.023
    Train loss after mini-batch  2000: 0.023
    Train loss after mini-batch  2100: 0.023
    Train loss after mini-batch  2200: 0.023
    Train loss after mini-batch  2300: 0.023
    Train loss after mini-batch  2400: 0.023
    Train loss after mini-batch  2500: 0.023
    Train loss after mini-batch  2600: 0.023
    Train loss after mini-batch  2700: 0.023
    Train loss after mini-batch  2800: 0.023
    Train loss after mini-batch  2900: 0.023
    Train loss after mini-batch  3000: 0.023
    Train loss after mini-batch  3100: 0.023
    Train loss after mini-batch  3200: 0.023
    Train loss after mini-batch  3300: 0.023
    Train loss after mini-batch  3400: 0.023
    Train loss after mini-batch  3500: 0.023
    Train loss after mini-batch  3600: 0.023
    Train loss after mini-batch  3700: 0.023
    Train loss after mini-batch  3800: 0.023
    Train loss after mini-batch  3900: 0.023
    Train loss after mini-batch  4000: 0.023
    Train loss after mini-batch  4100: 0.023
Epoch: 30/50, Train Loss: 0.02324000, Val Loss: 1.23069636
Model models/OwnBaselineCNN/OwnBaselineCNN_joints_low_lr_32_batch_size_normalized/2022-10-06_13-11-00/model_epoch_30.pth saved!

Starting epoch 31/50
    Train loss after mini-batch   100: 0.024
    Train loss after mini-batch   200: 0.023
    Train loss after mini-batch   300: 0.023
    Train loss after mini-batch   400: 0.023
    Train loss after mini-batch   500: 0.023
    Train loss after mini-batch   600: 0.023
    Train loss after mini-batch   700: 0.023
    Train loss after mini-batch   800: 0.023
    Train loss after mini-batch   900: 0.022
    Train loss after mini-batch  1000: 0.022
    Train loss after mini-batch  1100: 0.022
    Train loss after mini-batch  1200: 0.022
    Train loss after mini-batch  1300: 0.022
    Train loss after mini-batch  1400: 0.022
    Train loss after mini-batch  1500: 0.022
    Train loss after mini-batch  1600: 0.022
    Train loss after mini-batch  1700: 0.022
    Train loss after mini-batch  1800: 0.022
    Train loss after mini-batch  1900: 0.023
    Train loss after mini-batch  2000: 0.023
    Train loss after mini-batch  2100: 0.023
    Train loss after mini-batch  2200: 0.023
    Train loss after mini-batch  2300: 0.023
    Train loss after mini-batch  2400: 0.022
    Train loss after mini-batch  2500: 0.022
    Train loss after mini-batch  2600: 0.022
    Train loss after mini-batch  2700: 0.022
    Train loss after mini-batch  2800: 0.022
    Train loss after mini-batch  2900: 0.022
    Train loss after mini-batch  3000: 0.022
    Train loss after mini-batch  3100: 0.022
    Train loss after mini-batch  3200: 0.022
    Train loss after mini-batch  3300: 0.022
    Train loss after mini-batch  3400: 0.022
    Train loss after mini-batch  3500: 0.022
    Train loss after mini-batch  3600: 0.022
    Train loss after mini-batch  3700: 0.022
    Train loss after mini-batch  3800: 0.022
    Train loss after mini-batch  3900: 0.022
    Train loss after mini-batch  4000: 0.022
    Train loss after mini-batch  4100: 0.022
Epoch: 31/50, Train Loss: 0.02238103, Val Loss: 1.23165636

Starting epoch 32/50
    Train loss after mini-batch   100: 0.021
    Train loss after mini-batch   200: 0.022
    Train loss after mini-batch   300: 0.022
    Train loss after mini-batch   400: 0.021
    Train loss after mini-batch   500: 0.021
    Train loss after mini-batch   600: 0.021
    Train loss after mini-batch   700: 0.021
    Train loss after mini-batch   800: 0.022
    Train loss after mini-batch   900: 0.021
    Train loss after mini-batch  1000: 0.021
    Train loss after mini-batch  1100: 0.021
    Train loss after mini-batch  1200: 0.021
    Train loss after mini-batch  1300: 0.021
    Train loss after mini-batch  1400: 0.021
    Train loss after mini-batch  1500: 0.021
    Train loss after mini-batch  1600: 0.021
    Train loss after mini-batch  1700: 0.021
    Train loss after mini-batch  1800: 0.021
    Train loss after mini-batch  1900: 0.021
    Train loss after mini-batch  2000: 0.021
    Train loss after mini-batch  2100: 0.021
    Train loss after mini-batch  2200: 0.021
    Train loss after mini-batch  2300: 0.021
    Train loss after mini-batch  2400: 0.021
    Train loss after mini-batch  2500: 0.021
    Train loss after mini-batch  2600: 0.021
    Train loss after mini-batch  2700: 0.021
    Train loss after mini-batch  2800: 0.021
    Train loss after mini-batch  2900: 0.021
    Train loss after mini-batch  3000: 0.021
    Train loss after mini-batch  3100: 0.021
    Train loss after mini-batch  3200: 0.021
    Train loss after mini-batch  3300: 0.021
    Train loss after mini-batch  3400: 0.021
    Train loss after mini-batch  3500: 0.021
    Train loss after mini-batch  3600: 0.021
    Train loss after mini-batch  3700: 0.021
    Train loss after mini-batch  3800: 0.021
    Train loss after mini-batch  3900: 0.021
    Train loss after mini-batch  4000: 0.021
    Train loss after mini-batch  4100: 0.021
Epoch: 32/50, Train Loss: 0.02098151, Val Loss: 1.22649996

Starting epoch 33/50
    Train loss after mini-batch   100: 0.020
    Train loss after mini-batch   200: 0.020
    Train loss after mini-batch   300: 0.020
    Train loss after mini-batch   400: 0.020
    Train loss after mini-batch   500: 0.020
    Train loss after mini-batch   600: 0.020
    Train loss after mini-batch   700: 0.020
    Train loss after mini-batch   800: 0.020
    Train loss after mini-batch   900: 0.020
    Train loss after mini-batch  1000: 0.020
    Train loss after mini-batch  1100: 0.020
    Train loss after mini-batch  1200: 0.020
    Train loss after mini-batch  1300: 0.020
    Train loss after mini-batch  1400: 0.020
    Train loss after mini-batch  1500: 0.020
    Train loss after mini-batch  1600: 0.020
    Train loss after mini-batch  1700: 0.020
    Train loss after mini-batch  1800: 0.020
    Train loss after mini-batch  1900: 0.020
    Train loss after mini-batch  2000: 0.020
    Train loss after mini-batch  2100: 0.020
    Train loss after mini-batch  2200: 0.020
    Train loss after mini-batch  2300: 0.020
    Train loss after mini-batch  2400: 0.020
    Train loss after mini-batch  2500: 0.020
    Train loss after mini-batch  2600: 0.020
    Train loss after mini-batch  2700: 0.020
    Train loss after mini-batch  2800: 0.020
    Train loss after mini-batch  2900: 0.020
    Train loss after mini-batch  3000: 0.020
    Train loss after mini-batch  3100: 0.020
    Train loss after mini-batch  3200: 0.020
    Train loss after mini-batch  3300: 0.020
    Train loss after mini-batch  3400: 0.020
    Train loss after mini-batch  3500: 0.020
    Train loss after mini-batch  3600: 0.020
    Train loss after mini-batch  3700: 0.020
    Train loss after mini-batch  3800: 0.020
    Train loss after mini-batch  3900: 0.020
    Train loss after mini-batch  4000: 0.020
    Train loss after mini-batch  4100: 0.020
Epoch: 33/50, Train Loss: 0.02008771, Val Loss: 1.22522242

Starting epoch 34/50
    Train loss after mini-batch   100: 0.019
    Train loss after mini-batch   200: 0.019
    Train loss after mini-batch   300: 0.019
    Train loss after mini-batch   400: 0.019
    Train loss after mini-batch   500: 0.019
    Train loss after mini-batch   600: 0.019
    Train loss after mini-batch   700: 0.019
    Train loss after mini-batch   800: 0.019
    Train loss after mini-batch   900: 0.019
    Train loss after mini-batch  1000: 0.019
    Train loss after mini-batch  1100: 0.019
    Train loss after mini-batch  1200: 0.019
    Train loss after mini-batch  1300: 0.019
    Train loss after mini-batch  1400: 0.019
    Train loss after mini-batch  1500: 0.019
    Train loss after mini-batch  1600: 0.019
    Train loss after mini-batch  1700: 0.019
    Train loss after mini-batch  1800: 0.019
    Train loss after mini-batch  1900: 0.019
    Train loss after mini-batch  2000: 0.019
    Train loss after mini-batch  2100: 0.019
    Train loss after mini-batch  2200: 0.019
    Train loss after mini-batch  2300: 0.019
    Train loss after mini-batch  2400: 0.019
    Train loss after mini-batch  2500: 0.019
    Train loss after mini-batch  2600: 0.019
    Train loss after mini-batch  2700: 0.019
    Train loss after mini-batch  2800: 0.019
    Train loss after mini-batch  2900: 0.019
    Train loss after mini-batch  3000: 0.019
    Train loss after mini-batch  3100: 0.019
    Train loss after mini-batch  3200: 0.019
    Train loss after mini-batch  3300: 0.019
    Train loss after mini-batch  3400: 0.019
    Train loss after mini-batch  3500: 0.019
    Train loss after mini-batch  3600: 0.019
    Train loss after mini-batch  3700: 0.019
    Train loss after mini-batch  3800: 0.019
    Train loss after mini-batch  3900: 0.019
    Train loss after mini-batch  4000: 0.019
    Train loss after mini-batch  4100: 0.019
Epoch: 34/50, Train Loss: 0.01919968, Val Loss: 1.23266916

Starting epoch 35/50
    Train loss after mini-batch   100: 0.019
    Train loss after mini-batch   200: 0.019
    Train loss after mini-batch   300: 0.019
    Train loss after mini-batch   400: 0.019
    Train loss after mini-batch   500: 0.019
    Train loss after mini-batch   600: 0.019
    Train loss after mini-batch   700: 0.019
    Train loss after mini-batch   800: 0.019
    Train loss after mini-batch   900: 0.019
    Train loss after mini-batch  1000: 0.019
    Train loss after mini-batch  1100: 0.019
    Train loss after mini-batch  1200: 0.019
    Train loss after mini-batch  1300: 0.019
    Train loss after mini-batch  1400: 0.019
    Train loss after mini-batch  1500: 0.019
    Train loss after mini-batch  1600: 0.019
    Train loss after mini-batch  1700: 0.019
    Train loss after mini-batch  1800: 0.019
    Train loss after mini-batch  1900: 0.019
    Train loss after mini-batch  2000: 0.019
    Train loss after mini-batch  2100: 0.019
    Train loss after mini-batch  2200: 0.019
    Train loss after mini-batch  2300: 0.019
    Train loss after mini-batch  2400: 0.019
    Train loss after mini-batch  2500: 0.019
    Train loss after mini-batch  2600: 0.019
    Train loss after mini-batch  2700: 0.019
    Train loss after mini-batch  2800: 0.019
    Train loss after mini-batch  2900: 0.019
    Train loss after mini-batch  3000: 0.019
    Train loss after mini-batch  3100: 0.019
    Train loss after mini-batch  3200: 0.019
    Train loss after mini-batch  3300: 0.019
    Train loss after mini-batch  3400: 0.019
    Train loss after mini-batch  3500: 0.019
    Train loss after mini-batch  3600: 0.019
    Train loss after mini-batch  3700: 0.019
    Train loss after mini-batch  3800: 0.019
    Train loss after mini-batch  3900: 0.018
    Train loss after mini-batch  4000: 0.018
    Train loss after mini-batch  4100: 0.018
Epoch: 35/50, Train Loss: 0.01843965, Val Loss: 1.22306066
Model models/OwnBaselineCNN/OwnBaselineCNN_joints_low_lr_32_batch_size_normalized/2022-10-06_13-11-00/model_epoch_35.pth saved!

Starting epoch 36/50
    Train loss after mini-batch   100: 0.017
    Train loss after mini-batch   200: 0.017
    Train loss after mini-batch   300: 0.017
    Train loss after mini-batch   400: 0.017
    Train loss after mini-batch   500: 0.017
    Train loss after mini-batch   600: 0.017
    Train loss after mini-batch   700: 0.017
    Train loss after mini-batch   800: 0.017
    Train loss after mini-batch   900: 0.017
    Train loss after mini-batch  1000: 0.017
    Train loss after mini-batch  1100: 0.017
    Train loss after mini-batch  1200: 0.017
    Train loss after mini-batch  1300: 0.017
    Train loss after mini-batch  1400: 0.017
    Train loss after mini-batch  1500: 0.017
    Train loss after mini-batch  1600: 0.017
    Train loss after mini-batch  1700: 0.017
    Train loss after mini-batch  1800: 0.017
    Train loss after mini-batch  1900: 0.017
    Train loss after mini-batch  2000: 0.017
    Train loss after mini-batch  2100: 0.017
    Train loss after mini-batch  2200: 0.017
    Train loss after mini-batch  2300: 0.017
    Train loss after mini-batch  2400: 0.017
    Train loss after mini-batch  2500: 0.017
    Train loss after mini-batch  2600: 0.017
    Train loss after mini-batch  2700: 0.017
    Train loss after mini-batch  2800: 0.017
    Train loss after mini-batch  2900: 0.018
    Train loss after mini-batch  3000: 0.018
    Train loss after mini-batch  3100: 0.018
    Train loss after mini-batch  3200: 0.018
    Train loss after mini-batch  3300: 0.018
    Train loss after mini-batch  3400: 0.018
    Train loss after mini-batch  3500: 0.018
    Train loss after mini-batch  3600: 0.018
    Train loss after mini-batch  3700: 0.018
    Train loss after mini-batch  3800: 0.018
    Train loss after mini-batch  3900: 0.018
    Train loss after mini-batch  4000: 0.018
    Train loss after mini-batch  4100: 0.018
Epoch: 36/50, Train Loss: 0.01763505, Val Loss: 1.22075005

Starting epoch 37/50
    Train loss after mini-batch   100: 0.017
    Train loss after mini-batch   200: 0.017
    Train loss after mini-batch   300: 0.017
    Train loss after mini-batch   400: 0.017
    Train loss after mini-batch   500: 0.017
    Train loss after mini-batch   600: 0.017
    Train loss after mini-batch   700: 0.017
    Train loss after mini-batch   800: 0.017
    Train loss after mini-batch   900: 0.017
    Train loss after mini-batch  1000: 0.017
    Train loss after mini-batch  1100: 0.017
    Train loss after mini-batch  1200: 0.017
    Train loss after mini-batch  1300: 0.017
    Train loss after mini-batch  1400: 0.017
    Train loss after mini-batch  1500: 0.017
    Train loss after mini-batch  1600: 0.017
    Train loss after mini-batch  1700: 0.017
    Train loss after mini-batch  1800: 0.017
    Train loss after mini-batch  1900: 0.017
    Train loss after mini-batch  2000: 0.017
    Train loss after mini-batch  2100: 0.017
    Train loss after mini-batch  2200: 0.017
    Train loss after mini-batch  2300: 0.017
    Train loss after mini-batch  2400: 0.017
    Train loss after mini-batch  2500: 0.017
    Train loss after mini-batch  2600: 0.017
    Train loss after mini-batch  2700: 0.017
    Train loss after mini-batch  2800: 0.017
    Train loss after mini-batch  2900: 0.017
    Train loss after mini-batch  3000: 0.017
    Train loss after mini-batch  3100: 0.017
    Train loss after mini-batch  3200: 0.017
    Train loss after mini-batch  3300: 0.017
    Train loss after mini-batch  3400: 0.017
    Train loss after mini-batch  3500: 0.017
    Train loss after mini-batch  3600: 0.017
    Train loss after mini-batch  3700: 0.017
    Train loss after mini-batch  3800: 0.017
    Train loss after mini-batch  3900: 0.017
    Train loss after mini-batch  4000: 0.017
    Train loss after mini-batch  4100: 0.017
Epoch: 37/50, Train Loss: 0.01713086, Val Loss: 1.22665955

Starting epoch 38/50
    Train loss after mini-batch   100: 0.018
    Train loss after mini-batch   200: 0.018
    Train loss after mini-batch   300: 0.018
    Train loss after mini-batch   400: 0.018
    Train loss after mini-batch   500: 0.017
    Train loss after mini-batch   600: 0.017
    Train loss after mini-batch   700: 0.017
    Train loss after mini-batch   800: 0.017
    Train loss after mini-batch   900: 0.017
    Train loss after mini-batch  1000: 0.017
    Train loss after mini-batch  1100: 0.017
    Train loss after mini-batch  1200: 0.017
    Train loss after mini-batch  1300: 0.017
    Train loss after mini-batch  1400: 0.016
    Train loss after mini-batch  1500: 0.016
    Train loss after mini-batch  1600: 0.016
    Train loss after mini-batch  1700: 0.016
    Train loss after mini-batch  1800: 0.017
    Train loss after mini-batch  1900: 0.017
    Train loss after mini-batch  2000: 0.016
    Train loss after mini-batch  2100: 0.016
    Train loss after mini-batch  2200: 0.016
    Train loss after mini-batch  2300: 0.016
    Train loss after mini-batch  2400: 0.016
    Train loss after mini-batch  2500: 0.016
    Train loss after mini-batch  2600: 0.016
    Train loss after mini-batch  2700: 0.016
    Train loss after mini-batch  2800: 0.016
    Train loss after mini-batch  2900: 0.016
    Train loss after mini-batch  3000: 0.016
    Train loss after mini-batch  3100: 0.016
    Train loss after mini-batch  3200: 0.016
    Train loss after mini-batch  3300: 0.016
    Train loss after mini-batch  3400: 0.016
    Train loss after mini-batch  3500: 0.016
    Train loss after mini-batch  3600: 0.016
    Train loss after mini-batch  3700: 0.016
    Train loss after mini-batch  3800: 0.016
    Train loss after mini-batch  3900: 0.016
    Train loss after mini-batch  4000: 0.016
    Train loss after mini-batch  4100: 0.016
Epoch: 38/50, Train Loss: 0.01619246, Val Loss: 1.22411113

Starting epoch 39/50
    Train loss after mini-batch   100: 0.016
    Train loss after mini-batch   200: 0.016
    Train loss after mini-batch   300: 0.016
    Train loss after mini-batch   400: 0.016
    Train loss after mini-batch   500: 0.016
    Train loss after mini-batch   600: 0.016
    Train loss after mini-batch   700: 0.016
    Train loss after mini-batch   800: 0.016
    Train loss after mini-batch   900: 0.016
    Train loss after mini-batch  1000: 0.016
    Train loss after mini-batch  1100: 0.016
    Train loss after mini-batch  1200: 0.016
    Train loss after mini-batch  1300: 0.016
    Train loss after mini-batch  1400: 0.016
    Train loss after mini-batch  1500: 0.016
    Train loss after mini-batch  1600: 0.016
    Train loss after mini-batch  1700: 0.016
    Train loss after mini-batch  1800: 0.016
    Train loss after mini-batch  1900: 0.016
    Train loss after mini-batch  2000: 0.016
    Train loss after mini-batch  2100: 0.016
    Train loss after mini-batch  2200: 0.016
    Train loss after mini-batch  2300: 0.016
    Train loss after mini-batch  2400: 0.016
    Train loss after mini-batch  2500: 0.016
    Train loss after mini-batch  2600: 0.016
    Train loss after mini-batch  2700: 0.016
    Train loss after mini-batch  2800: 0.016
    Train loss after mini-batch  2900: 0.016
    Train loss after mini-batch  3000: 0.016
    Train loss after mini-batch  3100: 0.016
    Train loss after mini-batch  3200: 0.016
    Train loss after mini-batch  3300: 0.016
    Train loss after mini-batch  3400: 0.016
    Train loss after mini-batch  3500: 0.016
    Train loss after mini-batch  3600: 0.016
    Train loss after mini-batch  3700: 0.016
    Train loss after mini-batch  3800: 0.016
    Train loss after mini-batch  3900: 0.016
    Train loss after mini-batch  4000: 0.016
    Train loss after mini-batch  4100: 0.016
Epoch: 39/50, Train Loss: 0.01566760, Val Loss: 1.21898912

Starting epoch 40/50
    Train loss after mini-batch   100: 0.015
    Train loss after mini-batch   200: 0.016
    Train loss after mini-batch   300: 0.016
    Train loss after mini-batch   400: 0.016
    Train loss after mini-batch   500: 0.016
    Train loss after mini-batch   600: 0.016
    Train loss after mini-batch   700: 0.016
    Train loss after mini-batch   800: 0.016
    Train loss after mini-batch   900: 0.016
    Train loss after mini-batch  1000: 0.016
    Train loss after mini-batch  1100: 0.016
    Train loss after mini-batch  1200: 0.016
    Train loss after mini-batch  1300: 0.016
    Train loss after mini-batch  1400: 0.015
    Train loss after mini-batch  1500: 0.015
    Train loss after mini-batch  1600: 0.015
    Train loss after mini-batch  1700: 0.015
    Train loss after mini-batch  1800: 0.015
    Train loss after mini-batch  1900: 0.015
    Train loss after mini-batch  2000: 0.015
    Train loss after mini-batch  2100: 0.015
    Train loss after mini-batch  2200: 0.015
    Train loss after mini-batch  2300: 0.015
    Train loss after mini-batch  2400: 0.015
    Train loss after mini-batch  2500: 0.015
    Train loss after mini-batch  2600: 0.015
    Train loss after mini-batch  2700: 0.015
    Train loss after mini-batch  2800: 0.015
    Train loss after mini-batch  2900: 0.015
    Train loss after mini-batch  3000: 0.015
    Train loss after mini-batch  3100: 0.015
    Train loss after mini-batch  3200: 0.015
    Train loss after mini-batch  3300: 0.015
    Train loss after mini-batch  3400: 0.015
    Train loss after mini-batch  3500: 0.015
    Train loss after mini-batch  3600: 0.015
    Train loss after mini-batch  3700: 0.015
    Train loss after mini-batch  3800: 0.015
    Train loss after mini-batch  3900: 0.015
    Train loss after mini-batch  4000: 0.015
    Train loss after mini-batch  4100: 0.015
Epoch: 40/50, Train Loss: 0.01522388, Val Loss: 1.21646784
Model models/OwnBaselineCNN/OwnBaselineCNN_joints_low_lr_32_batch_size_normalized/2022-10-06_13-11-00/model_epoch_40.pth saved!

Starting epoch 41/50
    Train loss after mini-batch   100: 0.015
    Train loss after mini-batch   200: 0.016
    Train loss after mini-batch   300: 0.015
    Train loss after mini-batch   400: 0.015
    Train loss after mini-batch   500: 0.015
    Train loss after mini-batch   600: 0.015
    Train loss after mini-batch   700: 0.015
    Train loss after mini-batch   800: 0.015
    Train loss after mini-batch   900: 0.015
    Train loss after mini-batch  1000: 0.015
    Train loss after mini-batch  1100: 0.015
    Train loss after mini-batch  1200: 0.015
    Train loss after mini-batch  1300: 0.015
    Train loss after mini-batch  1400: 0.015
    Train loss after mini-batch  1500: 0.015
    Train loss after mini-batch  1600: 0.015
    Train loss after mini-batch  1700: 0.015
    Train loss after mini-batch  1800: 0.015
    Train loss after mini-batch  1900: 0.015
    Train loss after mini-batch  2000: 0.015
    Train loss after mini-batch  2100: 0.015
    Train loss after mini-batch  2200: 0.015
    Train loss after mini-batch  2300: 0.015
    Train loss after mini-batch  2400: 0.015
    Train loss after mini-batch  2500: 0.015
    Train loss after mini-batch  2600: 0.015
    Train loss after mini-batch  2700: 0.015
    Train loss after mini-batch  2800: 0.015
    Train loss after mini-batch  2900: 0.015
    Train loss after mini-batch  3000: 0.015
    Train loss after mini-batch  3100: 0.015
    Train loss after mini-batch  3200: 0.015
    Train loss after mini-batch  3300: 0.015
    Train loss after mini-batch  3400: 0.015
    Train loss after mini-batch  3500: 0.015
    Train loss after mini-batch  3600: 0.015
    Train loss after mini-batch  3700: 0.015
    Train loss after mini-batch  3800: 0.015
    Train loss after mini-batch  3900: 0.015
    Train loss after mini-batch  4000: 0.015
    Train loss after mini-batch  4100: 0.015
Epoch: 41/50, Train Loss: 0.01475418, Val Loss: 1.22197717

Starting epoch 42/50
    Train loss after mini-batch   100: 0.014
    Train loss after mini-batch   200: 0.014
    Train loss after mini-batch   300: 0.014
    Train loss after mini-batch   400: 0.014
    Train loss after mini-batch   500: 0.014
    Train loss after mini-batch   600: 0.014
    Train loss after mini-batch   700: 0.014
    Train loss after mini-batch   800: 0.014
    Train loss after mini-batch   900: 0.014
    Train loss after mini-batch  1000: 0.014
    Train loss after mini-batch  1100: 0.014
    Train loss after mini-batch  1200: 0.014
    Train loss after mini-batch  1300: 0.014
    Train loss after mini-batch  1400: 0.014
    Train loss after mini-batch  1500: 0.014
    Train loss after mini-batch  1600: 0.014
    Train loss after mini-batch  1700: 0.014
    Train loss after mini-batch  1800: 0.014
    Train loss after mini-batch  1900: 0.014
    Train loss after mini-batch  2000: 0.014
    Train loss after mini-batch  2100: 0.014
    Train loss after mini-batch  2200: 0.014
    Train loss after mini-batch  2300: 0.014
    Train loss after mini-batch  2400: 0.014
    Train loss after mini-batch  2500: 0.014
    Train loss after mini-batch  2600: 0.014
    Train loss after mini-batch  2700: 0.014
    Train loss after mini-batch  2800: 0.014
    Train loss after mini-batch  2900: 0.014
    Train loss after mini-batch  3000: 0.014
    Train loss after mini-batch  3100: 0.014
    Train loss after mini-batch  3200: 0.014
    Train loss after mini-batch  3300: 0.014
    Train loss after mini-batch  3400: 0.014
    Train loss after mini-batch  3500: 0.014
    Train loss after mini-batch  3600: 0.014
    Train loss after mini-batch  3700: 0.014
    Train loss after mini-batch  3800: 0.014
    Train loss after mini-batch  3900: 0.014
    Train loss after mini-batch  4000: 0.014
    Train loss after mini-batch  4100: 0.014
Epoch: 42/50, Train Loss: 0.01392739, Val Loss: 1.21485789

Starting epoch 43/50
    Train loss after mini-batch   100: 0.014
    Train loss after mini-batch   200: 0.014
    Train loss after mini-batch   300: 0.014
    Train loss after mini-batch   400: 0.014
    Train loss after mini-batch   500: 0.014
    Train loss after mini-batch   600: 0.014
    Train loss after mini-batch   700: 0.014
    Train loss after mini-batch   800: 0.014
    Train loss after mini-batch   900: 0.014
    Train loss after mini-batch  1000: 0.014
    Train loss after mini-batch  1100: 0.014
    Train loss after mini-batch  1200: 0.014
    Train loss after mini-batch  1300: 0.014
    Train loss after mini-batch  1400: 0.014
    Train loss after mini-batch  1500: 0.014
    Train loss after mini-batch  1600: 0.014
    Train loss after mini-batch  1700: 0.014
    Train loss after mini-batch  1800: 0.014
    Train loss after mini-batch  1900: 0.014
    Train loss after mini-batch  2000: 0.014
    Train loss after mini-batch  2100: 0.014
    Train loss after mini-batch  2200: 0.014
    Train loss after mini-batch  2300: 0.014
    Train loss after mini-batch  2400: 0.014
    Train loss after mini-batch  2500: 0.014
    Train loss after mini-batch  2600: 0.014
    Train loss after mini-batch  2700: 0.014
    Train loss after mini-batch  2800: 0.014
    Train loss after mini-batch  2900: 0.014
    Train loss after mini-batch  3000: 0.014
    Train loss after mini-batch  3100: 0.014
    Train loss after mini-batch  3200: 0.014
    Train loss after mini-batch  3300: 0.014
    Train loss after mini-batch  3400: 0.014
    Train loss after mini-batch  3500: 0.014
    Train loss after mini-batch  3600: 0.014
    Train loss after mini-batch  3700: 0.014
    Train loss after mini-batch  3800: 0.014
    Train loss after mini-batch  3900: 0.014
    Train loss after mini-batch  4000: 0.014
    Train loss after mini-batch  4100: 0.014
Epoch: 43/50, Train Loss: 0.01377642, Val Loss: 1.22003579

Starting epoch 44/50
    Train loss after mini-batch   100: 0.013
    Train loss after mini-batch   200: 0.014
    Train loss after mini-batch   300: 0.015
    Train loss after mini-batch   400: 0.014
    Train loss after mini-batch   500: 0.014
    Train loss after mini-batch   600: 0.014
    Train loss after mini-batch   700: 0.014
    Train loss after mini-batch   800: 0.014
    Train loss after mini-batch   900: 0.014
    Train loss after mini-batch  1000: 0.014
    Train loss after mini-batch  1100: 0.014
    Train loss after mini-batch  1200: 0.014
    Train loss after mini-batch  1300: 0.014
    Train loss after mini-batch  1400: 0.013
    Train loss after mini-batch  1500: 0.014
    Train loss after mini-batch  1600: 0.014
    Train loss after mini-batch  1700: 0.013
    Train loss after mini-batch  1800: 0.013
    Train loss after mini-batch  1900: 0.013
    Train loss after mini-batch  2000: 0.013
    Train loss after mini-batch  2100: 0.013
    Train loss after mini-batch  2200: 0.013
    Train loss after mini-batch  2300: 0.013
    Train loss after mini-batch  2400: 0.013
    Train loss after mini-batch  2500: 0.013
    Train loss after mini-batch  2600: 0.013
    Train loss after mini-batch  2700: 0.013
    Train loss after mini-batch  2800: 0.013
    Train loss after mini-batch  2900: 0.013
    Train loss after mini-batch  3000: 0.013
    Train loss after mini-batch  3100: 0.013
    Train loss after mini-batch  3200: 0.013
    Train loss after mini-batch  3300: 0.013
    Train loss after mini-batch  3400: 0.013
    Train loss after mini-batch  3500: 0.013
    Train loss after mini-batch  3600: 0.013
    Train loss after mini-batch  3700: 0.013
    Train loss after mini-batch  3800: 0.013
    Train loss after mini-batch  3900: 0.013
    Train loss after mini-batch  4000: 0.013
    Train loss after mini-batch  4100: 0.013
Epoch: 44/50, Train Loss: 0.01324698, Val Loss: 1.21865998

Starting epoch 45/50
    Train loss after mini-batch   100: 0.013
    Train loss after mini-batch   200: 0.015
    Train loss after mini-batch   300: 0.014
    Train loss after mini-batch   400: 0.014
    Train loss after mini-batch   500: 0.014
    Train loss after mini-batch   600: 0.014
    Train loss after mini-batch   700: 0.013
    Train loss after mini-batch   800: 0.013
    Train loss after mini-batch   900: 0.013
    Train loss after mini-batch  1000: 0.013
    Train loss after mini-batch  1100: 0.013
    Train loss after mini-batch  1200: 0.013
    Train loss after mini-batch  1300: 0.013
    Train loss after mini-batch  1400: 0.013
    Train loss after mini-batch  1500: 0.013
    Train loss after mini-batch  1600: 0.013
    Train loss after mini-batch  1700: 0.013
    Train loss after mini-batch  1800: 0.013
    Train loss after mini-batch  1900: 0.013
    Train loss after mini-batch  2000: 0.013
    Train loss after mini-batch  2100: 0.013
    Train loss after mini-batch  2200: 0.013
    Train loss after mini-batch  2300: 0.013
    Train loss after mini-batch  2400: 0.013
    Train loss after mini-batch  2500: 0.013
    Train loss after mini-batch  2600: 0.013
    Train loss after mini-batch  2700: 0.013
    Train loss after mini-batch  2800: 0.013
    Train loss after mini-batch  2900: 0.013
    Train loss after mini-batch  3000: 0.013
    Train loss after mini-batch  3100: 0.013
    Train loss after mini-batch  3200: 0.013
    Train loss after mini-batch  3300: 0.013
    Train loss after mini-batch  3400: 0.013
    Train loss after mini-batch  3500: 0.013
    Train loss after mini-batch  3600: 0.013
    Train loss after mini-batch  3700: 0.013
    Train loss after mini-batch  3800: 0.013
    Train loss after mini-batch  3900: 0.013
    Train loss after mini-batch  4000: 0.013
    Train loss after mini-batch  4100: 0.013
Epoch: 45/50, Train Loss: 0.01296701, Val Loss: 1.21856062
Model models/OwnBaselineCNN/OwnBaselineCNN_joints_low_lr_32_batch_size_normalized/2022-10-06_13-11-00/model_epoch_45.pth saved!

Starting epoch 46/50
    Train loss after mini-batch   100: 0.012
    Train loss after mini-batch   200: 0.012
    Train loss after mini-batch   300: 0.012
    Train loss after mini-batch   400: 0.012
    Train loss after mini-batch   500: 0.012
    Train loss after mini-batch   600: 0.012
    Train loss after mini-batch   700: 0.012
    Train loss after mini-batch   800: 0.012
    Train loss after mini-batch   900: 0.012
    Train loss after mini-batch  1000: 0.012
    Train loss after mini-batch  1100: 0.012
    Train loss after mini-batch  1200: 0.012
    Train loss after mini-batch  1300: 0.012
    Train loss after mini-batch  1400: 0.012
    Train loss after mini-batch  1500: 0.012
    Train loss after mini-batch  1600: 0.012
    Train loss after mini-batch  1700: 0.012
    Train loss after mini-batch  1800: 0.012
    Train loss after mini-batch  1900: 0.012
    Train loss after mini-batch  2000: 0.012
    Train loss after mini-batch  2100: 0.012
    Train loss after mini-batch  2200: 0.012
    Train loss after mini-batch  2300: 0.012
    Train loss after mini-batch  2400: 0.012
    Train loss after mini-batch  2500: 0.012
    Train loss after mini-batch  2600: 0.012
    Train loss after mini-batch  2700: 0.012
    Train loss after mini-batch  2800: 0.012
    Train loss after mini-batch  2900: 0.012
    Train loss after mini-batch  3000: 0.012
    Train loss after mini-batch  3100: 0.012
    Train loss after mini-batch  3200: 0.012
    Train loss after mini-batch  3300: 0.012
    Train loss after mini-batch  3400: 0.012
    Train loss after mini-batch  3500: 0.012
    Train loss after mini-batch  3600: 0.012
    Train loss after mini-batch  3700: 0.012
    Train loss after mini-batch  3800: 0.012
    Train loss after mini-batch  3900: 0.012
    Train loss after mini-batch  4000: 0.012
    Train loss after mini-batch  4100: 0.012
Epoch: 46/50, Train Loss: 0.01227879, Val Loss: 1.20907815

Starting epoch 47/50
    Train loss after mini-batch   100: 0.012
    Train loss after mini-batch   200: 0.012
    Train loss after mini-batch   300: 0.012
    Train loss after mini-batch   400: 0.012
    Train loss after mini-batch   500: 0.012
    Train loss after mini-batch   600: 0.012
    Train loss after mini-batch   700: 0.012
    Train loss after mini-batch   800: 0.013
    Train loss after mini-batch   900: 0.013
    Train loss after mini-batch  1000: 0.013
    Train loss after mini-batch  1100: 0.013
    Train loss after mini-batch  1200: 0.013
    Train loss after mini-batch  1300: 0.013
    Train loss after mini-batch  1400: 0.013
    Train loss after mini-batch  1500: 0.013
    Train loss after mini-batch  1600: 0.013
    Train loss after mini-batch  1700: 0.012
    Train loss after mini-batch  1800: 0.012
    Train loss after mini-batch  1900: 0.012
    Train loss after mini-batch  2000: 0.012
    Train loss after mini-batch  2100: 0.012
    Train loss after mini-batch  2200: 0.012
    Train loss after mini-batch  2300: 0.012
    Train loss after mini-batch  2400: 0.012
    Train loss after mini-batch  2500: 0.012
    Train loss after mini-batch  2600: 0.012
    Train loss after mini-batch  2700: 0.012
    Train loss after mini-batch  2800: 0.012
    Train loss after mini-batch  2900: 0.012
    Train loss after mini-batch  3000: 0.012
    Train loss after mini-batch  3100: 0.012
    Train loss after mini-batch  3200: 0.012
    Train loss after mini-batch  3300: 0.012
    Train loss after mini-batch  3400: 0.012
    Train loss after mini-batch  3500: 0.012
    Train loss after mini-batch  3600: 0.012
    Train loss after mini-batch  3700: 0.012
    Train loss after mini-batch  3800: 0.012
    Train loss after mini-batch  3900: 0.012
    Train loss after mini-batch  4000: 0.012
    Train loss after mini-batch  4100: 0.012
Epoch: 47/50, Train Loss: 0.01200995, Val Loss: 1.21717503

Starting epoch 48/50
    Train loss after mini-batch   100: 0.012
    Train loss after mini-batch   200: 0.012
    Train loss after mini-batch   300: 0.012
    Train loss after mini-batch   400: 0.012
    Train loss after mini-batch   500: 0.012
    Train loss after mini-batch   600: 0.012
    Train loss after mini-batch   700: 0.012
    Train loss after mini-batch   800: 0.012
    Train loss after mini-batch   900: 0.012
    Train loss after mini-batch  1000: 0.012
    Train loss after mini-batch  1100: 0.012
    Train loss after mini-batch  1200: 0.012
    Train loss after mini-batch  1300: 0.012
    Train loss after mini-batch  1400: 0.012
    Train loss after mini-batch  1500: 0.012
    Train loss after mini-batch  1600: 0.012
    Train loss after mini-batch  1700: 0.012
    Train loss after mini-batch  1800: 0.012
    Train loss after mini-batch  1900: 0.012
    Train loss after mini-batch  2000: 0.012
    Train loss after mini-batch  2100: 0.012
    Train loss after mini-batch  2200: 0.012
    Train loss after mini-batch  2300: 0.012
    Train loss after mini-batch  2400: 0.012
    Train loss after mini-batch  2500: 0.012
    Train loss after mini-batch  2600: 0.012
    Train loss after mini-batch  2700: 0.012
    Train loss after mini-batch  2800: 0.012
    Train loss after mini-batch  2900: 0.012
    Train loss after mini-batch  3000: 0.012
    Train loss after mini-batch  3100: 0.012
    Train loss after mini-batch  3200: 0.012
    Train loss after mini-batch  3300: 0.012
    Train loss after mini-batch  3400: 0.012
    Train loss after mini-batch  3500: 0.012
    Train loss after mini-batch  3600: 0.012
    Train loss after mini-batch  3700: 0.012
    Train loss after mini-batch  3800: 0.012
    Train loss after mini-batch  3900: 0.012
    Train loss after mini-batch  4000: 0.012
    Train loss after mini-batch  4100: 0.012
Epoch: 48/50, Train Loss: 0.01165465, Val Loss: 1.21964584

Starting epoch 49/50
    Train loss after mini-batch   100: 0.014
    Train loss after mini-batch   200: 0.014
    Train loss after mini-batch   300: 0.013
    Train loss after mini-batch   400: 0.013
    Train loss after mini-batch   500: 0.013
    Train loss after mini-batch   600: 0.013
    Train loss after mini-batch   700: 0.012
    Train loss after mini-batch   800: 0.013
    Train loss after mini-batch   900: 0.013
    Train loss after mini-batch  1000: 0.012
    Train loss after mini-batch  1100: 0.012
    Train loss after mini-batch  1200: 0.012
    Train loss after mini-batch  1300: 0.012
    Train loss after mini-batch  1400: 0.012
    Train loss after mini-batch  1500: 0.012
    Train loss after mini-batch  1600: 0.012
    Train loss after mini-batch  1700: 0.012
    Train loss after mini-batch  1800: 0.012
    Train loss after mini-batch  1900: 0.012
    Train loss after mini-batch  2000: 0.012
    Train loss after mini-batch  2100: 0.012
    Train loss after mini-batch  2200: 0.012
    Train loss after mini-batch  2300: 0.012
    Train loss after mini-batch  2400: 0.012
    Train loss after mini-batch  2500: 0.012
    Train loss after mini-batch  2600: 0.012
    Train loss after mini-batch  2700: 0.012
    Train loss after mini-batch  2800: 0.012
    Train loss after mini-batch  2900: 0.012
    Train loss after mini-batch  3000: 0.012
    Train loss after mini-batch  3100: 0.012
    Train loss after mini-batch  3200: 0.012
    Train loss after mini-batch  3300: 0.012
    Train loss after mini-batch  3400: 0.012
    Train loss after mini-batch  3500: 0.012
    Train loss after mini-batch  3600: 0.012
    Train loss after mini-batch  3700: 0.012
    Train loss after mini-batch  3800: 0.012
    Train loss after mini-batch  3900: 0.012
    Train loss after mini-batch  4000: 0.012
    Train loss after mini-batch  4100: 0.012
Epoch: 49/50, Train Loss: 0.01155542, Val Loss: 1.21927547

Starting epoch 50/50
    Train loss after mini-batch   100: 0.011
    Train loss after mini-batch   200: 0.011
    Train loss after mini-batch   300: 0.011
    Train loss after mini-batch   400: 0.011
    Train loss after mini-batch   500: 0.011
    Train loss after mini-batch   600: 0.011
    Train loss after mini-batch   700: 0.012
    Train loss after mini-batch   800: 0.011
    Train loss after mini-batch   900: 0.011
    Train loss after mini-batch  1000: 0.011
    Train loss after mini-batch  1100: 0.011
    Train loss after mini-batch  1200: 0.012
    Train loss after mini-batch  1300: 0.011
    Train loss after mini-batch  1400: 0.011
    Train loss after mini-batch  1500: 0.011
    Train loss after mini-batch  1600: 0.011
    Train loss after mini-batch  1700: 0.011
    Train loss after mini-batch  1800: 0.011
    Train loss after mini-batch  1900: 0.011
    Train loss after mini-batch  2000: 0.011
    Train loss after mini-batch  2100: 0.011
    Train loss after mini-batch  2200: 0.011
    Train loss after mini-batch  2300: 0.011
    Train loss after mini-batch  2400: 0.011
    Train loss after mini-batch  2500: 0.011
    Train loss after mini-batch  2600: 0.011
    Train loss after mini-batch  2700: 0.011
    Train loss after mini-batch  2800: 0.011
    Train loss after mini-batch  2900: 0.011
    Train loss after mini-batch  3000: 0.011
    Train loss after mini-batch  3100: 0.011
    Train loss after mini-batch  3200: 0.011
    Train loss after mini-batch  3300: 0.011
    Train loss after mini-batch  3400: 0.011
    Train loss after mini-batch  3500: 0.011
    Train loss after mini-batch  3600: 0.011
    Train loss after mini-batch  3700: 0.011
    Train loss after mini-batch  3800: 0.011
    Train loss after mini-batch  3900: 0.011
    Train loss after mini-batch  4000: 0.011
    Train loss after mini-batch  4100: 0.011
Epoch: 50/50, Train Loss: 0.01095293, Val Loss: 1.21313142
Model models/OwnBaselineCNN/OwnBaselineCNN_joints_low_lr_32_batch_size_normalized/2022-10-06_13-11-00/model_epoch_50.pth saved!
Training process has finished.
Saving model... 
Saved: models/OwnBaselineCNN/OwnBaselineCNN_joints_low_lr_32_batch_size_normalized/2022-10-06_13-11-00/model.pth
